{"/Users/gavinfilmer/Documents/projects/bbm-patterns/src/components/atoms/Burger/Burger.stories.js": {"path":"/Users/gavinfilmer/Documents/projects/bbm-patterns/src/components/atoms/Burger/Burger.stories.js","statementMap":{"0":{"start":{"line":18,"column":22},"end":{"line":38,"column":1}},"1":{"start":{"line":19,"column":2},"end":{"line":37,"column":3}}},"fnMap":{"0":{"name":"(anonymous_0)","decl":{"start":{"line":18,"column":22},"end":{"line":18,"column":23}},"loc":{"start":{"line":18,"column":28},"end":{"line":38,"column":1}},"line":18}},"branchMap":{},"s":{"0":0,"1":0},"f":{"0":0},"b":{},"hash":"2c825555e5a08adbe8e7a8bc23a5df93ad890c79"}
,"/Users/gavinfilmer/Documents/projects/bbm-patterns/src/components/atoms/Burger/MBurger.vue": {"path":"/Users/gavinfilmer/Documents/projects/bbm-patterns/src/components/atoms/Burger/MBurger.vue","statementMap":{"0":{"start":{"line":21,"column":0},"end":{"line":21,"column":null}},"1":{"start":{"line":25,"column":0},"end":{"line":25,"column":null}}},"fnMap":{"0":{"name":"(anonymous_1)","decl":{"start":{"line":20,"column":0},"end":{"line":20,"column":null}},"loc":{"start":{"line":20,"column":0},"end":{"line":22,"column":null}}},"1":{"name":"(anonymous_2)","decl":{"start":{"line":24,"column":0},"end":{"line":24,"column":null}},"loc":{"start":{"line":24,"column":0},"end":{"line":26,"column":null}}}},"branchMap":{},"s":{"0":3,"1":1},"f":{"0":3,"1":1},"b":{}}
,"/Users/gavinfilmer/Documents/projects/bbm-patterns/src/components/atoms/Button/Button.stories.js": {"path":"/Users/gavinfilmer/Documents/projects/bbm-patterns/src/components/atoms/Button/Button.stories.js","statementMap":{"0":{"start":{"line":3,"column":13},"end":{"line":7,"column":1}},"1":{"start":{"line":21,"column":21},"end":{"line":33,"column":2}},"2":{"start":{"line":21,"column":28},"end":{"line":33,"column":1}},"3":{"start":{"line":35,"column":21},"end":{"line":47,"column":2}},"4":{"start":{"line":35,"column":28},"end":{"line":47,"column":1}},"5":{"start":{"line":49,"column":25},"end":{"line":56,"column":2}},"6":{"start":{"line":49,"column":32},"end":{"line":56,"column":1}},"7":{"start":{"line":58,"column":23},"end":{"line":70,"column":2}},"8":{"start":{"line":58,"column":30},"end":{"line":70,"column":1}},"9":{"start":{"line":72,"column":0},"end":{"line":78,"column":1}},"10":{"start":{"line":80,"column":24},"end":{"line":92,"column":2}},"11":{"start":{"line":80,"column":31},"end":{"line":92,"column":1}},"12":{"start":{"line":94,"column":19},"end":{"line":104,"column":2}},"13":{"start":{"line":94,"column":26},"end":{"line":104,"column":1}},"14":{"start":{"line":106,"column":0},"end":{"line":112,"column":1}},"15":{"start":{"line":114,"column":24},"end":{"line":126,"column":2}},"16":{"start":{"line":114,"column":31},"end":{"line":126,"column":1}},"17":{"start":{"line":128,"column":23},"end":{"line":140,"column":2}},"18":{"start":{"line":128,"column":30},"end":{"line":140,"column":1}},"19":{"start":{"line":142,"column":25},"end":{"line":151,"column":1}},"20":{"start":{"line":143,"column":2},"end":{"line":150,"column":3}},"21":{"start":{"line":153,"column":17},"end":{"line":155,"column":1}},"22":{"start":{"line":157,"column":0},"end":{"line":163,"column":1}}},"fnMap":{"0":{"name":"(anonymous_0)","decl":{"start":{"line":21,"column":21},"end":{"line":21,"column":22}},"loc":{"start":{"line":21,"column":28},"end":{"line":33,"column":1}},"line":21},"1":{"name":"(anonymous_1)","decl":{"start":{"line":35,"column":21},"end":{"line":35,"column":22}},"loc":{"start":{"line":35,"column":28},"end":{"line":47,"column":1}},"line":35},"2":{"name":"(anonymous_2)","decl":{"start":{"line":49,"column":25},"end":{"line":49,"column":26}},"loc":{"start":{"line":49,"column":32},"end":{"line":56,"column":1}},"line":49},"3":{"name":"(anonymous_3)","decl":{"start":{"line":58,"column":23},"end":{"line":58,"column":24}},"loc":{"start":{"line":58,"column":30},"end":{"line":70,"column":1}},"line":58},"4":{"name":"(anonymous_4)","decl":{"start":{"line":80,"column":24},"end":{"line":80,"column":25}},"loc":{"start":{"line":80,"column":31},"end":{"line":92,"column":1}},"line":80},"5":{"name":"(anonymous_5)","decl":{"start":{"line":94,"column":19},"end":{"line":94,"column":20}},"loc":{"start":{"line":94,"column":26},"end":{"line":104,"column":1}},"line":94},"6":{"name":"(anonymous_6)","decl":{"start":{"line":114,"column":24},"end":{"line":114,"column":25}},"loc":{"start":{"line":114,"column":31},"end":{"line":126,"column":1}},"line":114},"7":{"name":"(anonymous_7)","decl":{"start":{"line":128,"column":23},"end":{"line":128,"column":24}},"loc":{"start":{"line":128,"column":30},"end":{"line":140,"column":1}},"line":128},"8":{"name":"(anonymous_8)","decl":{"start":{"line":142,"column":25},"end":{"line":142,"column":26}},"loc":{"start":{"line":142,"column":31},"end":{"line":151,"column":1}},"line":142}},"branchMap":{},"s":{"0":0,"1":0,"2":0,"3":0,"4":0,"5":0,"6":0,"7":0,"8":0,"9":0,"10":0,"11":0,"12":0,"13":0,"14":0,"15":0,"16":0,"17":0,"18":0,"19":0,"20":0,"21":0,"22":0},"f":{"0":0,"1":0,"2":0,"3":0,"4":0,"5":0,"6":0,"7":0,"8":0},"b":{},"hash":"5f99611e0aa33b6b7f6bf885c0faecb10d9668d3"}
,"/Users/gavinfilmer/Documents/projects/bbm-patterns/src/components/atoms/Button/ButtonText.stories.js": {"path":"/Users/gavinfilmer/Documents/projects/bbm-patterns/src/components/atoms/Button/ButtonText.stories.js","statementMap":{"0":{"start":{"line":3,"column":13},"end":{"line":9,"column":1}},"1":{"start":{"line":23,"column":21},"end":{"line":39,"column":2}},"2":{"start":{"line":23,"column":28},"end":{"line":39,"column":1}},"3":{"start":{"line":41,"column":0},"end":{"line":47,"column":1}},"4":{"start":{"line":49,"column":21},"end":{"line":79,"column":2}},"5":{"start":{"line":49,"column":28},"end":{"line":79,"column":1}},"6":{"start":{"line":54,"column":4},"end":{"line":62,"column":5}},"7":{"start":{"line":66,"column":6},"end":{"line":66,"column":36}},"8":{"start":{"line":81,"column":0},"end":{"line":88,"column":1}}},"fnMap":{"0":{"name":"(anonymous_0)","decl":{"start":{"line":23,"column":21},"end":{"line":23,"column":22}},"loc":{"start":{"line":23,"column":28},"end":{"line":39,"column":1}},"line":23},"1":{"name":"(anonymous_1)","decl":{"start":{"line":49,"column":21},"end":{"line":49,"column":22}},"loc":{"start":{"line":49,"column":28},"end":{"line":79,"column":1}},"line":49},"2":{"name":"(anonymous_2)","decl":{"start":{"line":53,"column":2},"end":{"line":53,"column":3}},"loc":{"start":{"line":53,"column":9},"end":{"line":63,"column":3}},"line":53},"3":{"name":"(anonymous_3)","decl":{"start":{"line":65,"column":4},"end":{"line":65,"column":5}},"loc":{"start":{"line":65,"column":18},"end":{"line":67,"column":5}},"line":65}},"branchMap":{},"s":{"0":0,"1":0,"2":0,"3":0,"4":0,"5":0,"6":0,"7":0,"8":0},"f":{"0":0,"1":0,"2":0,"3":0},"b":{},"hash":"b601a1927454c48aef70d03504c6cd0f1f85e4ed"}
,"/Users/gavinfilmer/Documents/projects/bbm-patterns/src/components/atoms/Button/MButton.vue": {"path":"/Users/gavinfilmer/Documents/projects/bbm-patterns/src/components/atoms/Button/MButton.vue","statementMap":{"0":{"start":{"line":53,"column":0},"end":{"line":53,"column":null}},"1":{"start":{"line":132,"column":0},"end":{"line":132,"column":null}},"2":{"start":{"line":150,"column":0},"end":{"line":150,"column":null}},"3":{"start":{"line":196,"column":0},"end":{"line":196,"column":null}},"4":{"start":{"line":201,"column":0},"end":{"line":201,"column":null}},"5":{"start":{"line":203,"column":0},"end":{"line":205,"column":null}},"6":{"start":{"line":204,"column":0},"end":{"line":204,"column":null}},"7":{"start":{"line":207,"column":0},"end":{"line":207,"column":null}},"8":{"start":{"line":210,"column":0},"end":{"line":212,"column":null}},"9":{"start":{"line":211,"column":0},"end":{"line":211,"column":null}},"10":{"start":{"line":214,"column":0},"end":{"line":214,"column":null}},"11":{"start":{"line":217,"column":0},"end":{"line":221,"column":null}},"12":{"start":{"line":218,"column":0},"end":{"line":218,"column":null}},"13":{"start":{"line":223,"column":0},"end":{"line":228,"column":null}},"14":{"start":{"line":227,"column":0},"end":{"line":227,"column":null}},"15":{"start":{"line":230,"column":0},"end":{"line":232,"column":null}},"16":{"start":{"line":231,"column":0},"end":{"line":231,"column":null}},"17":{"start":{"line":234,"column":0},"end":{"line":236,"column":null}},"18":{"start":{"line":235,"column":0},"end":{"line":235,"column":null}},"19":{"start":{"line":238,"column":0},"end":{"line":240,"column":null}},"20":{"start":{"line":239,"column":0},"end":{"line":239,"column":null}},"21":{"start":{"line":242,"column":0},"end":{"line":244,"column":null}},"22":{"start":{"line":243,"column":0},"end":{"line":243,"column":null}},"23":{"start":{"line":246,"column":0},"end":{"line":246,"column":null}},"24":{"start":{"line":250,"column":0},"end":{"line":254,"column":null}},"25":{"start":{"line":251,"column":0},"end":{"line":251,"column":null}},"26":{"start":{"line":255,"column":0},"end":{"line":259,"column":null}},"27":{"start":{"line":256,"column":0},"end":{"line":256,"column":null}},"28":{"start":{"line":260,"column":0},"end":{"line":264,"column":null}},"29":{"start":{"line":261,"column":0},"end":{"line":261,"column":null}}},"fnMap":{"0":{"name":"(anonymous_2)","decl":{"start":{"line":132,"column":0},"end":{"line":132,"column":null}},"loc":{"start":{"line":132,"column":0},"end":{"line":132,"column":null}}},"1":{"name":"(anonymous_3)","decl":{"start":{"line":150,"column":0},"end":{"line":150,"column":null}},"loc":{"start":{"line":150,"column":0},"end":{"line":150,"column":null}}},"2":{"name":"(anonymous_4)","decl":{"start":{"line":196,"column":0},"end":{"line":196,"column":null}},"loc":{"start":{"line":196,"column":0},"end":{"line":196,"column":null}}},"3":{"name":"(anonymous_5)","decl":{"start":{"line":200,"column":0},"end":{"line":200,"column":null}},"loc":{"start":{"line":200,"column":0},"end":{"line":208,"column":null}}},"4":{"name":"(anonymous_6)","decl":{"start":{"line":209,"column":0},"end":{"line":209,"column":null}},"loc":{"start":{"line":209,"column":0},"end":{"line":215,"column":null}}},"5":{"name":"(anonymous_7)","decl":{"start":{"line":216,"column":0},"end":{"line":216,"column":null}},"loc":{"start":{"line":216,"column":0},"end":{"line":247,"column":null}}},"6":{"name":"(anonymous_8)","decl":{"start":{"line":249,"column":0},"end":{"line":249,"column":null}},"loc":{"start":{"line":249,"column":0},"end":{"line":265,"column":null}}}},"branchMap":{"0":{"loc":{"start":{"line":203,"column":0},"end":{"line":205,"column":null}},"type":"if","locations":[{"start":{"line":203,"column":0},"end":{"line":205,"column":null}},{"start":{"line":203,"column":0},"end":{"line":205,"column":null}}]},"1":{"loc":{"start":{"line":203,"column":0},"end":{"line":203,"column":null}},"type":"binary-expr","locations":[{"start":{"line":203,"column":0},"end":{"line":203,"column":null}},{"start":{"line":203,"column":0},"end":{"line":203,"column":null}}]},"2":{"loc":{"start":{"line":210,"column":0},"end":{"line":212,"column":null}},"type":"if","locations":[{"start":{"line":210,"column":0},"end":{"line":212,"column":null}},{"start":{"line":210,"column":0},"end":{"line":212,"column":null}}]},"3":{"loc":{"start":{"line":217,"column":0},"end":{"line":221,"column":null}},"type":"if","locations":[{"start":{"line":217,"column":0},"end":{"line":221,"column":null}},{"start":{"line":217,"column":0},"end":{"line":221,"column":null}}]},"4":{"loc":{"start":{"line":217,"column":0},"end":{"line":217,"column":null}},"type":"binary-expr","locations":[{"start":{"line":217,"column":0},"end":{"line":217,"column":null}},{"start":{"line":217,"column":0},"end":{"line":217,"column":null}}]},"5":{"loc":{"start":{"line":218,"column":0},"end":{"line":218,"column":null}},"type":"cond-expr","locations":[{"start":{"line":218,"column":0},"end":{"line":218,"column":null}},{"start":{"line":218,"column":0},"end":{"line":218,"column":null}}]},"6":{"loc":{"start":{"line":223,"column":0},"end":{"line":228,"column":null}},"type":"if","locations":[{"start":{"line":223,"column":0},"end":{"line":228,"column":null}},{"start":{"line":223,"column":0},"end":{"line":228,"column":null}}]},"7":{"loc":{"start":{"line":223,"column":0},"end":{"line":223,"column":null}},"type":"binary-expr","locations":[{"start":{"line":223,"column":0},"end":{"line":223,"column":null}},{"start":{"line":223,"column":0},"end":{"line":223,"column":null}}]},"8":{"loc":{"start":{"line":230,"column":0},"end":{"line":232,"column":null}},"type":"if","locations":[{"start":{"line":230,"column":0},"end":{"line":232,"column":null}},{"start":{"line":230,"column":0},"end":{"line":232,"column":null}}]},"9":{"loc":{"start":{"line":234,"column":0},"end":{"line":236,"column":null}},"type":"if","locations":[{"start":{"line":234,"column":0},"end":{"line":236,"column":null}},{"start":{"line":234,"column":0},"end":{"line":236,"column":null}}]},"10":{"loc":{"start":{"line":238,"column":0},"end":{"line":240,"column":null}},"type":"if","locations":[{"start":{"line":238,"column":0},"end":{"line":240,"column":null}},{"start":{"line":238,"column":0},"end":{"line":240,"column":null}}]},"11":{"loc":{"start":{"line":242,"column":0},"end":{"line":244,"column":null}},"type":"if","locations":[{"start":{"line":242,"column":0},"end":{"line":244,"column":null}},{"start":{"line":242,"column":0},"end":{"line":244,"column":null}}]},"12":{"loc":{"start":{"line":243,"column":0},"end":{"line":243,"column":null}},"type":"cond-expr","locations":[{"start":{"line":243,"column":0},"end":{"line":243,"column":null}},{"start":{"line":243,"column":0},"end":{"line":243,"column":null}}]},"13":{"loc":{"start":{"line":250,"column":0},"end":{"line":254,"column":null}},"type":"if","locations":[{"start":{"line":250,"column":0},"end":{"line":254,"column":null}},{"start":{"line":250,"column":0},"end":{"line":254,"column":null}}]},"14":{"loc":{"start":{"line":255,"column":0},"end":{"line":259,"column":null}},"type":"if","locations":[{"start":{"line":255,"column":0},"end":{"line":259,"column":null}},{"start":{"line":255,"column":0},"end":{"line":259,"column":null}}]},"15":{"loc":{"start":{"line":260,"column":0},"end":{"line":264,"column":null}},"type":"if","locations":[{"start":{"line":260,"column":0},"end":{"line":264,"column":null}},{"start":{"line":260,"column":0},"end":{"line":264,"column":null}}]}},"s":{"0":12,"1":20,"2":19,"3":7,"4":43,"5":43,"6":4,"7":43,"8":43,"9":1,"10":42,"11":43,"12":2,"13":41,"14":9,"15":32,"16":1,"17":31,"18":0,"19":31,"20":3,"21":28,"22":0,"23":28,"24":43,"25":0,"26":43,"27":0,"28":43,"29":0},"f":{"0":20,"1":19,"2":7,"3":43,"4":43,"5":43,"6":43},"b":{"0":[4,39],"1":[43,41],"2":[1,42],"3":[2,41],"4":[43,42],"5":[2,3],"6":[9,32],"7":[41,40],"8":[1,31],"9":[0,31],"10":[3,28],"11":[0,28],"12":[0,0],"13":[0,43],"14":[0,43],"15":[0,43]}}
,"/Users/gavinfilmer/Documents/projects/bbm-patterns/src/components/atoms/ButtonHelp/ButtonHelp.stories.js": {"path":"/Users/gavinfilmer/Documents/projects/bbm-patterns/src/components/atoms/ButtonHelp/ButtonHelp.stories.js","statementMap":{"0":{"start":{"line":8,"column":26},"end":{"line":20,"column":1}},"1":{"start":{"line":9,"column":2},"end":{"line":19,"column":3}}},"fnMap":{"0":{"name":"(anonymous_0)","decl":{"start":{"line":8,"column":26},"end":{"line":8,"column":27}},"loc":{"start":{"line":8,"column":32},"end":{"line":20,"column":1}},"line":8}},"branchMap":{},"s":{"0":0,"1":0},"f":{"0":0},"b":{},"hash":"00b04f8928e1069ec3966cbceb58d4409f1d91a0"}
,"/Users/gavinfilmer/Documents/projects/bbm-patterns/src/components/atoms/ButtonHelp/MButtonHelp.vue": {"path":"/Users/gavinfilmer/Documents/projects/bbm-patterns/src/components/atoms/ButtonHelp/MButtonHelp.vue","statementMap":{"0":{"start":{"line":13,"column":0},"end":{"line":13,"column":null}}},"fnMap":{},"branchMap":{},"s":{"0":4},"f":{},"b":{}}
,"/Users/gavinfilmer/Documents/projects/bbm-patterns/src/components/atoms/CarouselTimerButton/CarouselTimerButton.stories.js": {"path":"/Users/gavinfilmer/Documents/projects/bbm-patterns/src/components/atoms/CarouselTimerButton/CarouselTimerButton.stories.js","statementMap":{"0":{"start":{"line":4,"column":20},"end":{"line":41,"column":1}},"1":{"start":{"line":43,"column":13},"end":{"line":58,"column":1}},"2":{"start":{"line":72,"column":35},"end":{"line":113,"column":1}},"3":{"start":{"line":73,"column":2},"end":{"line":112,"column":3}},"4":{"start":{"line":111,"column":17},"end":{"line":111,"column":32}}},"fnMap":{"0":{"name":"(anonymous_0)","decl":{"start":{"line":72,"column":35},"end":{"line":72,"column":36}},"loc":{"start":{"line":72,"column":41},"end":{"line":113,"column":1}},"line":72},"1":{"name":"(anonymous_1)","decl":{"start":{"line":111,"column":10},"end":{"line":111,"column":11}},"loc":{"start":{"line":111,"column":17},"end":{"line":111,"column":32}},"line":111}},"branchMap":{},"s":{"0":0,"1":0,"2":0,"3":0,"4":0},"f":{"0":0,"1":0},"b":{},"hash":"25f463a475611bb07359e2ba7674492b2ce8d1e3"}
,"/Users/gavinfilmer/Documents/projects/bbm-patterns/src/components/atoms/CarouselTimerButton/MCarouselTimerButton.vue": {"path":"/Users/gavinfilmer/Documents/projects/bbm-patterns/src/components/atoms/CarouselTimerButton/MCarouselTimerButton.vue","statementMap":{"0":{"start":{"line":54,"column":0},"end":{"line":54,"column":null}},"1":{"start":{"line":58,"column":0},"end":{"line":58,"column":null}},"2":{"start":{"line":59,"column":0},"end":{"line":59,"column":null}},"3":{"start":{"line":61,"column":0},"end":{"line":61,"column":null}},"4":{"start":{"line":68,"column":0},"end":{"line":68,"column":null}},"5":{"start":{"line":71,"column":0},"end":{"line":71,"column":null}},"6":{"start":{"line":74,"column":0},"end":{"line":74,"column":null}},"7":{"start":{"line":77,"column":0},"end":{"line":77,"column":null}},"8":{"start":{"line":82,"column":0},"end":{"line":82,"column":null}}},"fnMap":{"0":{"name":"(anonymous_1)","decl":{"start":{"line":54,"column":0},"end":{"line":54,"column":null}},"loc":{"start":{"line":54,"column":0},"end":{"line":54,"column":null}}},"1":{"name":"(anonymous_2)","decl":{"start":{"line":57,"column":0},"end":{"line":57,"column":null}},"loc":{"start":{"line":57,"column":0},"end":{"line":65,"column":null}}},"2":{"name":"(anonymous_3)","decl":{"start":{"line":67,"column":0},"end":{"line":67,"column":null}},"loc":{"start":{"line":67,"column":0},"end":{"line":69,"column":null}}},"3":{"name":"(anonymous_4)","decl":{"start":{"line":70,"column":0},"end":{"line":70,"column":null}},"loc":{"start":{"line":70,"column":0},"end":{"line":72,"column":null}}},"4":{"name":"(anonymous_5)","decl":{"start":{"line":73,"column":0},"end":{"line":73,"column":null}},"loc":{"start":{"line":73,"column":0},"end":{"line":75,"column":null}}},"5":{"name":"(anonymous_6)","decl":{"start":{"line":76,"column":0},"end":{"line":76,"column":null}},"loc":{"start":{"line":76,"column":0},"end":{"line":78,"column":null}}},"6":{"name":"(anonymous_7)","decl":{"start":{"line":81,"column":0},"end":{"line":81,"column":null}},"loc":{"start":{"line":81,"column":0},"end":{"line":83,"column":null}}}},"branchMap":{"0":{"loc":{"start":{"line":74,"column":0},"end":{"line":74,"column":null}},"type":"cond-expr","locations":[{"start":{"line":74,"column":0},"end":{"line":74,"column":null}},{"start":{"line":74,"column":0},"end":{"line":74,"column":null}}]},"1":{"loc":{"start":{"line":77,"column":0},"end":{"line":77,"column":null}},"type":"cond-expr","locations":[{"start":{"line":77,"column":0},"end":{"line":77,"column":null}},{"start":{"line":77,"column":0},"end":{"line":77,"column":null}}]}},"s":{"0":0,"1":0,"2":0,"3":0,"4":0,"5":0,"6":0,"7":0,"8":0},"f":{"0":0,"1":0,"2":0,"3":0,"4":0,"5":0,"6":0},"b":{"0":[0,0],"1":[0,0]}}
,"/Users/gavinfilmer/Documents/projects/bbm-patterns/src/components/atoms/CheckboxGroup/CheckboxGroup.stories.js": {"path":"/Users/gavinfilmer/Documents/projects/bbm-patterns/src/components/atoms/CheckboxGroup/CheckboxGroup.stories.js","statementMap":{"0":{"start":{"line":3,"column":13},"end":{"line":14,"column":1}},"1":{"start":{"line":28,"column":29},"end":{"line":48,"column":1}},"2":{"start":{"line":29,"column":2},"end":{"line":47,"column":3}},"3":{"start":{"line":31,"column":17},"end":{"line":35,"column":5}}},"fnMap":{"0":{"name":"(anonymous_0)","decl":{"start":{"line":28,"column":29},"end":{"line":28,"column":30}},"loc":{"start":{"line":28,"column":35},"end":{"line":48,"column":1}},"line":28},"1":{"name":"(anonymous_1)","decl":{"start":{"line":31,"column":10},"end":{"line":31,"column":11}},"loc":{"start":{"line":31,"column":17},"end":{"line":35,"column":5}},"line":31}},"branchMap":{},"s":{"0":0,"1":0,"2":0,"3":0},"f":{"0":0,"1":0},"b":{},"hash":"2683b7c5745b00eca0e2b61683dfdd6b2b0f9c86"}
,"/Users/gavinfilmer/Documents/projects/bbm-patterns/src/components/atoms/CheckboxGroup/MCheckboxGroup.vue": {"path":"/Users/gavinfilmer/Documents/projects/bbm-patterns/src/components/atoms/CheckboxGroup/MCheckboxGroup.vue","statementMap":{"0":{"start":{"line":23,"column":0},"end":{"line":23,"column":null}},"1":{"start":{"line":36,"column":0},"end":{"line":36,"column":null}},"2":{"start":{"line":43,"column":0},"end":{"line":43,"column":null}},"3":{"start":{"line":50,"column":0},"end":{"line":50,"column":null}},"4":{"start":{"line":63,"column":0},"end":{"line":63,"column":null}},"5":{"start":{"line":66,"column":0},"end":{"line":66,"column":null}}},"fnMap":{"0":{"name":"(anonymous_2)","decl":{"start":{"line":36,"column":0},"end":{"line":36,"column":null}},"loc":{"start":{"line":36,"column":0},"end":{"line":36,"column":null}}},"1":{"name":"(anonymous_3)","decl":{"start":{"line":43,"column":0},"end":{"line":43,"column":null}},"loc":{"start":{"line":43,"column":0},"end":{"line":43,"column":null}}},"2":{"name":"(anonymous_4)","decl":{"start":{"line":50,"column":0},"end":{"line":50,"column":null}},"loc":{"start":{"line":50,"column":0},"end":{"line":50,"column":null}}},"3":{"name":"(anonymous_5)","decl":{"start":{"line":62,"column":0},"end":{"line":62,"column":null}},"loc":{"start":{"line":62,"column":0},"end":{"line":64,"column":null}}},"4":{"name":"(anonymous_6)","decl":{"start":{"line":65,"column":0},"end":{"line":65,"column":null}},"loc":{"start":{"line":65,"column":0},"end":{"line":67,"column":null}}}},"branchMap":{},"s":{"0":1,"1":4,"2":0,"3":3,"4":7,"5":2},"f":{"0":4,"1":0,"2":3,"3":7,"4":2},"b":{}}
,"/Users/gavinfilmer/Documents/projects/bbm-patterns/src/components/atoms/CheckboxInput/CheckboxInput.stories.js": {"path":"/Users/gavinfilmer/Documents/projects/bbm-patterns/src/components/atoms/CheckboxInput/CheckboxInput.stories.js","statementMap":{"0":{"start":{"line":8,"column":20},"end":{"line":34,"column":2}},"1":{"start":{"line":8,"column":27},"end":{"line":34,"column":1}},"2":{"start":{"line":11,"column":4},"end":{"line":14,"column":5}}},"fnMap":{"0":{"name":"(anonymous_0)","decl":{"start":{"line":8,"column":20},"end":{"line":8,"column":21}},"loc":{"start":{"line":8,"column":27},"end":{"line":34,"column":1}},"line":8},"1":{"name":"(anonymous_1)","decl":{"start":{"line":10,"column":2},"end":{"line":10,"column":3}},"loc":{"start":{"line":10,"column":9},"end":{"line":15,"column":3}},"line":10}},"branchMap":{},"s":{"0":0,"1":0,"2":0},"f":{"0":0,"1":0},"b":{},"hash":"2c5715188eda085d0754d1ee648ba7bf551bd945"}
,"/Users/gavinfilmer/Documents/projects/bbm-patterns/src/components/atoms/CheckboxInput/MCheckboxInput.vue": {"path":"/Users/gavinfilmer/Documents/projects/bbm-patterns/src/components/atoms/CheckboxInput/MCheckboxInput.vue","statementMap":{"0":{"start":{"line":30,"column":0},"end":{"line":30,"column":null}},"1":{"start":{"line":61,"column":0},"end":{"line":61,"column":null}},"2":{"start":{"line":64,"column":0},"end":{"line":64,"column":null}},"3":{"start":{"line":70,"column":0},"end":{"line":70,"column":null}}},"fnMap":{"0":{"name":"(anonymous_2)","decl":{"start":{"line":60,"column":0},"end":{"line":60,"column":null}},"loc":{"start":{"line":60,"column":0},"end":{"line":62,"column":null}}},"1":{"name":"(anonymous_3)","decl":{"start":{"line":63,"column":0},"end":{"line":63,"column":null}},"loc":{"start":{"line":63,"column":0},"end":{"line":65,"column":null}}},"2":{"name":"(anonymous_4)","decl":{"start":{"line":67,"column":0},"end":{"line":67,"column":null}},"loc":{"start":{"line":67,"column":0},"end":{"line":75,"column":null}}}},"branchMap":{"0":{"loc":{"start":{"line":70,"column":0},"end":{"line":70,"column":null}},"type":"binary-expr","locations":[{"start":{"line":70,"column":0},"end":{"line":70,"column":null}},{"start":{"line":70,"column":0},"end":{"line":70,"column":null}},{"start":{"line":70,"column":0},"end":{"line":70,"column":null}}]}},"s":{"0":1,"1":14,"2":2,"3":14},"f":{"0":14,"1":2,"2":14},"b":{"0":[14,14,10]}}
,"/Users/gavinfilmer/Documents/projects/bbm-patterns/src/components/atoms/CloseButton/CloseButton.stories.js": {"path":"/Users/gavinfilmer/Documents/projects/bbm-patterns/src/components/atoms/CloseButton/CloseButton.stories.js","statementMap":{"0":{"start":{"line":16,"column":27},"end":{"line":36,"column":1}},"1":{"start":{"line":17,"column":2},"end":{"line":35,"column":3}}},"fnMap":{"0":{"name":"(anonymous_0)","decl":{"start":{"line":16,"column":27},"end":{"line":16,"column":28}},"loc":{"start":{"line":16,"column":33},"end":{"line":36,"column":1}},"line":16}},"branchMap":{},"s":{"0":0,"1":0},"f":{"0":0},"b":{},"hash":"d4201750efdcc5c99ea6e132f83440f5cd59d1b7"}
,"/Users/gavinfilmer/Documents/projects/bbm-patterns/src/components/atoms/CloseButton/MCloseButton.vue": {"path":"/Users/gavinfilmer/Documents/projects/bbm-patterns/src/components/atoms/CloseButton/MCloseButton.vue","statementMap":{"0":{"start":{"line":10,"column":0},"end":{"line":10,"column":null}},"1":{"start":{"line":22,"column":0},"end":{"line":22,"column":null}},"2":{"start":{"line":26,"column":0},"end":{"line":26,"column":null}}},"fnMap":{"0":{"name":"(anonymous_2)","decl":{"start":{"line":21,"column":0},"end":{"line":21,"column":null}},"loc":{"start":{"line":21,"column":0},"end":{"line":23,"column":null}}},"1":{"name":"(anonymous_3)","decl":{"start":{"line":25,"column":0},"end":{"line":25,"column":null}},"loc":{"start":{"line":25,"column":0},"end":{"line":27,"column":null}}}},"branchMap":{},"s":{"0":2,"1":0,"2":0},"f":{"0":0,"1":0},"b":{}}
,"/Users/gavinfilmer/Documents/projects/bbm-patterns/src/components/atoms/FieldAutocomplete/FieldAutocomplete.stories.js": {"path":"/Users/gavinfilmer/Documents/projects/bbm-patterns/src/components/atoms/FieldAutocomplete/FieldAutocomplete.stories.js","statementMap":{"0":{"start":{"line":15,"column":33},"end":{"line":58,"column":1}},"1":{"start":{"line":16,"column":2},"end":{"line":57,"column":3}},"2":{"start":{"line":19,"column":6},"end":{"line":21,"column":7}},"3":{"start":{"line":25,"column":22},"end":{"line":25,"column":54}},"4":{"start":{"line":26,"column":22},"end":{"line":37,"column":9}},"5":{"start":{"line":38,"column":8},"end":{"line":40,"column":14}},"6":{"start":{"line":39,"column":33},"end":{"line":39,"column":73}},"7":{"start":{"line":45,"column":8},"end":{"line":45,"column":29}},"8":{"start":{"line":46,"column":8},"end":{"line":46,"column":31}},"9":{"start":{"line":60,"column":23},"end":{"line":84,"column":1}},"10":{"start":{"line":61,"column":2},"end":{"line":83,"column":3}},"11":{"start":{"line":64,"column":6},"end":{"line":66,"column":7}},"12":{"start":{"line":70,"column":8},"end":{"line":70,"column":29}},"13":{"start":{"line":71,"column":8},"end":{"line":71,"column":31}}},"fnMap":{"0":{"name":"(anonymous_0)","decl":{"start":{"line":15,"column":33},"end":{"line":15,"column":34}},"loc":{"start":{"line":15,"column":39},"end":{"line":58,"column":1}},"line":15},"1":{"name":"(anonymous_1)","decl":{"start":{"line":18,"column":4},"end":{"line":18,"column":5}},"loc":{"start":{"line":18,"column":11},"end":{"line":22,"column":5}},"line":18},"2":{"name":"(anonymous_2)","decl":{"start":{"line":24,"column":6},"end":{"line":24,"column":7}},"loc":{"start":{"line":24,"column":14},"end":{"line":41,"column":7}},"line":24},"3":{"name":"(anonymous_3)","decl":{"start":{"line":39,"column":25},"end":{"line":39,"column":26}},"loc":{"start":{"line":39,"column":33},"end":{"line":39,"column":73}},"line":39},"4":{"name":"(anonymous_4)","decl":{"start":{"line":44,"column":6},"end":{"line":44,"column":7}},"loc":{"start":{"line":44,"column":25},"end":{"line":47,"column":7}},"line":44},"5":{"name":"(anonymous_5)","decl":{"start":{"line":60,"column":23},"end":{"line":60,"column":24}},"loc":{"start":{"line":60,"column":29},"end":{"line":84,"column":1}},"line":60},"6":{"name":"(anonymous_6)","decl":{"start":{"line":63,"column":4},"end":{"line":63,"column":5}},"loc":{"start":{"line":63,"column":11},"end":{"line":67,"column":5}},"line":63},"7":{"name":"(anonymous_7)","decl":{"start":{"line":69,"column":6},"end":{"line":69,"column":7}},"loc":{"start":{"line":69,"column":25},"end":{"line":72,"column":7}},"line":69}},"branchMap":{"0":{"loc":{"start":{"line":25,"column":23},"end":{"line":25,"column":39}},"type":"binary-expr","locations":[{"start":{"line":25,"column":23},"end":{"line":25,"column":33}},{"start":{"line":25,"column":37},"end":{"line":25,"column":39}}],"line":25},"1":{"loc":{"start":{"line":38,"column":15},"end":{"line":40,"column":14}},"type":"cond-expr","locations":[{"start":{"line":39,"column":12},"end":{"line":39,"column":74}},{"start":{"line":40,"column":12},"end":{"line":40,"column":14}}],"line":38},"2":{"loc":{"start":{"line":38,"column":15},"end":{"line":38,"column":56}},"type":"binary-expr","locations":[{"start":{"line":38,"column":15},"end":{"line":38,"column":20}},{"start":{"line":38,"column":24},"end":{"line":38,"column":36}},{"start":{"line":38,"column":40},"end":{"line":38,"column":56}}],"line":38}},"s":{"0":0,"1":0,"2":0,"3":0,"4":0,"5":0,"6":0,"7":0,"8":0,"9":0,"10":0,"11":0,"12":0,"13":0},"f":{"0":0,"1":0,"2":0,"3":0,"4":0,"5":0,"6":0,"7":0},"b":{"0":[0,0],"1":[0,0],"2":[0,0,0]},"hash":"a5cf0852fef400d2403e479fc7f9c35fb7df38f7"}
,"/Users/gavinfilmer/Documents/projects/bbm-patterns/src/components/atoms/FieldAutocomplete/MFieldAutocomplete.vue": {"path":"/Users/gavinfilmer/Documents/projects/bbm-patterns/src/components/atoms/FieldAutocomplete/MFieldAutocomplete.vue","statementMap":{"0":{"start":{"line":44,"column":0},"end":{"line":44,"column":null}},"1":{"start":{"line":63,"column":0},"end":{"line":63,"column":null}},"2":{"start":{"line":69,"column":0},"end":{"line":69,"column":null}},"3":{"start":{"line":70,"column":0},"end":{"line":70,"column":null}},"4":{"start":{"line":73,"column":0},"end":{"line":73,"column":null}},"5":{"start":{"line":74,"column":0},"end":{"line":74,"column":null}}},"fnMap":{"0":{"name":"(anonymous_1)","decl":{"start":{"line":44,"column":0},"end":{"line":44,"column":null}},"loc":{"start":{"line":44,"column":0},"end":{"line":44,"column":null}}},"1":{"name":"(anonymous_2)","decl":{"start":{"line":62,"column":0},"end":{"line":62,"column":null}},"loc":{"start":{"line":62,"column":0},"end":{"line":66,"column":null}}},"2":{"name":"(anonymous_3)","decl":{"start":{"line":68,"column":0},"end":{"line":68,"column":null}},"loc":{"start":{"line":68,"column":0},"end":{"line":71,"column":null}}},"3":{"name":"(anonymous_4)","decl":{"start":{"line":72,"column":0},"end":{"line":72,"column":null}},"loc":{"start":{"line":72,"column":0},"end":{"line":75,"column":null}}}},"branchMap":{},"s":{"0":0,"1":4,"2":3,"3":3,"4":1,"5":1},"f":{"0":0,"1":4,"2":3,"3":1},"b":{}}
,"/Users/gavinfilmer/Documents/projects/bbm-patterns/src/components/atoms/FieldCurrency/FieldCurrency.stories.js": {"path":"/Users/gavinfilmer/Documents/projects/bbm-patterns/src/components/atoms/FieldCurrency/FieldCurrency.stories.js","statementMap":{"0":{"start":{"line":15,"column":24},"end":{"line":25,"column":1}},"1":{"start":{"line":16,"column":2},"end":{"line":24,"column":3}},"2":{"start":{"line":19,"column":6},"end":{"line":19,"column":26}},"3":{"start":{"line":27,"column":24},"end":{"line":34,"column":1}},"4":{"start":{"line":28,"column":2},"end":{"line":33,"column":3}}},"fnMap":{"0":{"name":"(anonymous_0)","decl":{"start":{"line":15,"column":24},"end":{"line":15,"column":25}},"loc":{"start":{"line":15,"column":30},"end":{"line":25,"column":1}},"line":15},"1":{"name":"(anonymous_1)","decl":{"start":{"line":18,"column":4},"end":{"line":18,"column":5}},"loc":{"start":{"line":18,"column":11},"end":{"line":20,"column":5}},"line":18},"2":{"name":"(anonymous_2)","decl":{"start":{"line":27,"column":24},"end":{"line":27,"column":25}},"loc":{"start":{"line":27,"column":30},"end":{"line":34,"column":1}},"line":27}},"branchMap":{},"s":{"0":0,"1":0,"2":0,"3":0,"4":0},"f":{"0":0,"1":0,"2":0},"b":{},"hash":"31c076f4c1cfac0ab8afa855c67eb953a6130440"}
,"/Users/gavinfilmer/Documents/projects/bbm-patterns/src/components/atoms/FieldTelephone/FieldTelephone.stories.js": {"path":"/Users/gavinfilmer/Documents/projects/bbm-patterns/src/components/atoms/FieldTelephone/FieldTelephone.stories.js","statementMap":{"0":{"start":{"line":16,"column":30},"end":{"line":28,"column":1}},"1":{"start":{"line":17,"column":2},"end":{"line":27,"column":3}},"2":{"start":{"line":20,"column":6},"end":{"line":22,"column":7}}},"fnMap":{"0":{"name":"(anonymous_0)","decl":{"start":{"line":16,"column":30},"end":{"line":16,"column":31}},"loc":{"start":{"line":16,"column":36},"end":{"line":28,"column":1}},"line":16},"1":{"name":"(anonymous_1)","decl":{"start":{"line":19,"column":4},"end":{"line":19,"column":5}},"loc":{"start":{"line":19,"column":11},"end":{"line":23,"column":5}},"line":19}},"branchMap":{},"s":{"0":0,"1":0,"2":0},"f":{"0":0,"1":0},"b":{},"hash":"8fd3094648c703396a3f1883ceb3d0e1ead0125a"}
,"/Users/gavinfilmer/Documents/projects/bbm-patterns/src/components/atoms/Fieldset/Fieldset.stories.js": {"path":"/Users/gavinfilmer/Documents/projects/bbm-patterns/src/components/atoms/Fieldset/Fieldset.stories.js","statementMap":{"0":{"start":{"line":15,"column":24},"end":{"line":24,"column":1}},"1":{"start":{"line":16,"column":2},"end":{"line":23,"column":3}}},"fnMap":{"0":{"name":"(anonymous_0)","decl":{"start":{"line":15,"column":24},"end":{"line":15,"column":25}},"loc":{"start":{"line":15,"column":30},"end":{"line":24,"column":1}},"line":15}},"branchMap":{},"s":{"0":0,"1":0},"f":{"0":0},"b":{},"hash":"f658b66857c6b8f7f37f360c7bf2c88c3d19a353"}
,"/Users/gavinfilmer/Documents/projects/bbm-patterns/src/components/atoms/Fieldset/MFieldset.vue": {"path":"/Users/gavinfilmer/Documents/projects/bbm-patterns/src/components/atoms/Fieldset/MFieldset.vue","statementMap":{"0":{"start":{"line":19,"column":0},"end":{"line":19,"column":null}}},"fnMap":{"0":{"name":"(anonymous_1)","decl":{"start":{"line":18,"column":0},"end":{"line":18,"column":null}},"loc":{"start":{"line":18,"column":0},"end":{"line":20,"column":null}}}},"branchMap":{},"s":{"0":1},"f":{"0":1},"b":{}}
,"/Users/gavinfilmer/Documents/projects/bbm-patterns/src/components/atoms/Form/Form.stories.js": {"path":"/Users/gavinfilmer/Documents/projects/bbm-patterns/src/components/atoms/Form/Form.stories.js","statementMap":{"0":{"start":{"line":8,"column":15},"end":{"line":31,"column":1}},"1":{"start":{"line":38,"column":20},"end":{"line":56,"column":1}},"2":{"start":{"line":39,"column":2},"end":{"line":55,"column":3}},"3":{"start":{"line":58,"column":22},"end":{"line":76,"column":1}},"4":{"start":{"line":59,"column":2},"end":{"line":75,"column":3}}},"fnMap":{"0":{"name":"(anonymous_0)","decl":{"start":{"line":38,"column":20},"end":{"line":38,"column":21}},"loc":{"start":{"line":38,"column":26},"end":{"line":56,"column":1}},"line":38},"1":{"name":"(anonymous_1)","decl":{"start":{"line":58,"column":22},"end":{"line":58,"column":23}},"loc":{"start":{"line":58,"column":28},"end":{"line":76,"column":1}},"line":58}},"branchMap":{},"s":{"0":0,"1":0,"2":0,"3":0,"4":0},"f":{"0":0,"1":0},"b":{},"hash":"8816def70c8d37c36c4d079ed7b7da438a168d8c"}
,"/Users/gavinfilmer/Documents/projects/bbm-patterns/src/components/atoms/Form/MForm.vue": {"path":"/Users/gavinfilmer/Documents/projects/bbm-patterns/src/components/atoms/Form/MForm.vue","statementMap":{"0":{"start":{"line":25,"column":0},"end":{"line":25,"column":null}}},"fnMap":{"0":{"name":"(anonymous_1)","decl":{"start":{"line":24,"column":0},"end":{"line":24,"column":null}},"loc":{"start":{"line":24,"column":0},"end":{"line":28,"column":null}}}},"branchMap":{},"s":{"0":4},"f":{"0":4},"b":{}}
,"/Users/gavinfilmer/Documents/projects/bbm-patterns/src/components/atoms/FormGroup/FormGroup.stories.js": {"path":"/Users/gavinfilmer/Documents/projects/bbm-patterns/src/components/atoms/FormGroup/FormGroup.stories.js","statementMap":{"0":{"start":{"line":16,"column":25},"end":{"line":28,"column":1}},"1":{"start":{"line":17,"column":2},"end":{"line":27,"column":3}},"2":{"start":{"line":30,"column":21},"end":{"line":42,"column":1}},"3":{"start":{"line":31,"column":2},"end":{"line":41,"column":3}},"4":{"start":{"line":44,"column":22},"end":{"line":53,"column":1}},"5":{"start":{"line":45,"column":2},"end":{"line":52,"column":3}}},"fnMap":{"0":{"name":"(anonymous_0)","decl":{"start":{"line":16,"column":25},"end":{"line":16,"column":26}},"loc":{"start":{"line":16,"column":31},"end":{"line":28,"column":1}},"line":16},"1":{"name":"(anonymous_1)","decl":{"start":{"line":30,"column":21},"end":{"line":30,"column":22}},"loc":{"start":{"line":30,"column":27},"end":{"line":42,"column":1}},"line":30},"2":{"name":"(anonymous_2)","decl":{"start":{"line":44,"column":22},"end":{"line":44,"column":23}},"loc":{"start":{"line":44,"column":28},"end":{"line":53,"column":1}},"line":44}},"branchMap":{},"s":{"0":0,"1":0,"2":0,"3":0,"4":0,"5":0},"f":{"0":0,"1":0,"2":0},"b":{},"hash":"4922a24e8c1147e14f76a7396ac5cc58628b2309"}
,"/Users/gavinfilmer/Documents/projects/bbm-patterns/src/components/atoms/FormGroup/MFormGroup.vue": {"path":"/Users/gavinfilmer/Documents/projects/bbm-patterns/src/components/atoms/FormGroup/MFormGroup.vue","statementMap":{"0":{"start":{"line":33,"column":0},"end":{"line":33,"column":null}}},"fnMap":{"0":{"name":"(anonymous_1)","decl":{"start":{"line":32,"column":0},"end":{"line":32,"column":null}},"loc":{"start":{"line":32,"column":0},"end":{"line":34,"column":null}}}},"branchMap":{},"s":{"0":3},"f":{"0":3},"b":{}}
,"/Users/gavinfilmer/Documents/projects/bbm-patterns/src/components/atoms/HeadingOne/HeadingOne.stories.js": {"path":"/Users/gavinfilmer/Documents/projects/bbm-patterns/src/components/atoms/HeadingOne/HeadingOne.stories.js","statementMap":{"0":{"start":{"line":5,"column":13},"end":{"line":8,"column":1}},"1":{"start":{"line":22,"column":26},"end":{"line":55,"column":1}},"2":{"start":{"line":23,"column":2},"end":{"line":54,"column":3}},"3":{"start":{"line":27,"column":8},"end":{"line":27,"column":34}}},"fnMap":{"0":{"name":"(anonymous_0)","decl":{"start":{"line":22,"column":26},"end":{"line":22,"column":27}},"loc":{"start":{"line":22,"column":32},"end":{"line":55,"column":1}},"line":22},"1":{"name":"(anonymous_1)","decl":{"start":{"line":26,"column":6},"end":{"line":26,"column":7}},"loc":{"start":{"line":26,"column":22},"end":{"line":28,"column":7}},"line":26}},"branchMap":{},"s":{"0":0,"1":0,"2":0,"3":0},"f":{"0":0,"1":0},"b":{},"hash":"f89f595ffe2abee0a142c71f3f4791b45addbef1"}
,"/Users/gavinfilmer/Documents/projects/bbm-patterns/src/components/atoms/HeadingOne/MHeadingOne.vue": {"path":"/Users/gavinfilmer/Documents/projects/bbm-patterns/src/components/atoms/HeadingOne/MHeadingOne.vue","statementMap":{"0":{"start":{"line":47,"column":0},"end":{"line":47,"column":null}},"1":{"start":{"line":48,"column":0},"end":{"line":48,"column":null}},"2":{"start":{"line":52,"column":0},"end":{"line":52,"column":null}}},"fnMap":{"0":{"name":"(anonymous_1)","decl":{"start":{"line":46,"column":0},"end":{"line":46,"column":null}},"loc":{"start":{"line":46,"column":0},"end":{"line":49,"column":null}}},"1":{"name":"(anonymous_2)","decl":{"start":{"line":50,"column":0},"end":{"line":50,"column":null}},"loc":{"start":{"line":50,"column":0},"end":{"line":56,"column":null}}},"2":{"name":"(anonymous_3)","decl":{"start":{"line":52,"column":0},"end":{"line":52,"column":null}},"loc":{"start":{"line":52,"column":0},"end":{"line":52,"column":null}}}},"branchMap":{"0":{"loc":{"start":{"line":47,"column":0},"end":{"line":47,"column":null}},"type":"binary-expr","locations":[{"start":{"line":47,"column":0},"end":{"line":47,"column":null}},{"start":{"line":47,"column":0},"end":{"line":47,"column":null}}]},"1":{"loc":{"start":{"line":48,"column":0},"end":{"line":48,"column":null}},"type":"cond-expr","locations":[{"start":{"line":48,"column":0},"end":{"line":48,"column":null}},{"start":{"line":48,"column":0},"end":{"line":48,"column":null}}]},"2":{"loc":{"start":{"line":52,"column":0},"end":{"line":52,"column":null}},"type":"cond-expr","locations":[{"start":{"line":52,"column":0},"end":{"line":52,"column":null}},{"start":{"line":52,"column":0},"end":{"line":52,"column":null}}]}},"s":{"0":3,"1":3,"2":0},"f":{"0":3,"1":0,"2":0},"b":{"0":[3,0],"1":[0,3],"2":[0,0]}}
,"/Users/gavinfilmer/Documents/projects/bbm-patterns/src/components/atoms/Help/Help.stories.js": {"path":"/Users/gavinfilmer/Documents/projects/bbm-patterns/src/components/atoms/Help/Help.stories.js","statementMap":{"0":{"start":{"line":15,"column":23},"end":{"line":20,"column":2}},"1":{"start":{"line":15,"column":30},"end":{"line":20,"column":1}},"2":{"start":{"line":22,"column":20},"end":{"line":27,"column":2}},"3":{"start":{"line":22,"column":27},"end":{"line":27,"column":1}},"4":{"start":{"line":29,"column":22},"end":{"line":38,"column":2}},"5":{"start":{"line":29,"column":29},"end":{"line":38,"column":1}}},"fnMap":{"0":{"name":"(anonymous_0)","decl":{"start":{"line":15,"column":23},"end":{"line":15,"column":24}},"loc":{"start":{"line":15,"column":30},"end":{"line":20,"column":1}},"line":15},"1":{"name":"(anonymous_1)","decl":{"start":{"line":22,"column":20},"end":{"line":22,"column":21}},"loc":{"start":{"line":22,"column":27},"end":{"line":27,"column":1}},"line":22},"2":{"name":"(anonymous_2)","decl":{"start":{"line":29,"column":22},"end":{"line":29,"column":23}},"loc":{"start":{"line":29,"column":29},"end":{"line":38,"column":1}},"line":29}},"branchMap":{},"s":{"0":0,"1":0,"2":0,"3":0,"4":0,"5":0},"f":{"0":0,"1":0,"2":0},"b":{},"hash":"cba24dd281d833dcf9f001c14be9bbea0b2e8c33"}
,"/Users/gavinfilmer/Documents/projects/bbm-patterns/src/components/atoms/Help/MHelp.vue": {"path":"/Users/gavinfilmer/Documents/projects/bbm-patterns/src/components/atoms/Help/MHelp.vue","statementMap":{"0":{"start":{"line":17,"column":0},"end":{"line":17,"column":null}}},"fnMap":{},"branchMap":{},"s":{"0":1},"f":{},"b":{}}
,"/Users/gavinfilmer/Documents/projects/bbm-patterns/src/components/atoms/HelpText/HelpText.stories.js": {"path":"/Users/gavinfilmer/Documents/projects/bbm-patterns/src/components/atoms/HelpText/HelpText.stories.js","statementMap":{"0":{"start":{"line":17,"column":25},"end":{"line":32,"column":1}},"1":{"start":{"line":18,"column":2},"end":{"line":31,"column":3}}},"fnMap":{"0":{"name":"(anonymous_0)","decl":{"start":{"line":17,"column":25},"end":{"line":17,"column":26}},"loc":{"start":{"line":17,"column":31},"end":{"line":32,"column":1}},"line":17}},"branchMap":{},"s":{"0":0,"1":0},"f":{"0":0},"b":{},"hash":"90738ac5fca6d71deda86b51a17771d006245b11"}
,"/Users/gavinfilmer/Documents/projects/bbm-patterns/src/components/atoms/Hr/Hr.stories.js": {"path":"/Users/gavinfilmer/Documents/projects/bbm-patterns/src/components/atoms/Hr/Hr.stories.js","statementMap":{"0":{"start":{"line":4,"column":13},"end":{"line":20,"column":1}},"1":{"start":{"line":34,"column":18},"end":{"line":70,"column":1}},"2":{"start":{"line":35,"column":2},"end":{"line":69,"column":3}}},"fnMap":{"0":{"name":"(anonymous_0)","decl":{"start":{"line":34,"column":18},"end":{"line":34,"column":19}},"loc":{"start":{"line":34,"column":24},"end":{"line":70,"column":1}},"line":34}},"branchMap":{},"s":{"0":0,"1":0,"2":0},"f":{"0":0},"b":{},"hash":"ffcb5d550563d526e0f4c19ff0ed1244fd914b4a"}
,"/Users/gavinfilmer/Documents/projects/bbm-patterns/src/components/atoms/Hr/MHr.vue": {"path":"/Users/gavinfilmer/Documents/projects/bbm-patterns/src/components/atoms/Hr/MHr.vue","statementMap":{"0":{"start":{"line":38,"column":0},"end":{"line":38,"column":null}}},"fnMap":{"0":{"name":"(anonymous_1)","decl":{"start":{"line":38,"column":0},"end":{"line":38,"column":null}},"loc":{"start":{"line":38,"column":0},"end":{"line":38,"column":null}}}},"branchMap":{},"s":{"0":0},"f":{"0":0},"b":{}}
,"/Users/gavinfilmer/Documents/projects/bbm-patterns/src/components/atoms/Icon/Icon.stories.js": {"path":"/Users/gavinfilmer/Documents/projects/bbm-patterns/src/components/atoms/Icon/Icon.stories.js","statementMap":{"0":{"start":{"line":6,"column":13},"end":{"line":22,"column":1}},"1":{"start":{"line":36,"column":20},"end":{"line":55,"column":1}},"2":{"start":{"line":37,"column":2},"end":{"line":54,"column":3}},"3":{"start":{"line":40,"column":6},"end":{"line":45,"column":7}},"4":{"start":{"line":57,"column":21},"end":{"line":71,"column":1}},"5":{"start":{"line":58,"column":2},"end":{"line":70,"column":3}},"6":{"start":{"line":61,"column":6},"end":{"line":63,"column":7}}},"fnMap":{"0":{"name":"(anonymous_0)","decl":{"start":{"line":36,"column":20},"end":{"line":36,"column":21}},"loc":{"start":{"line":36,"column":26},"end":{"line":55,"column":1}},"line":36},"1":{"name":"(anonymous_1)","decl":{"start":{"line":39,"column":4},"end":{"line":39,"column":5}},"loc":{"start":{"line":39,"column":11},"end":{"line":46,"column":5}},"line":39},"2":{"name":"(anonymous_2)","decl":{"start":{"line":57,"column":21},"end":{"line":57,"column":22}},"loc":{"start":{"line":57,"column":27},"end":{"line":71,"column":1}},"line":57},"3":{"name":"(anonymous_3)","decl":{"start":{"line":60,"column":4},"end":{"line":60,"column":5}},"loc":{"start":{"line":60,"column":11},"end":{"line":64,"column":5}},"line":60}},"branchMap":{},"s":{"0":0,"1":0,"2":0,"3":0,"4":0,"5":0,"6":0},"f":{"0":0,"1":0,"2":0,"3":0},"b":{},"hash":"c3ab178dc8959fdbf1c2795e1bef54620159fe44"}
,"/Users/gavinfilmer/Documents/projects/bbm-patterns/src/components/atoms/Icon/MIcon.vue": {"path":"/Users/gavinfilmer/Documents/projects/bbm-patterns/src/components/atoms/Icon/MIcon.vue","statementMap":{"0":{"start":{"line":15,"column":0},"end":{"line":15,"column":null}},"1":{"start":{"line":32,"column":0},"end":{"line":32,"column":null}},"2":{"start":{"line":49,"column":0},"end":{"line":49,"column":null}},"3":{"start":{"line":54,"column":0},"end":{"line":64,"column":null}},"4":{"start":{"line":55,"column":0},"end":{"line":55,"column":null}},"5":{"start":{"line":60,"column":0},"end":{"line":60,"column":null}}},"fnMap":{"0":{"name":"(anonymous_5)","decl":{"start":{"line":32,"column":0},"end":{"line":32,"column":null}},"loc":{"start":{"line":32,"column":0},"end":{"line":32,"column":null}}},"1":{"name":"(anonymous_6)","decl":{"start":{"line":48,"column":0},"end":{"line":48,"column":null}},"loc":{"start":{"line":48,"column":0},"end":{"line":65,"column":null}}},"2":{"name":"(anonymous_7)","decl":{"start":{"line":55,"column":0},"end":{"line":55,"column":null}},"loc":{"start":{"line":55,"column":0},"end":{"line":55,"column":null}}},"3":{"name":"(anonymous_9)","decl":{"start":{"line":60,"column":0},"end":{"line":60,"column":null}},"loc":{"start":{"line":60,"column":0},"end":{"line":60,"column":null}}}},"branchMap":{"0":{"loc":{"start":{"line":54,"column":0},"end":{"line":64,"column":null}},"type":"if","locations":[{"start":{"line":54,"column":0},"end":{"line":64,"column":null}},{"start":{"line":54,"column":0},"end":{"line":64,"column":null}}]}},"s":{"0":21,"1":1,"2":21,"3":21,"4":6,"5":57},"f":{"0":1,"1":21,"2":4,"3":38},"b":{"0":[2,19]}}
,"/Users/gavinfilmer/Documents/projects/bbm-patterns/src/components/atoms/Icon/custom-icons.js": {"path":"/Users/gavinfilmer/Documents/projects/bbm-patterns/src/components/atoms/Icon/custom-icons.js","statementMap":{},"fnMap":{},"branchMap":{},"s":{},"f":{},"b":{},"_coverageSchema":"43e27e138ebf9cfc5966b082cf9a028302ed4184","hash":"c205c906f5e35e3b8d42cabe40739b405127ca75"}
,"/Users/gavinfilmer/Documents/projects/bbm-patterns/src/components/atoms/Label/Label.stories.js": {"path":"/Users/gavinfilmer/Documents/projects/bbm-patterns/src/components/atoms/Label/Label.stories.js","statementMap":{"0":{"start":{"line":15,"column":21},"end":{"line":24,"column":1}},"1":{"start":{"line":16,"column":2},"end":{"line":23,"column":3}}},"fnMap":{"0":{"name":"(anonymous_0)","decl":{"start":{"line":15,"column":21},"end":{"line":15,"column":22}},"loc":{"start":{"line":15,"column":27},"end":{"line":24,"column":1}},"line":15}},"branchMap":{},"s":{"0":0,"1":0},"f":{"0":0},"b":{},"hash":"bf92a99a2d105de2a4f580af7c26f9cd42c2e28b"}
,"/Users/gavinfilmer/Documents/projects/bbm-patterns/src/components/atoms/Legend/Legend.stories.js": {"path":"/Users/gavinfilmer/Documents/projects/bbm-patterns/src/components/atoms/Legend/Legend.stories.js","statementMap":{"0":{"start":{"line":15,"column":22},"end":{"line":24,"column":1}},"1":{"start":{"line":16,"column":2},"end":{"line":23,"column":3}}},"fnMap":{"0":{"name":"(anonymous_0)","decl":{"start":{"line":15,"column":22},"end":{"line":15,"column":23}},"loc":{"start":{"line":15,"column":28},"end":{"line":24,"column":1}},"line":15}},"branchMap":{},"s":{"0":0,"1":0},"f":{"0":0},"b":{},"hash":"787a971f8381317301ae856a6909e63acb5ff965"}
,"/Users/gavinfilmer/Documents/projects/bbm-patterns/src/components/atoms/Legend/MLegend.vue": {"path":"/Users/gavinfilmer/Documents/projects/bbm-patterns/src/components/atoms/Legend/MLegend.vue","statementMap":{"0":{"start":{"line":19,"column":0},"end":{"line":19,"column":null}}},"fnMap":{"0":{"name":"(anonymous_1)","decl":{"start":{"line":18,"column":0},"end":{"line":18,"column":null}},"loc":{"start":{"line":18,"column":0},"end":{"line":20,"column":null}}}},"branchMap":{},"s":{"0":1},"f":{"0":1},"b":{}}
,"/Users/gavinfilmer/Documents/projects/bbm-patterns/src/components/atoms/List/List.stories.js": {"path":"/Users/gavinfilmer/Documents/projects/bbm-patterns/src/components/atoms/List/List.stories.js","statementMap":{"0":{"start":{"line":3,"column":20},"end":{"line":15,"column":1}},"1":{"start":{"line":17,"column":13},"end":{"line":34,"column":1}},"2":{"start":{"line":47,"column":25},"end":{"line":75,"column":1}},"3":{"start":{"line":48,"column":2},"end":{"line":74,"column":3}},"4":{"start":{"line":77,"column":23},"end":{"line":105,"column":1}},"5":{"start":{"line":78,"column":2},"end":{"line":104,"column":3}}},"fnMap":{"0":{"name":"(anonymous_0)","decl":{"start":{"line":47,"column":25},"end":{"line":47,"column":26}},"loc":{"start":{"line":47,"column":31},"end":{"line":75,"column":1}},"line":47},"1":{"name":"(anonymous_1)","decl":{"start":{"line":77,"column":23},"end":{"line":77,"column":24}},"loc":{"start":{"line":77,"column":29},"end":{"line":105,"column":1}},"line":77}},"branchMap":{},"s":{"0":0,"1":0,"2":0,"3":0,"4":0,"5":0},"f":{"0":0,"1":0},"b":{},"hash":"dfdcca37b11de35744644f81014c03ed80884db4"}
,"/Users/gavinfilmer/Documents/projects/bbm-patterns/src/components/atoms/MessageBox/MMessageBox.vue": {"path":"/Users/gavinfilmer/Documents/projects/bbm-patterns/src/components/atoms/MessageBox/MMessageBox.vue","statementMap":{"0":{"start":{"line":24,"column":0},"end":{"line":24,"column":null}},"1":{"start":{"line":34,"column":0},"end":{"line":34,"column":null}}},"fnMap":{"0":{"name":"(anonymous_1)","decl":{"start":{"line":23,"column":0},"end":{"line":23,"column":null}},"loc":{"start":{"line":23,"column":0},"end":{"line":25,"column":null}}},"1":{"name":"(anonymous_2)","decl":{"start":{"line":33,"column":0},"end":{"line":33,"column":null}},"loc":{"start":{"line":33,"column":0},"end":{"line":37,"column":null}}}},"branchMap":{"0":{"loc":{"start":{"line":34,"column":0},"end":{"line":34,"column":null}},"type":"cond-expr","locations":[{"start":{"line":34,"column":0},"end":{"line":34,"column":null}},{"start":{"line":34,"column":0},"end":{"line":34,"column":null}}]}},"s":{"0":6,"1":7},"f":{"0":6,"1":7},"b":{"0":[5,2]}}
,"/Users/gavinfilmer/Documents/projects/bbm-patterns/src/components/atoms/MessageBox/MessageBox.stories.js": {"path":"/Users/gavinfilmer/Documents/projects/bbm-patterns/src/components/atoms/MessageBox/MessageBox.stories.js","statementMap":{"0":{"start":{"line":4,"column":18},"end":{"line":9,"column":1}},"1":{"start":{"line":11,"column":13},"end":{"line":13,"column":1}},"2":{"start":{"line":27,"column":26},"end":{"line":49,"column":1}},"3":{"start":{"line":28,"column":2},"end":{"line":48,"column":3}}},"fnMap":{"0":{"name":"(anonymous_0)","decl":{"start":{"line":27,"column":26},"end":{"line":27,"column":27}},"loc":{"start":{"line":27,"column":32},"end":{"line":49,"column":1}},"line":27}},"branchMap":{},"s":{"0":0,"1":0,"2":0,"3":0},"f":{"0":0},"b":{},"hash":"595908378c03f43aa71d4b82c7dd1d632c308f34"}
,"/Users/gavinfilmer/Documents/projects/bbm-patterns/src/components/atoms/More/More.stories.js": {"path":"/Users/gavinfilmer/Documents/projects/bbm-patterns/src/components/atoms/More/More.stories.js","statementMap":{"0":{"start":{"line":16,"column":20},"end":{"line":29,"column":2}},"1":{"start":{"line":16,"column":27},"end":{"line":29,"column":1}},"2":{"start":{"line":20,"column":6},"end":{"line":20,"column":26}}},"fnMap":{"0":{"name":"(anonymous_0)","decl":{"start":{"line":16,"column":20},"end":{"line":16,"column":21}},"loc":{"start":{"line":16,"column":27},"end":{"line":29,"column":1}},"line":16},"1":{"name":"(anonymous_1)","decl":{"start":{"line":19,"column":4},"end":{"line":19,"column":5}},"loc":{"start":{"line":19,"column":12},"end":{"line":21,"column":5}},"line":19}},"branchMap":{},"s":{"0":0,"1":0,"2":0},"f":{"0":0,"1":0},"b":{},"hash":"d6aebaa13a45f609ccce9dda70355d80a6ec40e7"}
,"/Users/gavinfilmer/Documents/projects/bbm-patterns/src/components/atoms/Overlay/MOverlay.vue": {"path":"/Users/gavinfilmer/Documents/projects/bbm-patterns/src/components/atoms/Overlay/MOverlay.vue","statementMap":{"0":{"start":{"line":17,"column":0},"end":{"line":17,"column":null}}},"fnMap":{"0":{"name":"(anonymous_1)","decl":{"start":{"line":16,"column":0},"end":{"line":16,"column":null}},"loc":{"start":{"line":16,"column":0},"end":{"line":18,"column":null}}}},"branchMap":{},"s":{"0":1},"f":{"0":1},"b":{}}
,"/Users/gavinfilmer/Documents/projects/bbm-patterns/src/components/atoms/Overlay/Overlay.stories.js": {"path":"/Users/gavinfilmer/Documents/projects/bbm-patterns/src/components/atoms/Overlay/Overlay.stories.js","statementMap":{"0":{"start":{"line":6,"column":13},"end":{"line":11,"column":1}},"1":{"start":{"line":26,"column":23},"end":{"line":39,"column":1}},"2":{"start":{"line":27,"column":2},"end":{"line":38,"column":3}}},"fnMap":{"0":{"name":"(anonymous_0)","decl":{"start":{"line":26,"column":23},"end":{"line":26,"column":24}},"loc":{"start":{"line":26,"column":29},"end":{"line":39,"column":1}},"line":26}},"branchMap":{},"s":{"0":0,"1":0,"2":0},"f":{"0":0},"b":{},"hash":"f2cb0066177cfeeea46721b263fd9dfceff65217"}
,"/Users/gavinfilmer/Documents/projects/bbm-patterns/src/components/atoms/PageMain/PageMain.stories.js": {"path":"/Users/gavinfilmer/Documents/projects/bbm-patterns/src/components/atoms/PageMain/PageMain.stories.js","statementMap":{"0":{"start":{"line":9,"column":24},"end":{"line":24,"column":2}},"1":{"start":{"line":9,"column":31},"end":{"line":24,"column":1}}},"fnMap":{"0":{"name":"(anonymous_0)","decl":{"start":{"line":9,"column":24},"end":{"line":9,"column":25}},"loc":{"start":{"line":9,"column":31},"end":{"line":24,"column":1}},"line":9}},"branchMap":{},"s":{"0":0,"1":0},"f":{"0":0},"b":{},"hash":"5a6bcd282dfbfd2e5c9134f984c3dd89178b0bb9"}
,"/Users/gavinfilmer/Documents/projects/bbm-patterns/src/components/atoms/PageSection/MPageSection.vue": {"path":"/Users/gavinfilmer/Documents/projects/bbm-patterns/src/components/atoms/PageSection/MPageSection.vue","statementMap":{"0":{"start":{"line":42,"column":0},"end":{"line":42,"column":null}},"1":{"start":{"line":51,"column":0},"end":{"line":51,"column":null}}},"fnMap":{"0":{"name":"(anonymous_1)","decl":{"start":{"line":42,"column":0},"end":{"line":42,"column":null}},"loc":{"start":{"line":42,"column":0},"end":{"line":42,"column":null}}},"1":{"name":"(anonymous_2)","decl":{"start":{"line":51,"column":0},"end":{"line":51,"column":null}},"loc":{"start":{"line":51,"column":0},"end":{"line":51,"column":null}}}},"branchMap":{},"s":{"0":8,"1":8},"f":{"0":8,"1":8},"b":{}}
,"/Users/gavinfilmer/Documents/projects/bbm-patterns/src/components/atoms/PageSection/PageSection.stories.js": {"path":"/Users/gavinfilmer/Documents/projects/bbm-patterns/src/components/atoms/PageSection/PageSection.stories.js","statementMap":{"0":{"start":{"line":3,"column":13},"end":{"line":24,"column":1}},"1":{"start":{"line":38,"column":23},"end":{"line":56,"column":2}},"2":{"start":{"line":38,"column":30},"end":{"line":56,"column":1}},"3":{"start":{"line":58,"column":26},"end":{"line":68,"column":2}},"4":{"start":{"line":58,"column":33},"end":{"line":68,"column":1}},"5":{"start":{"line":70,"column":31},"end":{"line":79,"column":2}},"6":{"start":{"line":70,"column":38},"end":{"line":79,"column":1}}},"fnMap":{"0":{"name":"(anonymous_0)","decl":{"start":{"line":38,"column":23},"end":{"line":38,"column":24}},"loc":{"start":{"line":38,"column":30},"end":{"line":56,"column":1}},"line":38},"1":{"name":"(anonymous_1)","decl":{"start":{"line":58,"column":26},"end":{"line":58,"column":27}},"loc":{"start":{"line":58,"column":33},"end":{"line":68,"column":1}},"line":58},"2":{"name":"(anonymous_2)","decl":{"start":{"line":70,"column":31},"end":{"line":70,"column":32}},"loc":{"start":{"line":70,"column":38},"end":{"line":79,"column":1}},"line":70}},"branchMap":{},"s":{"0":0,"1":0,"2":0,"3":0,"4":0,"5":0,"6":0},"f":{"0":0,"1":0,"2":0},"b":{},"hash":"1790d15d13da2cc043376060c9e2e653f1180109"}
,"/Users/gavinfilmer/Documents/projects/bbm-patterns/src/components/atoms/PieChart/MPieChart.vue": {"path":"/Users/gavinfilmer/Documents/projects/bbm-patterns/src/components/atoms/PieChart/MPieChart.vue","statementMap":{"0":{"start":{"line":50,"column":0},"end":{"line":50,"column":null}},"1":{"start":{"line":65,"column":0},"end":{"line":65,"column":null}},"2":{"start":{"line":68,"column":0},"end":{"line":68,"column":null}},"3":{"start":{"line":69,"column":0},"end":{"line":69,"column":null}},"4":{"start":{"line":70,"column":0},"end":{"line":70,"column":null}},"5":{"start":{"line":76,"column":0},"end":{"line":76,"column":null}},"6":{"start":{"line":78,"column":0},"end":{"line":78,"column":null}},"7":{"start":{"line":79,"column":0},"end":{"line":79,"column":null}},"8":{"start":{"line":81,"column":0},"end":{"line":114,"column":null}},"9":{"start":{"line":82,"column":0},"end":{"line":82,"column":null}},"10":{"start":{"line":84,"column":0},"end":{"line":84,"column":null}},"11":{"start":{"line":88,"column":0},"end":{"line":88,"column":null}},"12":{"start":{"line":93,"column":0},"end":{"line":93,"column":null}},"13":{"start":{"line":94,"column":0},"end":{"line":94,"column":null}},"14":{"start":{"line":95,"column":0},"end":{"line":95,"column":null}},"15":{"start":{"line":97,"column":0},"end":{"line":97,"column":null}},"16":{"start":{"line":98,"column":0},"end":{"line":98,"column":null}},"17":{"start":{"line":106,"column":0},"end":{"line":106,"column":null}},"18":{"start":{"line":108,"column":0},"end":{"line":108,"column":null}},"19":{"start":{"line":111,"column":0},"end":{"line":113,"column":null}},"20":{"start":{"line":112,"column":0},"end":{"line":112,"column":null}},"21":{"start":{"line":115,"column":0},"end":{"line":115,"column":null}},"22":{"start":{"line":118,"column":0},"end":{"line":118,"column":null}},"23":{"start":{"line":121,"column":0},"end":{"line":121,"column":null}}},"fnMap":{"0":{"name":"(anonymous_1)","decl":{"start":{"line":50,"column":0},"end":{"line":50,"column":null}},"loc":{"start":{"line":50,"column":0},"end":{"line":50,"column":null}}},"1":{"name":"(anonymous_3)","decl":{"start":{"line":64,"column":0},"end":{"line":64,"column":null}},"loc":{"start":{"line":64,"column":0},"end":{"line":66,"column":null}}},"2":{"name":"(anonymous_4)","decl":{"start":{"line":67,"column":0},"end":{"line":67,"column":null}},"loc":{"start":{"line":67,"column":0},"end":{"line":116,"column":null}}},"3":{"name":"(anonymous_5)","decl":{"start":{"line":78,"column":0},"end":{"line":78,"column":null}},"loc":{"start":{"line":78,"column":0},"end":{"line":78,"column":null}}},"4":{"name":"(anonymous_6)","decl":{"start":{"line":117,"column":0},"end":{"line":117,"column":null}},"loc":{"start":{"line":117,"column":0},"end":{"line":119,"column":null}}},"5":{"name":"(anonymous_7)","decl":{"start":{"line":120,"column":0},"end":{"line":120,"column":null}},"loc":{"start":{"line":120,"column":0},"end":{"line":122,"column":null}}}},"branchMap":{"0":{"loc":{"start":{"line":50,"column":0},"end":{"line":50,"column":null}},"type":"binary-expr","locations":[{"start":{"line":50,"column":0},"end":{"line":50,"column":null}},{"start":{"line":50,"column":0},"end":{"line":50,"column":null}}]},"1":{"loc":{"start":{"line":95,"column":0},"end":{"line":95,"column":null}},"type":"cond-expr","locations":[{"start":{"line":95,"column":0},"end":{"line":95,"column":null}},{"start":{"line":95,"column":0},"end":{"line":95,"column":null}}]},"2":{"loc":{"start":{"line":98,"column":0},"end":{"line":98,"column":null}},"type":"binary-expr","locations":[{"start":{"line":98,"column":0},"end":{"line":98,"column":null}},{"start":{"line":98,"column":0},"end":{"line":98,"column":null}}]},"3":{"loc":{"start":{"line":111,"column":0},"end":{"line":113,"column":null}},"type":"if","locations":[{"start":{"line":111,"column":0},"end":{"line":113,"column":null}},{"start":{"line":111,"column":0},"end":{"line":113,"column":null}}]}},"s":{"0":0,"1":0,"2":0,"3":0,"4":0,"5":0,"6":0,"7":0,"8":0,"9":0,"10":0,"11":0,"12":0,"13":0,"14":0,"15":0,"16":0,"17":0,"18":0,"19":0,"20":0,"21":0,"22":0,"23":0},"f":{"0":0,"1":0,"2":0,"3":0,"4":0,"5":0},"b":{"0":[0,0],"1":[0,0],"2":[0,0],"3":[0,0]}}
,"/Users/gavinfilmer/Documents/projects/bbm-patterns/src/components/atoms/PieChart/PieChart.stories.js": {"path":"/Users/gavinfilmer/Documents/projects/bbm-patterns/src/components/atoms/PieChart/PieChart.stories.js","statementMap":{"0":{"start":{"line":4,"column":16},"end":{"line":8,"column":1}},"1":{"start":{"line":10,"column":21},"end":{"line":19,"column":1}},"2":{"start":{"line":20,"column":19},"end":{"line":29,"column":1}},"3":{"start":{"line":30,"column":20},"end":{"line":39,"column":1}},"4":{"start":{"line":55,"column":24},"end":{"line":114,"column":1}},"5":{"start":{"line":56,"column":2},"end":{"line":113,"column":3}},"6":{"start":{"line":60,"column":23},"end":{"line":60,"column":25}},"7":{"start":{"line":61,"column":8},"end":{"line":76,"column":9}},"8":{"start":{"line":61,"column":21},"end":{"line":61,"column":22}},"9":{"start":{"line":62,"column":30},"end":{"line":62,"column":71}},"10":{"start":{"line":63,"column":26},"end":{"line":69,"column":11}},"11":{"start":{"line":71,"column":12},"end":{"line":73,"column":64}},"12":{"start":{"line":75,"column":10},"end":{"line":75,"column":65}},"13":{"start":{"line":77,"column":8},"end":{"line":77,"column":21}}},"fnMap":{"0":{"name":"(anonymous_0)","decl":{"start":{"line":55,"column":24},"end":{"line":55,"column":25}},"loc":{"start":{"line":55,"column":30},"end":{"line":114,"column":1}},"line":55},"1":{"name":"(anonymous_1)","decl":{"start":{"line":59,"column":6},"end":{"line":59,"column":7}},"loc":{"start":{"line":59,"column":28},"end":{"line":78,"column":7}},"line":59}},"branchMap":{"0":{"loc":{"start":{"line":71,"column":12},"end":{"line":73,"column":64}},"type":"cond-expr","locations":[{"start":{"line":72,"column":16},"end":{"line":72,"column":20}},{"start":{"line":73,"column":16},"end":{"line":73,"column":64}}],"line":71}},"s":{"0":0,"1":0,"2":0,"3":0,"4":0,"5":0,"6":0,"7":0,"8":0,"9":0,"10":0,"11":0,"12":0,"13":0},"f":{"0":0,"1":0},"b":{"0":[0,0]},"hash":"321d37ff9970a8840efeb31038c4aa308ed24227"}
,"/Users/gavinfilmer/Documents/projects/bbm-patterns/src/components/atoms/PillGroup/MPillGroup.vue": {"path":"/Users/gavinfilmer/Documents/projects/bbm-patterns/src/components/atoms/PillGroup/MPillGroup.vue","statementMap":{"0":{"start":{"line":49,"column":0},"end":{"line":49,"column":null}},"1":{"start":{"line":81,"column":0},"end":{"line":81,"column":null}},"2":{"start":{"line":84,"column":0},"end":{"line":84,"column":null}},"3":{"start":{"line":88,"column":0},"end":{"line":88,"column":null}}},"fnMap":{"0":{"name":"(anonymous_2)","decl":{"start":{"line":80,"column":0},"end":{"line":80,"column":null}},"loc":{"start":{"line":80,"column":0},"end":{"line":82,"column":null}}},"1":{"name":"(anonymous_3)","decl":{"start":{"line":83,"column":0},"end":{"line":83,"column":null}},"loc":{"start":{"line":83,"column":0},"end":{"line":85,"column":null}}},"2":{"name":"(anonymous_4)","decl":{"start":{"line":87,"column":0},"end":{"line":87,"column":null}},"loc":{"start":{"line":87,"column":0},"end":{"line":89,"column":null}}}},"branchMap":{"0":{"loc":{"start":{"line":88,"column":0},"end":{"line":88,"column":null}},"type":"cond-expr","locations":[{"start":{"line":88,"column":0},"end":{"line":88,"column":null}},{"start":{"line":88,"column":0},"end":{"line":88,"column":null}}]}},"s":{"0":2,"1":8,"2":2,"3":6},"f":{"0":8,"1":2,"2":6},"b":{"0":[4,2]}}
,"/Users/gavinfilmer/Documents/projects/bbm-patterns/src/components/atoms/PillGroup/PillGroup.stories.js": {"path":"/Users/gavinfilmer/Documents/projects/bbm-patterns/src/components/atoms/PillGroup/PillGroup.stories.js","statementMap":{"0":{"start":{"line":3,"column":13},"end":{"line":18,"column":1}},"1":{"start":{"line":32,"column":15},"end":{"line":45,"column":1}},"2":{"start":{"line":47,"column":23},"end":{"line":61,"column":1}},"3":{"start":{"line":48,"column":2},"end":{"line":60,"column":3}},"4":{"start":{"line":50,"column":17},"end":{"line":53,"column":5}},"5":{"start":{"line":63,"column":23},"end":{"line":78,"column":1}},"6":{"start":{"line":64,"column":2},"end":{"line":77,"column":3}},"7":{"start":{"line":66,"column":17},"end":{"line":69,"column":5}},"8":{"start":{"line":80,"column":21},"end":{"line":95,"column":1}},"9":{"start":{"line":81,"column":2},"end":{"line":94,"column":3}},"10":{"start":{"line":83,"column":17},"end":{"line":86,"column":5}},"11":{"start":{"line":97,"column":22},"end":{"line":112,"column":1}},"12":{"start":{"line":98,"column":2},"end":{"line":111,"column":3}},"13":{"start":{"line":100,"column":17},"end":{"line":103,"column":5}},"14":{"start":{"line":114,"column":27},"end":{"line":130,"column":1}},"15":{"start":{"line":115,"column":2},"end":{"line":129,"column":3}},"16":{"start":{"line":117,"column":17},"end":{"line":120,"column":5}}},"fnMap":{"0":{"name":"(anonymous_0)","decl":{"start":{"line":47,"column":23},"end":{"line":47,"column":24}},"loc":{"start":{"line":47,"column":29},"end":{"line":61,"column":1}},"line":47},"1":{"name":"(anonymous_1)","decl":{"start":{"line":50,"column":10},"end":{"line":50,"column":11}},"loc":{"start":{"line":50,"column":17},"end":{"line":53,"column":5}},"line":50},"2":{"name":"(anonymous_2)","decl":{"start":{"line":63,"column":23},"end":{"line":63,"column":24}},"loc":{"start":{"line":63,"column":29},"end":{"line":78,"column":1}},"line":63},"3":{"name":"(anonymous_3)","decl":{"start":{"line":66,"column":10},"end":{"line":66,"column":11}},"loc":{"start":{"line":66,"column":17},"end":{"line":69,"column":5}},"line":66},"4":{"name":"(anonymous_4)","decl":{"start":{"line":80,"column":21},"end":{"line":80,"column":22}},"loc":{"start":{"line":80,"column":27},"end":{"line":95,"column":1}},"line":80},"5":{"name":"(anonymous_5)","decl":{"start":{"line":83,"column":10},"end":{"line":83,"column":11}},"loc":{"start":{"line":83,"column":17},"end":{"line":86,"column":5}},"line":83},"6":{"name":"(anonymous_6)","decl":{"start":{"line":97,"column":22},"end":{"line":97,"column":23}},"loc":{"start":{"line":97,"column":28},"end":{"line":112,"column":1}},"line":97},"7":{"name":"(anonymous_7)","decl":{"start":{"line":100,"column":10},"end":{"line":100,"column":11}},"loc":{"start":{"line":100,"column":17},"end":{"line":103,"column":5}},"line":100},"8":{"name":"(anonymous_8)","decl":{"start":{"line":114,"column":27},"end":{"line":114,"column":28}},"loc":{"start":{"line":114,"column":33},"end":{"line":130,"column":1}},"line":114},"9":{"name":"(anonymous_9)","decl":{"start":{"line":117,"column":10},"end":{"line":117,"column":11}},"loc":{"start":{"line":117,"column":17},"end":{"line":120,"column":5}},"line":117}},"branchMap":{},"s":{"0":0,"1":0,"2":0,"3":0,"4":0,"5":0,"6":0,"7":0,"8":0,"9":0,"10":0,"11":0,"12":0,"13":0,"14":0,"15":0,"16":0},"f":{"0":0,"1":0,"2":0,"3":0,"4":0,"5":0,"6":0,"7":0,"8":0,"9":0},"b":{},"hash":"1a6709e118cdbbe51d493beb083529b6d962d9eb"}
,"/Users/gavinfilmer/Documents/projects/bbm-patterns/src/components/atoms/PricingExample/PricingExample.stories.js": {"path":"/Users/gavinfilmer/Documents/projects/bbm-patterns/src/components/atoms/PricingExample/PricingExample.stories.js","statementMap":{"0":{"start":{"line":4,"column":13},"end":{"line":6,"column":1}},"1":{"start":{"line":20,"column":30},"end":{"line":67,"column":1}},"2":{"start":{"line":21,"column":2},"end":{"line":66,"column":3}}},"fnMap":{"0":{"name":"(anonymous_0)","decl":{"start":{"line":20,"column":30},"end":{"line":20,"column":31}},"loc":{"start":{"line":20,"column":36},"end":{"line":67,"column":1}},"line":20}},"branchMap":{},"s":{"0":0,"1":0,"2":0},"f":{"0":0},"b":{},"hash":"2419c3b6c80d4272197b46b8686999e78f4fd968"}
,"/Users/gavinfilmer/Documents/projects/bbm-patterns/src/components/atoms/PromoSticker/PromoSticker.stories.js": {"path":"/Users/gavinfilmer/Documents/projects/bbm-patterns/src/components/atoms/PromoSticker/PromoSticker.stories.js","statementMap":{"0":{"start":{"line":3,"column":17},"end":{"line":7,"column":1}},"1":{"start":{"line":9,"column":19},"end":{"line":15,"column":1}},"2":{"start":{"line":17,"column":25},"end":{"line":21,"column":1}},"3":{"start":{"line":28,"column":24},"end":{"line":34,"column":1}},"4":{"start":{"line":29,"column":2},"end":{"line":33,"column":3}},"5":{"start":{"line":32,"column":17},"end":{"line":32,"column":43}},"6":{"start":{"line":36,"column":26},"end":{"line":42,"column":1}},"7":{"start":{"line":37,"column":2},"end":{"line":41,"column":3}},"8":{"start":{"line":40,"column":17},"end":{"line":40,"column":45}},"9":{"start":{"line":44,"column":32},"end":{"line":50,"column":1}},"10":{"start":{"line":45,"column":2},"end":{"line":49,"column":3}},"11":{"start":{"line":48,"column":17},"end":{"line":48,"column":51}},"12":{"start":{"line":52,"column":0},"end":{"line":52,"column":51}}},"fnMap":{"0":{"name":"(anonymous_0)","decl":{"start":{"line":28,"column":24},"end":{"line":28,"column":25}},"loc":{"start":{"line":28,"column":30},"end":{"line":34,"column":1}},"line":28},"1":{"name":"(anonymous_1)","decl":{"start":{"line":32,"column":10},"end":{"line":32,"column":11}},"loc":{"start":{"line":32,"column":17},"end":{"line":32,"column":43}},"line":32},"2":{"name":"(anonymous_2)","decl":{"start":{"line":36,"column":26},"end":{"line":36,"column":27}},"loc":{"start":{"line":36,"column":32},"end":{"line":42,"column":1}},"line":36},"3":{"name":"(anonymous_3)","decl":{"start":{"line":40,"column":10},"end":{"line":40,"column":11}},"loc":{"start":{"line":40,"column":17},"end":{"line":40,"column":45}},"line":40},"4":{"name":"(anonymous_4)","decl":{"start":{"line":44,"column":32},"end":{"line":44,"column":33}},"loc":{"start":{"line":44,"column":38},"end":{"line":50,"column":1}},"line":44},"5":{"name":"(anonymous_5)","decl":{"start":{"line":48,"column":10},"end":{"line":48,"column":11}},"loc":{"start":{"line":48,"column":17},"end":{"line":48,"column":51}},"line":48}},"branchMap":{},"s":{"0":0,"1":0,"2":0,"3":0,"4":0,"5":0,"6":0,"7":0,"8":0,"9":0,"10":0,"11":0,"12":0},"f":{"0":0,"1":0,"2":0,"3":0,"4":0,"5":0},"b":{},"hash":"ef970a15b5915ec3464b9c9f20680beea7d51fe8"}
,"/Users/gavinfilmer/Documents/projects/bbm-patterns/src/components/atoms/SearchButton/MSearchButton.vue": {"path":"/Users/gavinfilmer/Documents/projects/bbm-patterns/src/components/atoms/SearchButton/MSearchButton.vue","statementMap":{"0":{"start":{"line":16,"column":0},"end":{"line":16,"column":null}},"1":{"start":{"line":48,"column":0},"end":{"line":48,"column":null}},"2":{"start":{"line":52,"column":0},"end":{"line":54,"column":null}},"3":{"start":{"line":53,"column":0},"end":{"line":53,"column":null}},"4":{"start":{"line":55,"column":0},"end":{"line":55,"column":null}},"5":{"start":{"line":58,"column":0},"end":{"line":60,"column":null}},"6":{"start":{"line":59,"column":0},"end":{"line":59,"column":null}},"7":{"start":{"line":61,"column":0},"end":{"line":61,"column":null}},"8":{"start":{"line":66,"column":0},"end":{"line":66,"column":null}}},"fnMap":{"0":{"name":"(anonymous_2)","decl":{"start":{"line":47,"column":0},"end":{"line":47,"column":null}},"loc":{"start":{"line":47,"column":0},"end":{"line":49,"column":null}}},"1":{"name":"(anonymous_3)","decl":{"start":{"line":51,"column":0},"end":{"line":51,"column":null}},"loc":{"start":{"line":51,"column":0},"end":{"line":56,"column":null}}},"2":{"name":"(anonymous_4)","decl":{"start":{"line":57,"column":0},"end":{"line":57,"column":null}},"loc":{"start":{"line":57,"column":0},"end":{"line":62,"column":null}}},"3":{"name":"(anonymous_5)","decl":{"start":{"line":65,"column":0},"end":{"line":65,"column":null}},"loc":{"start":{"line":65,"column":0},"end":{"line":67,"column":null}}}},"branchMap":{"0":{"loc":{"start":{"line":52,"column":0},"end":{"line":54,"column":null}},"type":"if","locations":[{"start":{"line":52,"column":0},"end":{"line":54,"column":null}},{"start":{"line":52,"column":0},"end":{"line":54,"column":null}}]},"1":{"loc":{"start":{"line":58,"column":0},"end":{"line":60,"column":null}},"type":"if","locations":[{"start":{"line":58,"column":0},"end":{"line":60,"column":null}},{"start":{"line":58,"column":0},"end":{"line":60,"column":null}}]},"2":{"loc":{"start":{"line":58,"column":0},"end":{"line":58,"column":null}},"type":"binary-expr","locations":[{"start":{"line":58,"column":0},"end":{"line":58,"column":null}},{"start":{"line":58,"column":0},"end":{"line":58,"column":null}}]}},"s":{"0":0,"1":0,"2":0,"3":0,"4":0,"5":0,"6":0,"7":0,"8":0},"f":{"0":0,"1":0,"2":0,"3":0},"b":{"0":[0,0],"1":[0,0],"2":[0,0]}}
,"/Users/gavinfilmer/Documents/projects/bbm-patterns/src/components/atoms/SearchButton/SearchButton.stories.js": {"path":"/Users/gavinfilmer/Documents/projects/bbm-patterns/src/components/atoms/SearchButton/SearchButton.stories.js","statementMap":{"0":{"start":{"line":8,"column":23},"end":{"line":17,"column":1}},"1":{"start":{"line":9,"column":2},"end":{"line":16,"column":3}},"2":{"start":{"line":19,"column":33},"end":{"line":28,"column":1}},"3":{"start":{"line":20,"column":2},"end":{"line":27,"column":3}},"4":{"start":{"line":30,"column":22},"end":{"line":39,"column":1}},"5":{"start":{"line":31,"column":2},"end":{"line":38,"column":3}}},"fnMap":{"0":{"name":"(anonymous_0)","decl":{"start":{"line":8,"column":23},"end":{"line":8,"column":24}},"loc":{"start":{"line":8,"column":29},"end":{"line":17,"column":1}},"line":8},"1":{"name":"(anonymous_1)","decl":{"start":{"line":19,"column":33},"end":{"line":19,"column":34}},"loc":{"start":{"line":19,"column":39},"end":{"line":28,"column":1}},"line":19},"2":{"name":"(anonymous_2)","decl":{"start":{"line":30,"column":22},"end":{"line":30,"column":23}},"loc":{"start":{"line":30,"column":28},"end":{"line":39,"column":1}},"line":30}},"branchMap":{},"s":{"0":0,"1":0,"2":0,"3":0,"4":0,"5":0},"f":{"0":0,"1":0,"2":0},"b":{},"hash":"9d0b7e7fde01377c59350a7da114f79cb10a068b"}
,"/Users/gavinfilmer/Documents/projects/bbm-patterns/src/components/atoms/SiteTable/SiteTable.stories.js": {"path":"/Users/gavinfilmer/Documents/projects/bbm-patterns/src/components/atoms/SiteTable/SiteTable.stories.js","statementMap":{"0":{"start":{"line":4,"column":13},"end":{"line":14,"column":1}},"1":{"start":{"line":27,"column":23},"end":{"line":122,"column":1}},"2":{"start":{"line":28,"column":2},"end":{"line":121,"column":3}},"3":{"start":{"line":120,"column":17},"end":{"line":120,"column":26}},"4":{"start":{"line":124,"column":35},"end":{"line":221,"column":1}},"5":{"start":{"line":125,"column":2},"end":{"line":220,"column":3}},"6":{"start":{"line":219,"column":17},"end":{"line":219,"column":26}},"7":{"start":{"line":223,"column":32},"end":{"line":225,"column":1}},"8":{"start":{"line":227,"column":0},"end":{"line":233,"column":1}}},"fnMap":{"0":{"name":"(anonymous_0)","decl":{"start":{"line":27,"column":23},"end":{"line":27,"column":24}},"loc":{"start":{"line":27,"column":29},"end":{"line":122,"column":1}},"line":27},"1":{"name":"(anonymous_1)","decl":{"start":{"line":120,"column":10},"end":{"line":120,"column":11}},"loc":{"start":{"line":120,"column":17},"end":{"line":120,"column":26}},"line":120},"2":{"name":"(anonymous_2)","decl":{"start":{"line":124,"column":35},"end":{"line":124,"column":36}},"loc":{"start":{"line":124,"column":41},"end":{"line":221,"column":1}},"line":124},"3":{"name":"(anonymous_3)","decl":{"start":{"line":219,"column":10},"end":{"line":219,"column":11}},"loc":{"start":{"line":219,"column":17},"end":{"line":219,"column":26}},"line":219}},"branchMap":{},"s":{"0":0,"1":0,"2":0,"3":0,"4":0,"5":0,"6":0,"7":0,"8":0},"f":{"0":0,"1":0,"2":0,"3":0},"b":{},"hash":"44e210cc72256344c15e53b29c5760fe9db54d51"}
,"/Users/gavinfilmer/Documents/projects/bbm-patterns/src/components/atoms/SiteTable/data.js": {"path":"/Users/gavinfilmer/Documents/projects/bbm-patterns/src/components/atoms/SiteTable/data.js","statementMap":{"0":{"start":{"line":1,"column":21},"end":{"line":112,"column":1}}},"fnMap":{},"branchMap":{},"s":{"0":0},"f":{},"b":{},"hash":"333520c087941369cc1c227e88c1c81bed6a4cbb"}
,"/Users/gavinfilmer/Documents/projects/bbm-patterns/src/components/atoms/SmoothReflow/MSmoothReflow.vue": {"path":"/Users/gavinfilmer/Documents/projects/bbm-patterns/src/components/atoms/SmoothReflow/MSmoothReflow.vue","statementMap":{"0":{"start":{"line":8,"column":0},"end":{"line":8,"column":null}},"1":{"start":{"line":20,"column":0},"end":{"line":20,"column":null}}},"fnMap":{"0":{"name":"(anonymous_2)","decl":{"start":{"line":19,"column":0},"end":{"line":19,"column":null}},"loc":{"start":{"line":19,"column":0},"end":{"line":21,"column":null}}}},"branchMap":{},"s":{"0":1,"1":2},"f":{"0":2},"b":{}}
,"/Users/gavinfilmer/Documents/projects/bbm-patterns/src/components/atoms/SmoothReflow/SmoothReflow.stories.js": {"path":"/Users/gavinfilmer/Documents/projects/bbm-patterns/src/components/atoms/SmoothReflow/SmoothReflow.stories.js","statementMap":{"0":{"start":{"line":4,"column":13},"end":{"line":11,"column":1}},"1":{"start":{"line":25,"column":28},"end":{"line":57,"column":1}},"2":{"start":{"line":26,"column":2},"end":{"line":56,"column":3}}},"fnMap":{"0":{"name":"(anonymous_0)","decl":{"start":{"line":25,"column":28},"end":{"line":25,"column":29}},"loc":{"start":{"line":25,"column":34},"end":{"line":57,"column":1}},"line":25}},"branchMap":{},"s":{"0":0,"1":0,"2":0},"f":{"0":0},"b":{},"hash":"a39d2d63ae53bb487f8e4cecd37711b5554f8e2e"}
[...]
,"/Users/gavinfilmer/Documents/projects/bbm-patterns/src/components/organisms/SearchForm/SearchForm.stories.js": {"path":"/Users/gavinfilmer/Documents/projects/bbm-patterns/src/components/organisms/SearchForm/SearchForm.stories.js","statementMap":{"0":{"start":{"line":8,"column":23},"end":{"line":17,"column":1}},"1":{"start":{"line":9,"column":2},"end":{"line":16,"column":3}},"2":{"start":{"line":19,"column":22},"end":{"line":28,"column":1}},"3":{"start":{"line":20,"column":2},"end":{"line":27,"column":3}}},"fnMap":{"0":{"name":"(anonymous_0)","decl":{"start":{"line":8,"column":23},"end":{"line":8,"column":24}},"loc":{"start":{"line":8,"column":29},"end":{"line":17,"column":1}},"line":8},"1":{"name":"(anonymous_1)","decl":{"start":{"line":19,"column":22},"end":{"line":19,"column":23}},"loc":{"start":{"line":19,"column":28},"end":{"line":28,"column":1}},"line":19}},"branchMap":{},"s":{"0":0,"1":0,"2":0,"3":0},"f":{"0":0,"1":0},"b":{},"hash":"f3e726960d71ba68fc4dce1e26943db78fc68139"}
,"/Users/gavinfilmer/Documents/projects/bbm-patterns/src/components/organisms/SiteFooter/MSeSiteFooter.vue": {"path":"/Users/gavinfilmer/Documents/projects/bbm-patterns/src/components/organisms/SiteFooter/MSeSiteFooter.vue","statementMap":{"0":{"start":{"line":24,"column":0},"end":{"line":24,"column":null}},"1":{"start":{"line":25,"column":0},"end":{"line":25,"column":null}},"2":{"start":{"line":51,"column":0},"end":{"line":72,"column":null}}},"fnMap":{"0":{"name":"(anonymous_2)","decl":{"start":{"line":50,"column":0},"end":{"line":50,"column":null}},"loc":{"start":{"line":50,"column":0},"end":{"line":78,"column":null}}}},"branchMap":{},"s":{"0":1,"1":1,"2":4},"f":{"0":4},"b":{}}
,"/Users/gavinfilmer/Documents/projects/bbm-patterns/src/components/organisms/SiteFooter/MSiteFooter.vue": {"path":"/Users/gavinfilmer/Documents/projects/bbm-patterns/src/components/organisms/SiteFooter/MSiteFooter.vue","statementMap":{"0":{"start":{"line":20,"column":0},"end":{"line":20,"column":null}},"1":{"start":{"line":27,"column":0},"end":{"line":27,"column":null}}},"fnMap":{"0":{"name":"(anonymous_2)","decl":{"start":{"line":26,"column":0},"end":{"line":26,"column":null}},"loc":{"start":{"line":26,"column":0},"end":{"line":76,"column":null}}}},"branchMap":{},"s":{"0":1,"1":1},"f":{"0":1},"b":{}}
,"/Users/gavinfilmer/Documents/projects/bbm-patterns/src/components/organisms/SiteFooter/MSiteFooterBase.vue": {"path":"/Users/gavinfilmer/Documents/projects/bbm-patterns/src/components/organisms/SiteFooter/MSiteFooterBase.vue","statementMap":{"0":{"start":{"line":33,"column":0},"end":{"line":33,"column":null}}},"fnMap":{"0":{"name":"(anonymous_1)","decl":{"start":{"line":33,"column":0},"end":{"line":33,"column":null}},"loc":{"start":{"line":33,"column":0},"end":{"line":33,"column":null}}}},"branchMap":{},"s":{"0":0},"f":{"0":0},"b":{}}
,"/Users/gavinfilmer/Documents/projects/bbm-patterns/src/components/organisms/SiteFooter/SiteFooter.stories.js": {"path":"/Users/gavinfilmer/Documents/projects/bbm-patterns/src/components/organisms/SiteFooter/SiteFooter.stories.js","statementMap":{"0":{"start":{"line":12,"column":24},"end":{"line":17,"column":1}},"1":{"start":{"line":13,"column":2},"end":{"line":16,"column":3}},"2":{"start":{"line":19,"column":0},"end":{"line":21,"column":1}},"3":{"start":{"line":23,"column":24},"end":{"line":37,"column":1}},"4":{"start":{"line":24,"column":2},"end":{"line":36,"column":3}},"5":{"start":{"line":39,"column":0},"end":{"line":41,"column":1}}},"fnMap":{"0":{"name":"(anonymous_0)","decl":{"start":{"line":12,"column":24},"end":{"line":12,"column":25}},"loc":{"start":{"line":12,"column":30},"end":{"line":17,"column":1}},"line":12},"1":{"name":"(anonymous_1)","decl":{"start":{"line":23,"column":24},"end":{"line":23,"column":25}},"loc":{"start":{"line":23,"column":30},"end":{"line":37,"column":1}},"line":23}},"branchMap":{},"s":{"0":0,"1":0,"2":0,"3":0,"4":0,"5":0},"f":{"0":0,"1":0},"b":{},"hash":"f34da8fc9a7170ef455c15b42f1bd1e27a72592b"}
,"/Users/gavinfilmer/Documents/projects/bbm-patterns/src/components/organisms/SiteHeader/MSeSiteHeader.vue": {"path":"/Users/gavinfilmer/Documents/projects/bbm-patterns/src/components/organisms/SiteHeader/MSeSiteHeader.vue","statementMap":{"0":{"start":{"line":317,"column":0},"end":{"line":317,"column":null}},"1":{"start":{"line":318,"column":0},"end":{"line":318,"column":null}},"2":{"start":{"line":319,"column":0},"end":{"line":319,"column":null}},"3":{"start":{"line":320,"column":0},"end":{"line":320,"column":null}},"4":{"start":{"line":321,"column":0},"end":{"line":321,"column":null}},"5":{"start":{"line":344,"column":0},"end":{"line":347,"column":null}},"6":{"start":{"line":345,"column":0},"end":{"line":345,"column":null}},"7":{"start":{"line":346,"column":0},"end":{"line":346,"column":null}},"8":{"start":{"line":348,"column":0},"end":{"line":348,"column":null}}},"fnMap":{"0":{"name":"(anonymous_2)","decl":{"start":{"line":343,"column":0},"end":{"line":343,"column":null}},"loc":{"start":{"line":343,"column":0},"end":{"line":349,"column":null}}}},"branchMap":{"0":{"loc":{"start":{"line":344,"column":0},"end":{"line":347,"column":null}},"type":"if","locations":[{"start":{"line":344,"column":0},"end":{"line":347,"column":null}},{"start":{"line":344,"column":0},"end":{"line":347,"column":null}}]}},"s":{"0":1,"1":1,"2":1,"3":1,"4":1,"5":2,"6":1,"7":1,"8":1},"f":{"0":2},"b":{"0":[1,1]}}
,"/Users/gavinfilmer/Documents/projects/bbm-patterns/src/components/organisms/SiteHeader/MSiteHeader.vue": {"path":"/Users/gavinfilmer/Documents/projects/bbm-patterns/src/components/organisms/SiteHeader/MSiteHeader.vue","statementMap":{"0":{"start":{"line":273,"column":0},"end":{"line":273,"column":null}},"1":{"start":{"line":274,"column":0},"end":{"line":274,"column":null}},"2":{"start":{"line":275,"column":0},"end":{"line":275,"column":null}},"3":{"start":{"line":276,"column":0},"end":{"line":276,"column":null}},"4":{"start":{"line":277,"column":0},"end":{"line":277,"column":null}},"5":{"start":{"line":291,"column":0},"end":{"line":294,"column":null}},"6":{"start":{"line":292,"column":0},"end":{"line":292,"column":null}},"7":{"start":{"line":293,"column":0},"end":{"line":293,"column":null}},"8":{"start":{"line":295,"column":0},"end":{"line":295,"column":null}}},"fnMap":{"0":{"name":"(anonymous_2)","decl":{"start":{"line":290,"column":0},"end":{"line":290,"column":null}},"loc":{"start":{"line":290,"column":0},"end":{"line":296,"column":null}}}},"branchMap":{"0":{"loc":{"start":{"line":291,"column":0},"end":{"line":294,"column":null}},"type":"if","locations":[{"start":{"line":291,"column":0},"end":{"line":294,"column":null}},{"start":{"line":291,"column":0},"end":{"line":294,"column":null}}]}},"s":{"0":1,"1":1,"2":1,"3":1,"4":1,"5":2,"6":1,"7":1,"8":1},"f":{"0":2},"b":{"0":[1,1]}}
,"/Users/gavinfilmer/Documents/projects/bbm-patterns/src/components/organisms/SiteHeader/SiteHeader.stories.js": {"path":"/Users/gavinfilmer/Documents/projects/bbm-patterns/src/components/organisms/SiteHeader/SiteHeader.stories.js","statementMap":{"0":{"start":{"line":5,"column":13},"end":{"line":12,"column":1}},"1":{"start":{"line":29,"column":26},"end":{"line":97,"column":2}},"2":{"start":{"line":29,"column":33},"end":{"line":97,"column":1}},"3":{"start":{"line":99,"column":28},"end":{"line":171,"column":2}},"4":{"start":{"line":99,"column":35},"end":{"line":171,"column":1}}},"fnMap":{"0":{"name":"(anonymous_0)","decl":{"start":{"line":29,"column":26},"end":{"line":29,"column":27}},"loc":{"start":{"line":29,"column":33},"end":{"line":97,"column":1}},"line":29},"1":{"name":"(anonymous_1)","decl":{"start":{"line":99,"column":28},"end":{"line":99,"column":29}},"loc":{"start":{"line":99,"column":35},"end":{"line":171,"column":1}},"line":99}},"branchMap":{},"s":{"0":0,"1":0,"2":0,"3":0,"4":0},"f":{"0":0,"1":0},"b":{},"hash":"156f4382130ed3265fc49df8dbcbda8ac04114cf"}
,"/Users/gavinfilmer/Documents/projects/bbm-patterns/src/components/organisms/SocialLinks/MSocialLinks.vue": {"path":"/Users/gavinfilmer/Documents/projects/bbm-patterns/src/components/organisms/SocialLinks/MSocialLinks.vue","statementMap":{"0":{"start":{"line":21,"column":0},"end":{"line":21,"column":null}},"1":{"start":{"line":22,"column":0},"end":{"line":22,"column":null}},"2":{"start":{"line":23,"column":0},"end":{"line":23,"column":null}},"3":{"start":{"line":24,"column":0},"end":{"line":24,"column":null}},"4":{"start":{"line":25,"column":0},"end":{"line":25,"column":null}},"5":{"start":{"line":38,"column":0},"end":{"line":59,"column":null}},"6":{"start":{"line":65,"column":0},"end":{"line":65,"column":null}}},"fnMap":{"0":{"name":"(anonymous_2)","decl":{"start":{"line":38,"column":0},"end":{"line":38,"column":null}},"loc":{"start":{"line":38,"column":0},"end":{"line":59,"column":null}}},"1":{"name":"(anonymous_3)","decl":{"start":{"line":65,"column":0},"end":{"line":65,"column":null}},"loc":{"start":{"line":65,"column":0},"end":{"line":65,"column":null}}}},"branchMap":{"0":{"loc":{"start":{"line":65,"column":0},"end":{"line":65,"column":null}},"type":"binary-expr","locations":[{"start":{"line":65,"column":0},"end":{"line":65,"column":null}},{"start":{"line":65,"column":0},"end":{"line":65,"column":null}},{"start":{"line":65,"column":0},"end":{"line":65,"column":null}}]}},"s":{"0":0,"1":0,"2":0,"3":0,"4":0,"5":0,"6":0},"f":{"0":0,"1":0},"b":{"0":[0,0,0]}}
,"/Users/gavinfilmer/Documents/projects/bbm-patterns/src/components/organisms/SocialLinks/SocialLinks.stories.js": {"path":"/Users/gavinfilmer/Documents/projects/bbm-patterns/src/components/organisms/SocialLinks/SocialLinks.stories.js","statementMap":{"0":{"start":{"line":3,"column":13},"end":{"line":9,"column":1}},"1":{"start":{"line":23,"column":30},"end":{"line":28,"column":1}},"2":{"start":{"line":24,"column":2},"end":{"line":27,"column":3}}},"fnMap":{"0":{"name":"(anonymous_0)","decl":{"start":{"line":23,"column":30},"end":{"line":23,"column":31}},"loc":{"start":{"line":23,"column":36},"end":{"line":28,"column":1}},"line":23}},"branchMap":{},"s":{"0":0,"1":0,"2":0},"f":{"0":0},"b":{},"hash":"008fe80d2493901f99eac17303ab6b0574cfce74"}
,"/Users/gavinfilmer/Documents/projects/bbm-patterns/src/components/organisms/TabbedContent/MTabbedContent.vue": {"path":"/Users/gavinfilmer/Documents/projects/bbm-patterns/src/components/organisms/TabbedContent/MTabbedContent.vue","statementMap":{"0":{"start":{"line":37,"column":0},"end":{"line":37,"column":null}},"1":{"start":{"line":51,"column":0},"end":{"line":51,"column":null}},"2":{"start":{"line":60,"column":0},"end":{"line":60,"column":null}},"3":{"start":{"line":66,"column":0},"end":{"line":66,"column":null}},"4":{"start":{"line":72,"column":0},"end":{"line":72,"column":null}}},"fnMap":{"0":{"name":"(anonymous_2)","decl":{"start":{"line":50,"column":0},"end":{"line":50,"column":null}},"loc":{"start":{"line":50,"column":0},"end":{"line":52,"column":null}}},"1":{"name":"(anonymous_3)","decl":{"start":{"line":58,"column":0},"end":{"line":58,"column":null}},"loc":{"start":{"line":58,"column":0},"end":{"line":61,"column":null}}},"2":{"name":"(anonymous_4)","decl":{"start":{"line":65,"column":0},"end":{"line":65,"column":null}},"loc":{"start":{"line":65,"column":0},"end":{"line":69,"column":null}}},"3":{"name":"(anonymous_5)","decl":{"start":{"line":71,"column":0},"end":{"line":71,"column":null}},"loc":{"start":{"line":71,"column":0},"end":{"line":73,"column":null}}},"4":{"name":"(anonymous_6)","decl":{"start":{"line":72,"column":0},"end":{"line":72,"column":null}},"loc":{"start":{"line":72,"column":0},"end":{"line":72,"column":null}}}},"branchMap":{"0":{"loc":{"start":{"line":67,"column":0},"end":{"line":67,"column":null}},"type":"cond-expr","locations":[{"start":{"line":67,"column":0},"end":{"line":67,"column":null}},{"start":{"line":67,"column":0},"end":{"line":67,"column":null}}]}},"s":{"0":0,"1":0,"2":0,"3":0,"4":0},"f":{"0":0,"1":0,"2":0,"3":0,"4":0},"b":{"0":[0,0]}}
,"/Users/gavinfilmer/Documents/projects/bbm-patterns/src/components/organisms/TabbedContent/TabbedContent.stories.js": {"path":"/Users/gavinfilmer/Documents/projects/bbm-patterns/src/components/organisms/TabbedContent/TabbedContent.stories.js","statementMap":{"0":{"start":{"line":4,"column":20},"end":{"line":41,"column":1}},"1":{"start":{"line":43,"column":15},"end":{"line":74,"column":1}},"2":{"start":{"line":81,"column":41},"end":{"line":99,"column":1}},"3":{"start":{"line":82,"column":2},"end":{"line":98,"column":3}},"4":{"start":{"line":97,"column":17},"end":{"line":97,"column":38}},"5":{"start":{"line":101,"column":38},"end":{"line":108,"column":1}},"6":{"start":{"line":110,"column":0},"end":{"line":116,"column":1}},"7":{"start":{"line":118,"column":36},"end":{"line":128,"column":1}},"8":{"start":{"line":119,"column":2},"end":{"line":127,"column":3}},"9":{"start":{"line":126,"column":17},"end":{"line":126,"column":33}},"10":{"start":{"line":130,"column":33},"end":{"line":137,"column":1}},"11":{"start":{"line":139,"column":0},"end":{"line":145,"column":1}}},"fnMap":{"0":{"name":"(anonymous_0)","decl":{"start":{"line":81,"column":41},"end":{"line":81,"column":42}},"loc":{"start":{"line":81,"column":47},"end":{"line":99,"column":1}},"line":81},"1":{"name":"(anonymous_1)","decl":{"start":{"line":97,"column":10},"end":{"line":97,"column":11}},"loc":{"start":{"line":97,"column":17},"end":{"line":97,"column":38}},"line":97},"2":{"name":"(anonymous_2)","decl":{"start":{"line":118,"column":36},"end":{"line":118,"column":37}},"loc":{"start":{"line":118,"column":42},"end":{"line":128,"column":1}},"line":118},"3":{"name":"(anonymous_3)","decl":{"start":{"line":126,"column":10},"end":{"line":126,"column":11}},"loc":{"start":{"line":126,"column":17},"end":{"line":126,"column":33}},"line":126}},"branchMap":{},"s":{"0":0,"1":0,"2":0,"3":0,"4":0,"5":0,"6":0,"7":0,"8":0,"9":0,"10":0,"11":0},"f":{"0":0,"1":0,"2":0,"3":0},"b":{},"hash":"5e8822320fe87e6d391a91ddb38cdef33fd1c55a"}
,"/Users/gavinfilmer/Documents/projects/bbm-patterns/src/components/organisms/Testimonial/MTestimonial.vue": {"path":"/Users/gavinfilmer/Documents/projects/bbm-patterns/src/components/organisms/Testimonial/MTestimonial.vue","statementMap":{"0":{"start":{"line":53,"column":0},"end":{"line":53,"column":null}},"1":{"start":{"line":54,"column":0},"end":{"line":54,"column":null}},"2":{"start":{"line":71,"column":0},"end":{"line":71,"column":null}},"3":{"start":{"line":74,"column":0},"end":{"line":74,"column":null}},"4":{"start":{"line":143,"column":0},"end":{"line":143,"column":null}},"5":{"start":{"line":146,"column":0},"end":{"line":146,"column":null}},"6":{"start":{"line":147,"column":0},"end":{"line":152,"column":null}},"7":{"start":{"line":148,"column":0},"end":{"line":148,"column":null}},"8":{"start":{"line":149,"column":0},"end":{"line":151,"column":null}},"9":{"start":{"line":150,"column":0},"end":{"line":150,"column":null}},"10":{"start":{"line":153,"column":0},"end":{"line":153,"column":null}}},"fnMap":{"0":{"name":"(anonymous_2)","decl":{"start":{"line":70,"column":0},"end":{"line":70,"column":null}},"loc":{"start":{"line":70,"column":0},"end":{"line":72,"column":null}}},"1":{"name":"(anonymous_3)","decl":{"start":{"line":73,"column":0},"end":{"line":73,"column":null}},"loc":{"start":{"line":73,"column":0},"end":{"line":75,"column":null}}},"2":{"name":"(anonymous_4)","decl":{"start":{"line":142,"column":0},"end":{"line":142,"column":null}},"loc":{"start":{"line":142,"column":0},"end":{"line":144,"column":null}}},"3":{"name":"(anonymous_5)","decl":{"start":{"line":145,"column":0},"end":{"line":145,"column":null}},"loc":{"start":{"line":145,"column":0},"end":{"line":154,"column":null}}}},"branchMap":{"0":{"loc":{"start":{"line":147,"column":0},"end":{"line":152,"column":null}},"type":"if","locations":[{"start":{"line":147,"column":0},"end":{"line":152,"column":null}},{"start":{"line":147,"column":0},"end":{"line":152,"column":null}}]},"1":{"loc":{"start":{"line":149,"column":0},"end":{"line":151,"column":null}},"type":"if","locations":[{"start":{"line":149,"column":0},"end":{"line":151,"column":null}},{"start":{"line":149,"column":0},"end":{"line":151,"column":null}}]}},"s":{"0":0,"1":0,"2":0,"3":0,"4":0,"5":0,"6":0,"7":0,"8":0,"9":0,"10":0},"f":{"0":0,"1":0,"2":0,"3":0},"b":{"0":[0,0],"1":[0,0]}}
,"/Users/gavinfilmer/Documents/projects/bbm-patterns/src/components/organisms/Testimonial/Testimonial.stories.js": {"path":"/Users/gavinfilmer/Documents/projects/bbm-patterns/src/components/organisms/Testimonial/Testimonial.stories.js","statementMap":{"0":{"start":{"line":7,"column":25},"end":{"line":17,"column":1}},"1":{"start":{"line":19,"column":28},"end":{"line":28,"column":1}},"2":{"start":{"line":30,"column":27},"end":{"line":39,"column":1}},"3":{"start":{"line":41,"column":13},"end":{"line":68,"column":1}},"4":{"start":{"line":82,"column":26},"end":{"line":92,"column":1}},"5":{"start":{"line":83,"column":2},"end":{"line":91,"column":3}},"6":{"start":{"line":90,"column":17},"end":{"line":90,"column":50}},"7":{"start":{"line":94,"column":29},"end":{"line":104,"column":1}},"8":{"start":{"line":95,"column":2},"end":{"line":103,"column":3}},"9":{"start":{"line":102,"column":17},"end":{"line":102,"column":53}},"10":{"start":{"line":106,"column":38},"end":{"line":116,"column":1}},"11":{"start":{"line":107,"column":2},"end":{"line":115,"column":3}},"12":{"start":{"line":114,"column":17},"end":{"line":114,"column":52}}},"fnMap":{"0":{"name":"(anonymous_0)","decl":{"start":{"line":82,"column":26},"end":{"line":82,"column":27}},"loc":{"start":{"line":82,"column":32},"end":{"line":92,"column":1}},"line":82},"1":{"name":"(anonymous_1)","decl":{"start":{"line":90,"column":10},"end":{"line":90,"column":11}},"loc":{"start":{"line":90,"column":17},"end":{"line":90,"column":50}},"line":90},"2":{"name":"(anonymous_2)","decl":{"start":{"line":94,"column":29},"end":{"line":94,"column":30}},"loc":{"start":{"line":94,"column":35},"end":{"line":104,"column":1}},"line":94},"3":{"name":"(anonymous_3)","decl":{"start":{"line":102,"column":10},"end":{"line":102,"column":11}},"loc":{"start":{"line":102,"column":17},"end":{"line":102,"column":53}},"line":102},"4":{"name":"(anonymous_4)","decl":{"start":{"line":106,"column":38},"end":{"line":106,"column":39}},"loc":{"start":{"line":106,"column":44},"end":{"line":116,"column":1}},"line":106},"5":{"name":"(anonymous_5)","decl":{"start":{"line":114,"column":10},"end":{"line":114,"column":11}},"loc":{"start":{"line":114,"column":17},"end":{"line":114,"column":52}},"line":114}},"branchMap":{},"s":{"0":0,"1":0,"2":0,"3":0,"4":0,"5":0,"6":0,"7":0,"8":0,"9":0,"10":0,"11":0,"12":0},"f":{"0":0,"1":0,"2":0,"3":0,"4":0,"5":0},"b":{},"hash":"0bfbf1bbecfc07b62b0fb9b9ee3f30292e8bf445"}
}
