TN:
SF:/Users/gavinfilmer/Documents/projects/bbm-patterns/src/components/atoms/Burger/Burger.stories.js
FN:18,(anonymous_0)
FNF:1
FNH:0
FNDA:0,(anonymous_0)
DA:18,0
DA:19,0
LF:2
LH:0
BRF:0
BRH:0
end_of_record
TN:
SF:/Users/gavinfilmer/Documents/projects/bbm-patterns/src/components/atoms/Burger/MBurger.vue
FN:20,(anonymous_1)
FN:24,(anonymous_2)
FNF:2
FNH:2
FNDA:3,(anonymous_1)
FNDA:1,(anonymous_2)
DA:21,3
DA:25,1
LF:2
LH:2
BRF:0
BRH:0
end_of_record
TN:
SF:/Users/gavinfilmer/Documents/projects/bbm-patterns/src/components/atoms/Button/Button.stories.js
FN:21,(anonymous_0)
FN:35,(anonymous_1)
FN:49,(anonymous_2)
FN:58,(anonymous_3)
FN:80,(anonymous_4)
FN:94,(anonymous_5)
FN:114,(anonymous_6)
FN:128,(anonymous_7)
FN:142,(anonymous_8)
FNF:9
FNH:0
FNDA:0,(anonymous_0)
FNDA:0,(anonymous_1)
FNDA:0,(anonymous_2)
FNDA:0,(anonymous_3)
FNDA:0,(anonymous_4)
FNDA:0,(anonymous_5)
FNDA:0,(anonymous_6)
FNDA:0,(anonymous_7)
FNDA:0,(anonymous_8)
DA:3,0
DA:21,0
DA:35,0
DA:49,0
DA:58,0
DA:72,0
DA:80,0
DA:94,0
DA:106,0
DA:114,0
DA:128,0
DA:142,0
DA:143,0
DA:153,0
DA:157,0
LF:15
LH:0
BRF:0
BRH:0
end_of_record
TN:
SF:/Users/gavinfilmer/Documents/projects/bbm-patterns/src/components/atoms/Button/ButtonText.stories.js
FN:23,(anonymous_0)
FN:49,(anonymous_1)
FN:53,(anonymous_2)
FN:65,(anonymous_3)
FNF:4
FNH:0
FNDA:0,(anonymous_0)
FNDA:0,(anonymous_1)
FNDA:0,(anonymous_2)
FNDA:0,(anonymous_3)
DA:3,0
DA:23,0
DA:41,0
DA:49,0
DA:54,0
DA:66,0
DA:81,0
LF:7
LH:0
BRF:0
BRH:0
end_of_record
TN:
SF:/Users/gavinfilmer/Documents/projects/bbm-patterns/src/components/atoms/Button/MButton.vue
FN:132,(anonymous_2)
FN:150,(anonymous_3)
FN:196,(anonymous_4)
FN:200,(anonymous_5)
FN:209,(anonymous_6)
FN:216,(anonymous_7)
FN:249,(anonymous_8)
FNF:7
FNH:7
FNDA:20,(anonymous_2)
FNDA:19,(anonymous_3)
FNDA:7,(anonymous_4)
FNDA:43,(anonymous_5)
FNDA:43,(anonymous_6)
FNDA:43,(anonymous_7)
FNDA:43,(anonymous_8)
DA:53,12
DA:132,20
DA:150,19
DA:196,7
DA:201,43
DA:203,43
DA:204,4
DA:207,43
DA:210,43
DA:211,1
DA:214,42
DA:217,43
DA:218,2
DA:223,41
DA:227,9
DA:230,32
DA:231,1
DA:234,31
DA:235,0
DA:238,31
DA:239,3
DA:242,28
DA:243,0
DA:246,28
DA:250,43
DA:251,0
DA:255,43
DA:256,0
DA:260,43
DA:261,0
LF:30
LH:25
BRDA:203,0,0,4
BRDA:203,0,1,39
BRDA:203,1,0,43
BRDA:203,1,1,41
BRDA:210,2,0,1
BRDA:210,2,1,42
BRDA:217,3,0,2
BRDA:217,3,1,41
BRDA:217,4,0,43
BRDA:217,4,1,42
BRDA:218,5,0,2
BRDA:218,5,1,3
BRDA:223,6,0,9
BRDA:223,6,1,32
BRDA:223,7,0,41
BRDA:223,7,1,40
BRDA:230,8,0,1
BRDA:230,8,1,31
BRDA:234,9,0,0
BRDA:234,9,1,31
BRDA:238,10,0,3
BRDA:238,10,1,28
BRDA:242,11,0,0
BRDA:242,11,1,28
BRDA:243,12,0,0
BRDA:243,12,1,0
BRDA:250,13,0,0
BRDA:250,13,1,43
BRDA:255,14,0,0
BRDA:255,14,1,43
BRDA:260,15,0,0
BRDA:260,15,1,43
BRF:32
BRH:25
end_of_record
TN:
SF:/Users/gavinfilmer/Documents/projects/bbm-patterns/src/components/atoms/ButtonHelp/ButtonHelp.stories.js
FN:8,(anonymous_0)
FNF:1
FNH:0
FNDA:0,(anonymous_0)
DA:8,0
DA:9,0
LF:2
LH:0
BRF:0
BRH:0
end_of_record
TN:
SF:/Users/gavinfilmer/Documents/projects/bbm-patterns/src/components/atoms/ButtonHelp/MButtonHelp.vue
FNF:0
FNH:0
DA:13,4
LF:1
LH:1
BRF:0
BRH:0
end_of_record
TN:
SF:/Users/gavinfilmer/Documents/projects/bbm-patterns/src/components/atoms/CarouselTimerButton/CarouselTimerButton.stories.js
FN:72,(anonymous_0)
FN:111,(anonymous_1)
FNF:2
FNH:0
FNDA:0,(anonymous_0)
FNDA:0,(anonymous_1)
DA:4,0
DA:43,0
DA:72,0
DA:73,0
DA:111,0
LF:5
LH:0
BRF:0
BRH:0
end_of_record
TN:
SF:/Users/gavinfilmer/Documents/projects/bbm-patterns/src/components/atoms/CarouselTimerButton/MCarouselTimerButton.vue
FN:54,(anonymous_1)
FN:57,(anonymous_2)
FN:67,(anonymous_3)
FN:70,(anonymous_4)
FN:73,(anonymous_5)
FN:76,(anonymous_6)
FN:81,(anonymous_7)
FNF:7
FNH:0
FNDA:0,(anonymous_1)
FNDA:0,(anonymous_2)
FNDA:0,(anonymous_3)
FNDA:0,(anonymous_4)
FNDA:0,(anonymous_5)
FNDA:0,(anonymous_6)
FNDA:0,(anonymous_7)
DA:54,0
DA:58,0
DA:59,0
DA:61,0
DA:68,0
DA:71,0
DA:74,0
DA:77,0
DA:82,0
LF:9
LH:0
BRDA:74,0,0,0
BRDA:74,0,1,0
BRDA:77,1,0,0
BRDA:77,1,1,0
BRF:4
BRH:0
end_of_record
TN:
SF:/Users/gavinfilmer/Documents/projects/bbm-patterns/src/components/atoms/CheckboxGroup/CheckboxGroup.stories.js
FN:28,(anonymous_0)
FN:31,(anonymous_1)
FNF:2
FNH:0
FNDA:0,(anonymous_0)
FNDA:0,(anonymous_1)
DA:3,0
DA:28,0
DA:29,0
DA:31,0
LF:4
LH:0
BRF:0
BRH:0
end_of_record
TN:
SF:/Users/gavinfilmer/Documents/projects/bbm-patterns/src/components/atoms/CheckboxGroup/MCheckboxGroup.vue
FN:36,(anonymous_2)
FN:43,(anonymous_3)
FN:50,(anonymous_4)
FN:62,(anonymous_5)
FN:65,(anonymous_6)
FNF:5
FNH:4
FNDA:4,(anonymous_2)
FNDA:0,(anonymous_3)
FNDA:3,(anonymous_4)
FNDA:7,(anonymous_5)
FNDA:2,(anonymous_6)
DA:23,1
DA:36,4
DA:43,0
DA:50,3
DA:63,7
DA:66,2
LF:6
LH:5
BRF:0
BRH:0
end_of_record
TN:
SF:/Users/gavinfilmer/Documents/projects/bbm-patterns/src/components/atoms/CheckboxInput/CheckboxInput.stories.js
FN:8,(anonymous_0)
FN:10,(anonymous_1)
FNF:2
FNH:0
FNDA:0,(anonymous_0)
FNDA:0,(anonymous_1)
DA:8,0
DA:11,0
LF:2
LH:0
BRF:0
BRH:0
end_of_record
TN:
SF:/Users/gavinfilmer/Documents/projects/bbm-patterns/src/components/atoms/CheckboxInput/MCheckboxInput.vue
FN:60,(anonymous_2)
FN:63,(anonymous_3)
FN:67,(anonymous_4)
FNF:3
FNH:3
FNDA:14,(anonymous_2)
FNDA:2,(anonymous_3)
FNDA:14,(anonymous_4)
DA:30,1
DA:61,14
DA:64,2
DA:70,14
LF:4
LH:4
BRDA:70,0,0,14
BRDA:70,0,1,14
BRDA:70,0,2,10
BRF:3
BRH:3
end_of_record
TN:
SF:/Users/gavinfilmer/Documents/projects/bbm-patterns/src/components/atoms/CloseButton/CloseButton.stories.js
FN:16,(anonymous_0)
FNF:1
FNH:0
FNDA:0,(anonymous_0)
DA:16,0
DA:17,0
LF:2
LH:0
BRF:0
BRH:0
end_of_record
TN:
SF:/Users/gavinfilmer/Documents/projects/bbm-patterns/src/components/atoms/CloseButton/MCloseButton.vue
FN:21,(anonymous_2)
FN:25,(anonymous_3)
FNF:2
FNH:0
FNDA:0,(anonymous_2)
FNDA:0,(anonymous_3)
DA:10,2
DA:22,0
DA:26,0
LF:3
LH:1
BRF:0
BRH:0
end_of_record
TN:
SF:/Users/gavinfilmer/Documents/projects/bbm-patterns/src/components/atoms/FieldAutocomplete/FieldAutocomplete.stories.js
FN:15,(anonymous_0)
FN:18,(anonymous_1)
FN:24,(anonymous_2)
FN:39,(anonymous_3)
FN:44,(anonymous_4)
FN:60,(anonymous_5)
FN:63,(anonymous_6)
FN:69,(anonymous_7)
FNF:8
FNH:0
FNDA:0,(anonymous_0)
FNDA:0,(anonymous_1)
FNDA:0,(anonymous_2)
FNDA:0,(anonymous_3)
FNDA:0,(anonymous_4)
FNDA:0,(anonymous_5)
FNDA:0,(anonymous_6)
FNDA:0,(anonymous_7)
DA:15,0
DA:16,0
DA:19,0
DA:25,0
DA:26,0
DA:38,0
DA:39,0
DA:45,0
DA:46,0
DA:60,0
DA:61,0
DA:64,0
DA:70,0
DA:71,0
LF:14
LH:0
BRDA:25,0,0,0
BRDA:25,0,1,0
BRDA:38,1,0,0
BRDA:38,1,1,0
BRDA:38,2,0,0
BRDA:38,2,1,0
BRDA:38,2,2,0
BRF:7
BRH:0
end_of_record
TN:
SF:/Users/gavinfilmer/Documents/projects/bbm-patterns/src/components/atoms/FieldAutocomplete/MFieldAutocomplete.vue
FN:44,(anonymous_1)
FN:62,(anonymous_2)
FN:68,(anonymous_3)
FN:72,(anonymous_4)
FNF:4
FNH:3
FNDA:0,(anonymous_1)
FNDA:4,(anonymous_2)
FNDA:3,(anonymous_3)
FNDA:1,(anonymous_4)
DA:44,0
DA:63,4
DA:69,3
DA:70,3
DA:73,1
DA:74,1
LF:6
LH:5
BRF:0
BRH:0
end_of_record
TN:
SF:/Users/gavinfilmer/Documents/projects/bbm-patterns/src/components/atoms/FieldCurrency/FieldCurrency.stories.js
FN:15,(anonymous_0)
FN:18,(anonymous_1)
FN:27,(anonymous_2)
FNF:3
FNH:0
FNDA:0,(anonymous_0)
FNDA:0,(anonymous_1)
FNDA:0,(anonymous_2)
DA:15,0
DA:16,0
DA:19,0
DA:27,0
DA:28,0
LF:5
LH:0
BRF:0
BRH:0
end_of_record
TN:
SF:/Users/gavinfilmer/Documents/projects/bbm-patterns/src/components/atoms/FieldTelephone/FieldTelephone.stories.js
FN:16,(anonymous_0)
FN:19,(anonymous_1)
FNF:2
FNH:0
FNDA:0,(anonymous_0)
FNDA:0,(anonymous_1)
DA:16,0
DA:17,0
DA:20,0
LF:3
LH:0
BRF:0
BRH:0
end_of_record
TN:
SF:/Users/gavinfilmer/Documents/projects/bbm-patterns/src/components/atoms/Fieldset/Fieldset.stories.js
FN:15,(anonymous_0)
FNF:1
FNH:0
FNDA:0,(anonymous_0)
DA:15,0
DA:16,0
LF:2
LH:0
BRF:0
BRH:0
end_of_record
TN:
SF:/Users/gavinfilmer/Documents/projects/bbm-patterns/src/components/atoms/Fieldset/MFieldset.vue
FN:18,(anonymous_1)
FNF:1
FNH:1
FNDA:1,(anonymous_1)
DA:19,1
LF:1
LH:1
BRF:0
BRH:0
end_of_record
TN:
SF:/Users/gavinfilmer/Documents/projects/bbm-patterns/src/components/atoms/Form/Form.stories.js
FN:38,(anonymous_0)
FN:58,(anonymous_1)
FNF:2
FNH:0
FNDA:0,(anonymous_0)
FNDA:0,(anonymous_1)
DA:8,0
DA:38,0
DA:39,0
DA:58,0
DA:59,0
LF:5
LH:0
BRF:0
BRH:0
end_of_record
TN:
SF:/Users/gavinfilmer/Documents/projects/bbm-patterns/src/components/atoms/Form/MForm.vue
FN:24,(anonymous_1)
FNF:1
FNH:1
FNDA:4,(anonymous_1)
DA:25,4
LF:1
LH:1
BRF:0
BRH:0
end_of_record
TN:
SF:/Users/gavinfilmer/Documents/projects/bbm-patterns/src/components/atoms/FormGroup/FormGroup.stories.js
FN:16,(anonymous_0)
FN:30,(anonymous_1)
FN:44,(anonymous_2)
FNF:3
FNH:0
FNDA:0,(anonymous_0)
FNDA:0,(anonymous_1)
FNDA:0,(anonymous_2)
DA:16,0
DA:17,0
DA:30,0
DA:31,0
DA:44,0
DA:45,0
LF:6
LH:0
BRF:0
BRH:0
end_of_record
TN:
SF:/Users/gavinfilmer/Documents/projects/bbm-patterns/src/components/atoms/FormGroup/MFormGroup.vue
FN:32,(anonymous_1)
FNF:1
FNH:1
FNDA:3,(anonymous_1)
DA:33,3
LF:1
LH:1
BRF:0
BRH:0
end_of_record
TN:
SF:/Users/gavinfilmer/Documents/projects/bbm-patterns/src/components/atoms/HeadingOne/HeadingOne.stories.js
FN:22,(anonymous_0)
FN:26,(anonymous_1)
FNF:2
FNH:0
FNDA:0,(anonymous_0)
FNDA:0,(anonymous_1)
DA:5,0
DA:22,0
DA:23,0
DA:27,0
LF:4
LH:0
BRF:0
BRH:0
end_of_record
TN:
SF:/Users/gavinfilmer/Documents/projects/bbm-patterns/src/components/atoms/HeadingOne/MHeadingOne.vue
FN:46,(anonymous_1)
FN:50,(anonymous_2)
FN:52,(anonymous_3)
FNF:3
FNH:1
FNDA:3,(anonymous_1)
FNDA:0,(anonymous_2)
FNDA:0,(anonymous_3)
DA:47,3
DA:48,3
DA:52,0
LF:3
LH:2
BRDA:47,0,0,3
BRDA:47,0,1,0
BRDA:48,1,0,0
BRDA:48,1,1,3
BRDA:52,2,0,0
BRDA:52,2,1,0
BRF:6
BRH:2
end_of_record
TN:
SF:/Users/gavinfilmer/Documents/projects/bbm-patterns/src/components/atoms/Help/Help.stories.js
FN:15,(anonymous_0)
FN:22,(anonymous_1)
FN:29,(anonymous_2)
FNF:3
FNH:0
FNDA:0,(anonymous_0)
FNDA:0,(anonymous_1)
FNDA:0,(anonymous_2)
DA:15,0
DA:22,0
DA:29,0
LF:3
LH:0
BRF:0
BRH:0
end_of_record
TN:
SF:/Users/gavinfilmer/Documents/projects/bbm-patterns/src/components/atoms/Help/MHelp.vue
FNF:0
FNH:0
DA:17,1
LF:1
LH:1
BRF:0
BRH:0
end_of_record
TN:
SF:/Users/gavinfilmer/Documents/projects/bbm-patterns/src/components/atoms/HelpText/HelpText.stories.js
FN:17,(anonymous_0)
FNF:1
FNH:0
FNDA:0,(anonymous_0)
DA:17,0
DA:18,0
LF:2
LH:0
BRF:0
BRH:0
end_of_record
TN:
SF:/Users/gavinfilmer/Documents/projects/bbm-patterns/src/components/atoms/Hr/Hr.stories.js
FN:34,(anonymous_0)
FNF:1
FNH:0
FNDA:0,(anonymous_0)
DA:4,0
DA:34,0
DA:35,0
LF:3
LH:0
BRF:0
BRH:0
end_of_record
TN:
SF:/Users/gavinfilmer/Documents/projects/bbm-patterns/src/components/atoms/Hr/MHr.vue
FN:38,(anonymous_1)
FNF:1
FNH:0
FNDA:0,(anonymous_1)
DA:38,0
LF:1
LH:0
BRF:0
BRH:0
end_of_record
TN:
SF:/Users/gavinfilmer/Documents/projects/bbm-patterns/src/components/atoms/Icon/Icon.stories.js
FN:36,(anonymous_0)
FN:39,(anonymous_1)
FN:57,(anonymous_2)
FN:60,(anonymous_3)
FNF:4
FNH:0
FNDA:0,(anonymous_0)
FNDA:0,(anonymous_1)
FNDA:0,(anonymous_2)
FNDA:0,(anonymous_3)
DA:6,0
DA:36,0
DA:37,0
DA:40,0
DA:57,0
DA:58,0
DA:61,0
LF:7
LH:0
BRF:0
BRH:0
end_of_record
TN:
SF:/Users/gavinfilmer/Documents/projects/bbm-patterns/src/components/atoms/Icon/MIcon.vue
FN:32,(anonymous_5)
FN:48,(anonymous_6)
FN:55,(anonymous_7)
FN:60,(anonymous_9)
FNF:4
FNH:4
FNDA:1,(anonymous_5)
FNDA:21,(anonymous_6)
FNDA:4,(anonymous_7)
FNDA:38,(anonymous_9)
DA:15,21
DA:32,1
DA:49,21
DA:54,21
DA:55,6
DA:60,57
LF:6
LH:6
BRDA:54,0,0,2
BRDA:54,0,1,19
BRF:2
BRH:2
end_of_record
TN:
SF:/Users/gavinfilmer/Documents/projects/bbm-patterns/src/components/atoms/Icon/custom-icons.js
FNF:0
FNH:0
LF:0
LH:0
BRF:0
BRH:0
end_of_record
TN:
SF:/Users/gavinfilmer/Documents/projects/bbm-patterns/src/components/atoms/Label/Label.stories.js
FN:15,(anonymous_0)
FNF:1
FNH:0
FNDA:0,(anonymous_0)
DA:15,0
DA:16,0
LF:2
LH:0
BRF:0
BRH:0
end_of_record
TN:
SF:/Users/gavinfilmer/Documents/projects/bbm-patterns/src/components/atoms/Legend/Legend.stories.js
FN:15,(anonymous_0)
FNF:1
FNH:0
FNDA:0,(anonymous_0)
DA:15,0
DA:16,0
LF:2
LH:0
BRF:0
BRH:0
end_of_record
TN:
SF:/Users/gavinfilmer/Documents/projects/bbm-patterns/src/components/atoms/Legend/MLegend.vue
FN:18,(anonymous_1)
FNF:1
FNH:1
FNDA:1,(anonymous_1)
DA:19,1
LF:1
LH:1
BRF:0
BRH:0
end_of_record
TN:
SF:/Users/gavinfilmer/Documents/projects/bbm-patterns/src/components/atoms/List/List.stories.js
FN:47,(anonymous_0)
FN:77,(anonymous_1)
FNF:2
FNH:0
FNDA:0,(anonymous_0)
FNDA:0,(anonymous_1)
DA:3,0
DA:17,0
DA:47,0
DA:48,0
DA:77,0
DA:78,0
LF:6
LH:0
BRF:0
BRH:0
end_of_record
TN:
SF:/Users/gavinfilmer/Documents/projects/bbm-patterns/src/components/atoms/MessageBox/MMessageBox.vue
FN:23,(anonymous_1)
FN:33,(anonymous_2)
FNF:2
FNH:2
FNDA:6,(anonymous_1)
FNDA:7,(anonymous_2)
DA:24,6
DA:34,7
LF:2
LH:2
BRDA:34,0,0,5
BRDA:34,0,1,2
BRF:2
BRH:2
end_of_record
TN:
SF:/Users/gavinfilmer/Documents/projects/bbm-patterns/src/components/atoms/MessageBox/MessageBox.stories.js
FN:27,(anonymous_0)
FNF:1
FNH:0
FNDA:0,(anonymous_0)
DA:4,0
DA:11,0
DA:27,0
DA:28,0
LF:4
LH:0
BRF:0
BRH:0
end_of_record
TN:
SF:/Users/gavinfilmer/Documents/projects/bbm-patterns/src/components/atoms/More/More.stories.js
FN:16,(anonymous_0)
FN:19,(anonymous_1)
FNF:2
FNH:0
FNDA:0,(anonymous_0)
FNDA:0,(anonymous_1)
DA:16,0
DA:20,0
LF:2
LH:0
BRF:0
BRH:0
end_of_record
TN:
SF:/Users/gavinfilmer/Documents/projects/bbm-patterns/src/components/atoms/Overlay/MOverlay.vue
FN:16,(anonymous_1)
FNF:1
FNH:1
FNDA:1,(anonymous_1)
DA:17,1
LF:1
LH:1
BRF:0
BRH:0
end_of_record
TN:
SF:/Users/gavinfilmer/Documents/projects/bbm-patterns/src/components/atoms/Overlay/Overlay.stories.js
FN:26,(anonymous_0)
FNF:1
FNH:0
FNDA:0,(anonymous_0)
DA:6,0
DA:26,0
DA:27,0
LF:3
LH:0
BRF:0
BRH:0
end_of_record
TN:
SF:/Users/gavinfilmer/Documents/projects/bbm-patterns/src/components/atoms/PageMain/PageMain.stories.js
FN:9,(anonymous_0)
FNF:1
FNH:0
FNDA:0,(anonymous_0)
DA:9,0
LF:1
LH:0
BRF:0
BRH:0
end_of_record
TN:
SF:/Users/gavinfilmer/Documents/projects/bbm-patterns/src/components/atoms/PageSection/MPageSection.vue
FN:42,(anonymous_1)
FN:51,(anonymous_2)
FNF:2
FNH:2
FNDA:8,(anonymous_1)
FNDA:8,(anonymous_2)
DA:42,8
DA:51,8
LF:2
LH:2
BRF:0
BRH:0
end_of_record
TN:
SF:/Users/gavinfilmer/Documents/projects/bbm-patterns/src/components/atoms/PageSection/PageSection.stories.js
FN:38,(anonymous_0)
FN:58,(anonymous_1)
FN:70,(anonymous_2)
FNF:3
FNH:0
FNDA:0,(anonymous_0)
FNDA:0,(anonymous_1)
FNDA:0,(anonymous_2)
DA:3,0
DA:38,0
DA:58,0
DA:70,0
LF:4
LH:0
BRF:0
BRH:0
end_of_record
TN:
SF:/Users/gavinfilmer/Documents/projects/bbm-patterns/src/components/atoms/PieChart/MPieChart.vue
FN:50,(anonymous_1)
FN:64,(anonymous_3)
FN:67,(anonymous_4)
FN:78,(anonymous_5)
FN:117,(anonymous_6)
FN:120,(anonymous_7)
FNF:6
FNH:0
FNDA:0,(anonymous_1)
FNDA:0,(anonymous_3)
FNDA:0,(anonymous_4)
FNDA:0,(anonymous_5)
FNDA:0,(anonymous_6)
FNDA:0,(anonymous_7)
DA:50,0
DA:65,0
DA:68,0
DA:69,0
DA:70,0
DA:76,0
DA:78,0
DA:79,0
DA:81,0
DA:82,0
DA:84,0
DA:88,0
DA:93,0
DA:94,0
DA:95,0
DA:97,0
DA:98,0
DA:106,0
DA:108,0
DA:111,0
DA:112,0
DA:115,0
DA:118,0
DA:121,0
LF:24
LH:0
BRDA:50,0,0,0
BRDA:50,0,1,0
BRDA:95,1,0,0
BRDA:95,1,1,0
BRDA:98,2,0,0
BRDA:98,2,1,0
BRDA:111,3,0,0
BRDA:111,3,1,0
BRF:8
BRH:0
end_of_record
TN:
SF:/Users/gavinfilmer/Documents/projects/bbm-patterns/src/components/atoms/PieChart/PieChart.stories.js
FN:55,(anonymous_0)
FN:59,(anonymous_1)
FNF:2
FNH:0
FNDA:0,(anonymous_0)
FNDA:0,(anonymous_1)
DA:4,0
DA:10,0
DA:20,0
DA:30,0
DA:55,0
DA:56,0
DA:60,0
DA:61,0
DA:62,0
DA:63,0
DA:71,0
DA:75,0
DA:77,0
LF:13
LH:0
BRDA:71,0,0,0
BRDA:71,0,1,0
BRF:2
BRH:0
end_of_record
TN:
SF:/Users/gavinfilmer/Documents/projects/bbm-patterns/src/components/atoms/PillGroup/MPillGroup.vue
FN:80,(anonymous_2)
FN:83,(anonymous_3)
FN:87,(anonymous_4)
FNF:3
FNH:3
FNDA:8,(anonymous_2)
FNDA:2,(anonymous_3)
FNDA:6,(anonymous_4)
DA:49,2
DA:81,8
DA:84,2
DA:88,6
LF:4
LH:4
BRDA:88,0,0,4
BRDA:88,0,1,2
BRF:2
BRH:2
end_of_record
TN:
SF:/Users/gavinfilmer/Documents/projects/bbm-patterns/src/components/atoms/PillGroup/PillGroup.stories.js
FN:47,(anonymous_0)
FN:50,(anonymous_1)
FN:63,(anonymous_2)
FN:66,(anonymous_3)
FN:80,(anonymous_4)
FN:83,(anonymous_5)
FN:97,(anonymous_6)
FN:100,(anonymous_7)
FN:114,(anonymous_8)
FN:117,(anonymous_9)
FNF:10
FNH:0
FNDA:0,(anonymous_0)
FNDA:0,(anonymous_1)
FNDA:0,(anonymous_2)
FNDA:0,(anonymous_3)
FNDA:0,(anonymous_4)
FNDA:0,(anonymous_5)
FNDA:0,(anonymous_6)
FNDA:0,(anonymous_7)
FNDA:0,(anonymous_8)
FNDA:0,(anonymous_9)
DA:3,0
DA:32,0
DA:47,0
DA:48,0
DA:50,0
DA:63,0
DA:64,0
DA:66,0
DA:80,0
DA:81,0
DA:83,0
DA:97,0
DA:98,0
DA:100,0
DA:114,0
DA:115,0
DA:117,0
LF:17
LH:0
BRF:0
BRH:0
end_of_record
TN:
SF:/Users/gavinfilmer/Documents/projects/bbm-patterns/src/components/atoms/PricingExample/PricingExample.stories.js
FN:20,(anonymous_0)
FNF:1
FNH:0
FNDA:0,(anonymous_0)
DA:4,0
DA:20,0
DA:21,0
LF:3
LH:0
BRF:0
BRH:0
end_of_record
TN:
SF:/Users/gavinfilmer/Documents/projects/bbm-patterns/src/components/atoms/PromoSticker/PromoSticker.stories.js
FN:28,(anonymous_0)
FN:32,(anonymous_1)
FN:36,(anonymous_2)
FN:40,(anonymous_3)
FN:44,(anonymous_4)
FN:48,(anonymous_5)
FNF:6
FNH:0
FNDA:0,(anonymous_0)
FNDA:0,(anonymous_1)
FNDA:0,(anonymous_2)
FNDA:0,(anonymous_3)
FNDA:0,(anonymous_4)
FNDA:0,(anonymous_5)
DA:3,0
DA:9,0
DA:17,0
DA:28,0
DA:29,0
DA:32,0
DA:36,0
DA:37,0
DA:40,0
DA:44,0
DA:45,0
DA:48,0
DA:52,0
LF:13
LH:0
BRF:0
BRH:0
end_of_record
TN:
SF:/Users/gavinfilmer/Documents/projects/bbm-patterns/src/components/atoms/SearchButton/MSearchButton.vue
FN:47,(anonymous_2)
FN:51,(anonymous_3)
FN:57,(anonymous_4)
FN:65,(anonymous_5)
FNF:4
FNH:0
FNDA:0,(anonymous_2)
FNDA:0,(anonymous_3)
FNDA:0,(anonymous_4)
FNDA:0,(anonymous_5)
DA:16,0
DA:48,0
DA:52,0
DA:53,0
DA:55,0
DA:58,0
DA:59,0
DA:61,0
DA:66,0
LF:9
LH:0
BRDA:52,0,0,0
BRDA:52,0,1,0
BRDA:58,1,0,0
BRDA:58,1,1,0
BRDA:58,2,0,0
BRDA:58,2,1,0
BRF:6
BRH:0
end_of_record
TN:
SF:/Users/gavinfilmer/Documents/projects/bbm-patterns/src/components/atoms/SearchButton/SearchButton.stories.js
FN:8,(anonymous_0)
FN:19,(anonymous_1)
FN:30,(anonymous_2)
FNF:3
FNH:0
FNDA:0,(anonymous_0)
FNDA:0,(anonymous_1)
FNDA:0,(anonymous_2)
DA:8,0
DA:9,0
DA:19,0
DA:20,0
DA:30,0
DA:31,0
LF:6
LH:0
BRF:0
BRH:0
end_of_record
TN:
SF:/Users/gavinfilmer/Documents/projects/bbm-patterns/src/components/atoms/SiteTable/SiteTable.stories.js
FN:27,(anonymous_0)
FN:120,(anonymous_1)
FN:124,(anonymous_2)
FN:219,(anonymous_3)
FNF:4
FNH:0
FNDA:0,(anonymous_0)
FNDA:0,(anonymous_1)
FNDA:0,(anonymous_2)
FNDA:0,(anonymous_3)
DA:4,0
DA:27,0
DA:28,0
DA:120,0
DA:124,0
DA:125,0
DA:219,0
DA:223,0
DA:227,0
LF:9
LH:0
BRF:0
BRH:0
end_of_record
TN:
SF:/Users/gavinfilmer/Documents/projects/bbm-patterns/src/components/atoms/SiteTable/data.js
FNF:0
FNH:0
DA:1,0
LF:1
LH:0
BRF:0
BRH:0
end_of_record
TN:
SF:/Users/gavinfilmer/Documents/projects/bbm-patterns/src/components/atoms/SmoothReflow/MSmoothReflow.vue
FN:19,(anonymous_2)
FNF:1
FNH:1
FNDA:2,(anonymous_2)
DA:8,1
DA:20,2
LF:2
LH:2
BRF:0
BRH:0
end_of_record
TN:
SF:/Users/gavinfilmer/Documents/projects/bbm-patterns/src/components/atoms/SmoothReflow/SmoothReflow.stories.js
FN:25,(anonymous_0)
FNF:1
FNH:0
FNDA:0,(anonymous_0)
DA:4,0
DA:25,0
DA:26,0
LF:3
LH:0
BRF:0
BRH:0
end_of_record
TN:
SF:/Users/gavinfilmer/Documents/projects/bbm-patterns/src/components/atoms/Spacing/Spacing.stories.js
FN:8,(anonymous_0)
FN:26,(anonymous_1)
FNF:2
FNH:0
FNDA:0,(anonymous_0)
FNDA:0,(anonymous_1)
DA:8,0
DA:17,0
DA:26,0
LF:3
LH:0
BRF:0
BRH:0
end_of_record
TN:
SF:/Users/gavinfilmer/Documents/projects/bbm-patterns/src/components/atoms/StripeCard/MStripeCard.stories.js
FN:24,(anonymous_0)
FN:36,(anonymous_1)
FNF:2
FNH:0
FNDA:0,(anonymous_0)
FNDA:0,(anonymous_1)
DA:4,0
DA:24,0
DA:25,0
DA:37,0
LF:4
LH:0
BRF:0
BRH:0
end_of_record
TN:
SF:/Users/gavinfilmer/Documents/projects/bbm-patterns/src/components/atoms/StripeCard/MStripeCard.vue
FN:34,(anonymous_1)
FN:37,(anonymous_2)
FN:55,(anonymous_3)
FN:61,(anonymous_4)
FN:64,(anonymous_5)
FN:70,(anonymous_6)
FN:73,(anonymous_7)
FN:76,(anonymous_8)
FN:79,(anonymous_9)
FN:83,(anonymous_10)
FN:86,(anonymous_11)
FN:89,(anonymous_12)
FN:96,(anonymous_13)
FN:108,(anonymous_14)
FN:123,(anonymous_15)
FN:125,(anonymous_17)
FNF:16
FNH:10
FNDA:2,(anonymous_1)
FNDA:2,(anonymous_2)
FNDA:2,(anonymous_3)
FNDA:2,(anonymous_4)
FNDA:2,(anonymous_5)
FNDA:0,(anonymous_6)
FNDA:0,(anonymous_7)
FNDA:0,(anonymous_8)
FNDA:0,(anonymous_9)
FNDA:0,(anonymous_10)
FNDA:2,(anonymous_11)
FNDA:2,(anonymous_12)
FNDA:0,(anonymous_13)
FNDA:2,(anonymous_14)
FNDA:6,(anonymous_15)
FNDA:6,(anonymous_17)
DA:8,1
DA:34,1
DA:37,2
DA:38,2
DA:39,2
DA:56,2
DA:61,2
DA:65,2
DA:71,0
DA:74,0
DA:77,0
DA:80,0
DA:84,0
DA:87,2
DA:90,2
DA:97,0
DA:98,0
DA:99,0
DA:101,0
DA:109,2
DA:110,0
DA:112,2
DA:113,2
DA:115,2
DA:119,1
DA:123,7
DA:125,1
DA:126,6
DA:129,1
DA:131,1
DA:136,1
LF:31
LH:21
BRDA:98,0,0,0
BRDA:98,0,1,0
BRDA:109,1,0,0
BRDA:109,1,1,2
BRF:4
BRH:1
end_of_record
TN:
SF:/Users/gavinfilmer/Documents/projects/bbm-patterns/src/components/atoms/Tag/Tag.stories.js
FN:41,(anonymous_0)
FNF:1
FNH:0
FNDA:0,(anonymous_0)
DA:4,0
DA:5,0
DA:16,0
DA:41,0
DA:42,0
LF:5
LH:0
BRF:0
BRH:0
end_of_record
TN:
SF:/Users/gavinfilmer/Documents/projects/bbm-patterns/src/components/atoms/ValidationMessage/ValidationMessage.stories.js
FN:17,(anonymous_0)
FN:34,(anonymous_1)
FNF:2
FNH:0
FNDA:0,(anonymous_0)
FNDA:0,(anonymous_1)
DA:17,0
DA:18,0
DA:34,0
DA:35,0
LF:4
LH:0
BRF:0
BRH:0
end_of_record
TN:
SF:/Users/gavinfilmer/Documents/projects/bbm-patterns/src/components/molecules/Accordion/Accordion.stories.js
FN:102,(anonymous_0)
FN:122,(anonymous_1)
FN:126,(anonymous_2)
FN:151,(anonymous_3)
FN:155,(anonymous_4)
FN:184,(anonymous_5)
FN:203,(anonymous_6)
FN:239,(anonymous_7)
FN:260,(anonymous_8)
FN:295,(anonymous_9)
FN:316,(anonymous_10)
FN:328,(anonymous_11)
FNF:12
FNH:0
FNDA:0,(anonymous_0)
FNDA:0,(anonymous_1)
FNDA:0,(anonymous_2)
FNDA:0,(anonymous_3)
FNDA:0,(anonymous_4)
FNDA:0,(anonymous_5)
FNDA:0,(anonymous_6)
FNDA:0,(anonymous_7)
FNDA:0,(anonymous_8)
FNDA:0,(anonymous_9)
FNDA:0,(anonymous_10)
FNDA:0,(anonymous_11)
DA:6,0
DA:11,0
DA:22,0
DA:46,0
DA:63,0
DA:71,0
DA:102,0
DA:103,0
DA:122,0
DA:126,0
DA:127,0
DA:151,0
DA:155,0
DA:156,0
DA:184,0
DA:188,0
DA:195,0
DA:203,0
DA:204,0
DA:239,0
DA:243,0
DA:260,0
DA:261,0
DA:295,0
DA:299,0
DA:316,0
DA:317,0
DA:328,0
DA:332,0
DA:360,0
LF:30
LH:0
BRF:0
BRH:0
end_of_record
TN:
SF:/Users/gavinfilmer/Documents/projects/bbm-patterns/src/components/molecules/Accordion/MAccordion.vue
FN:12,(anonymous_1)
FN:22,(anonymous_2)
FN:33,(anonymous_3)
FN:44,(anonymous_4)
FN:63,(anonymous_5)
FNF:5
FNH:0
FNDA:0,(anonymous_1)
FNDA:0,(anonymous_2)
FNDA:0,(anonymous_3)
FNDA:0,(anonymous_4)
FNDA:0,(anonymous_5)
DA:2,0
DA:13,0
DA:26,0
DA:27,0
DA:28,0
DA:29,0
DA:38,0
DA:42,0
DA:53,0
DA:54,0
DA:58,0
DA:59,0
DA:60,0
DA:62,0
DA:63,0
DA:66,0
LF:16
LH:0
BRDA:15,0,0,0
BRDA:15,0,1,0
BRDA:22,1,0,0
BRDA:26,2,0,0
BRDA:26,2,1,0
BRDA:28,3,0,0
BRDA:28,3,1,0
BRDA:38,4,0,0
BRDA:38,4,1,0
BRDA:58,5,0,0
BRDA:58,5,1,0
BRDA:59,6,0,0
BRDA:59,6,1,0
BRDA:60,7,0,0
BRDA:60,7,1,0
BRF:15
BRH:0
end_of_record
TN:
SF:/Users/gavinfilmer/Documents/projects/bbm-patterns/src/components/molecules/Accordion/MAccordionItem.vue
FN:100,(anonymous_2)
FN:107,(anonymous_3)
FN:114,(anonymous_4)
FN:117,(anonymous_5)
FN:125,(anonymous_6)
FN:132,(anonymous_7)
FN:139,(anonymous_8)
FN:142,(anonymous_9)
FN:143,(anonymous_10)
FN:151,(anonymous_11)
FN:158,(anonymous_12)
FN:168,(anonymous_13)
FN:174,(anonymous_14)
FNF:13
FNH:0
FNDA:0,(anonymous_2)
FNDA:0,(anonymous_3)
FNDA:0,(anonymous_4)
FNDA:0,(anonymous_5)
FNDA:0,(anonymous_6)
FNDA:0,(anonymous_7)
FNDA:0,(anonymous_8)
FNDA:0,(anonymous_9)
FNDA:0,(anonymous_10)
FNDA:0,(anonymous_11)
FNDA:0,(anonymous_12)
FNDA:0,(anonymous_13)
FNDA:0,(anonymous_14)
DA:80,0
DA:81,0
DA:82,0
DA:83,0
DA:101,0
DA:108,0
DA:115,0
DA:119,0
DA:126,0
DA:133,0
DA:140,0
DA:143,0
DA:152,0
DA:159,0
DA:160,0
DA:161,0
DA:162,0
DA:163,0
DA:164,0
DA:166,0
DA:170,0
DA:176,0
DA:177,0
LF:23
LH:0
BRDA:143,0,0,0
BRDA:143,0,1,0
BRDA:159,1,0,0
BRDA:159,1,1,0
BRDA:170,2,0,0
BRDA:170,2,1,0
BRDA:177,3,0,0
BRDA:177,3,1,0
BRF:8
BRH:0
end_of_record
TN:
SF:/Users/gavinfilmer/Documents/projects/bbm-patterns/src/components/molecules/AccreditationsBar/AccreditationsBar.stories.js
FN:30,(anonymous_0)
FNF:1
FNH:0
FNDA:0,(anonymous_0)
DA:3,0
DA:30,0
DA:31,0
LF:3
LH:0
BRF:0
BRH:0
end_of_record
TN:
SF:/Users/gavinfilmer/Documents/projects/bbm-patterns/src/components/molecules/Block/Info/BlockInfo.stories.js
FN:33,(anonymous_0)
FN:37,(anonymous_1)
FN:41,(anonymous_2)
FNF:3
FNH:0
FNDA:0,(anonymous_0)
FNDA:0,(anonymous_1)
FNDA:0,(anonymous_2)
DA:7,0
DA:14,0
DA:33,0
DA:34,0
DA:37,0
DA:41,0
DA:42,0
LF:7
LH:0
BRF:0
BRH:0
end_of_record
TN:
SF:/Users/gavinfilmer/Documents/projects/bbm-patterns/src/components/molecules/Block/SlotImageSide/BlockSlotImageSide.stories.js
FN:47,(anonymous_0)
FN:57,(anonymous_1)
FNF:2
FNH:0
FNDA:0,(anonymous_0)
FNDA:0,(anonymous_1)
DA:3,0
DA:11,0
DA:20,0
DA:47,0
DA:48,0
DA:57,0
LF:6
LH:0
BRF:0
BRH:0
end_of_record
TN:
SF:/Users/gavinfilmer/Documents/projects/bbm-patterns/src/components/molecules/Block/SlotImageSide/MBlockSlotImageSide.vue
FN:46,(anonymous_1)
FN:53,(anonymous_2)
FN:56,(anonymous_3)
FNF:3
FNH:0
FNDA:0,(anonymous_1)
FNDA:0,(anonymous_2)
FNDA:0,(anonymous_3)
DA:47,0
DA:54,0
DA:57,0
LF:3
LH:0
BRF:0
BRH:0
end_of_record
TN:
SF:/Users/gavinfilmer/Documents/projects/bbm-patterns/src/components/molecules/Block/StatisticsItem/BlockStatisticsItem.stories.js
FN:28,(anonymous_0)
FN:32,(anonymous_1)
FNF:2
FNH:0
FNDA:0,(anonymous_0)
FNDA:0,(anonymous_1)
DA:3,0
DA:8,0
DA:28,0
DA:29,0
DA:32,0
LF:5
LH:0
BRF:0
BRH:0
end_of_record
TN:
SF:/Users/gavinfilmer/Documents/projects/bbm-patterns/src/components/molecules/Block/StatisticsItem/MBlockStatisticsItem.vue
FN:25,(anonymous_1)
FNF:1
FNH:0
FNDA:0,(anonymous_1)
DA:25,0
LF:1
LH:0
BRF:0
BRH:0
end_of_record
TN:
SF:/Users/gavinfilmer/Documents/projects/bbm-patterns/src/components/molecules/Card/Card.stories.js
FN:87,(anonymous_0)
FN:110,(anonymous_1)
FN:134,(anonymous_2)
FN:135,(anonymous_3)
FNF:4
FNH:0
FNDA:0,(anonymous_0)
FNDA:0,(anonymous_1)
FNDA:0,(anonymous_2)
FNDA:0,(anonymous_3)
DA:10,0
DA:16,0
DA:39,0
DA:87,0
DA:88,0
DA:110,0
DA:135,0
LF:7
LH:0
BRF:0
BRH:0
end_of_record
TN:
SF:/Users/gavinfilmer/Documents/projects/bbm-patterns/src/components/molecules/Card/MCard.vue
FN:62,(anonymous_2)
FN:66,(anonymous_3)
FN:83,(anonymous_5)
FN:94,(anonymous_6)
FN:100,(anonymous_7)
FN:106,(anonymous_8)
FNF:6
FNH:4
FNDA:0,(anonymous_2)
FNDA:8,(anonymous_3)
FNDA:1,(anonymous_5)
FNDA:4,(anonymous_6)
FNDA:4,(anonymous_7)
FNDA:0,(anonymous_8)
DA:45,1
DA:46,1
DA:47,1
DA:48,1
DA:63,0
DA:66,8
DA:83,1
DA:95,4
DA:102,4
DA:108,0
DA:109,0
LF:11
LH:8
BRDA:102,0,0,3
BRDA:102,0,1,1
BRDA:109,1,0,0
BRDA:109,1,1,0
BRF:4
BRH:2
end_of_record
TN:
SF:/Users/gavinfilmer/Documents/projects/bbm-patterns/src/components/molecules/Card/Addon/AddonCard.stories.js
FN:36,(anonymous_0)
FN:50,(anonymous_1)
FNF:2
FNH:0
FNDA:0,(anonymous_0)
FNDA:0,(anonymous_1)
DA:12,0
DA:36,0
DA:37,0
DA:50,0
LF:4
LH:0
BRF:0
BRH:0
end_of_record
TN:
SF:/Users/gavinfilmer/Documents/projects/bbm-patterns/src/components/molecules/Card/Addon/MCardAddon.vue
FN:68,(anonymous_2)
FN:89,(anonymous_3)
FN:92,(anonymous_4)
FN:99,(anonymous_5)
FNF:4
FNH:2
FNDA:2,(anonymous_2)
FNDA:3,(anonymous_3)
FNDA:0,(anonymous_4)
FNDA:0,(anonymous_5)
DA:49,1
DA:50,1
DA:51,1
DA:52,1
DA:68,2
DA:90,3
DA:93,0
DA:100,0
DA:101,0
DA:103,0
DA:104,0
LF:11
LH:6
BRDA:100,0,0,0
BRDA:100,0,1,0
BRDA:100,1,0,0
BRDA:100,1,1,0
BRF:4
BRH:0
end_of_record
TN:
SF:/Users/gavinfilmer/Documents/projects/bbm-patterns/src/components/molecules/Card/Feature/FeatureCard.stories.js
FN:34,(anonymous_0)
FN:38,(anonymous_1)
FN:58,(anonymous_2)
FN:62,(anonymous_3)
FN:83,(anonymous_4)
FN:87,(anonymous_5)
FNF:6
FNH:0
FNDA:0,(anonymous_0)
FNDA:0,(anonymous_1)
FNDA:0,(anonymous_2)
FNDA:0,(anonymous_3)
FNDA:0,(anonymous_4)
FNDA:0,(anonymous_5)
DA:3,0
DA:10,0
DA:18,0
DA:34,0
DA:35,0
DA:38,0
DA:42,0
DA:50,0
DA:58,0
DA:59,0
DA:62,0
DA:66,0
DA:75,0
DA:83,0
DA:84,0
DA:87,0
DA:91,0
DA:100,0
LF:18
LH:0
BRF:0
BRH:0
end_of_record
TN:
SF:/Users/gavinfilmer/Documents/projects/bbm-patterns/src/components/molecules/Card/Feature/FeatureCardMobile.stories.js
FN:38,(anonymous_0)
FN:42,(anonymous_1)
FNF:2
FNH:0
FNDA:0,(anonymous_0)
FNDA:0,(anonymous_1)
DA:3,0
DA:12,0
DA:38,0
DA:39,0
DA:42,0
LF:5
LH:0
BRF:0
BRH:0
end_of_record
TN:
SF:/Users/gavinfilmer/Documents/projects/bbm-patterns/src/components/molecules/Card/Feature/FeatureCardRow.stories.js
FN:57,(anonymous_0)
FN:70,(anonymous_1)
FN:104,(anonymous_2)
FN:117,(anonymous_3)
FN:153,(anonymous_4)
FN:165,(anonymous_5)
FNF:6
FNH:0
FNDA:0,(anonymous_0)
FNDA:0,(anonymous_1)
FNDA:0,(anonymous_2)
FNDA:0,(anonymous_3)
FNDA:0,(anonymous_4)
FNDA:0,(anonymous_5)
DA:3,0
DA:10,0
DA:17,0
DA:23,0
DA:34,0
DA:43,0
DA:57,0
DA:58,0
DA:70,0
DA:74,0
DA:96,0
DA:104,0
DA:105,0
DA:117,0
DA:123,0
DA:145,0
DA:153,0
DA:154,0
DA:165,0
DA:176,0
DA:186,0
LF:21
LH:0
BRF:0
BRH:0
end_of_record
TN:
SF:/Users/gavinfilmer/Documents/projects/bbm-patterns/src/components/molecules/Card/Feature/MFeatureCard.vue
FN:96,(anonymous_2)
FNF:1
FNH:1
FNDA:1,(anonymous_2)
DA:46,1
DA:47,1
DA:97,1
LF:3
LH:3
BRF:0
BRH:0
end_of_record
TN:
SF:/Users/gavinfilmer/Documents/projects/bbm-patterns/src/components/molecules/Card/Featured/CardFeatured.stories.js
FN:29,(anonymous_0)
FN:37,(anonymous_1)
FN:61,(anonymous_2)
FN:69,(anonymous_3)
FNF:4
FNH:0
FNDA:0,(anonymous_0)
FNDA:0,(anonymous_1)
FNDA:0,(anonymous_2)
FNDA:0,(anonymous_3)
DA:5,0
DA:29,0
DA:30,0
DA:37,0
DA:44,0
DA:53,0
DA:61,0
DA:62,0
DA:69,0
DA:76,0
DA:88,0
LF:11
LH:0
BRF:0
BRH:0
end_of_record
TN:
SF:/Users/gavinfilmer/Documents/projects/bbm-patterns/src/components/molecules/Card/Featured/MCardFeatured.vue
FN:54,(anonymous_2)
FN:61,(anonymous_3)
FN:68,(anonymous_4)
FN:75,(anonymous_5)
FN:82,(anonymous_6)
FN:88,(anonymous_7)
FN:94,(anonymous_8)
FNF:7
FNH:0
FNDA:0,(anonymous_2)
FNDA:0,(anonymous_3)
FNDA:0,(anonymous_4)
FNDA:0,(anonymous_5)
FNDA:0,(anonymous_6)
FNDA:0,(anonymous_7)
FNDA:0,(anonymous_8)
DA:41,0
DA:42,0
DA:55,0
DA:62,0
DA:69,0
DA:76,0
DA:83,0
DA:89,0
DA:95,0
LF:9
LH:0
BRF:0
BRH:0
end_of_record
TN:
SF:/Users/gavinfilmer/Documents/projects/bbm-patterns/src/components/molecules/Card/Options/MCardOptions.vue
FN:113,(anonymous_2)
FN:124,(anonymous_3)
FN:128,(anonymous_4)
FN:135,(anonymous_5)
FN:138,(anonymous_6)
FN:144,(anonymous_7)
FN:147,(anonymous_8)
FNF:7
FNH:2
FNDA:0,(anonymous_2)
FNDA:2,(anonymous_3)
FNDA:2,(anonymous_4)
FNDA:0,(anonymous_5)
FNDA:0,(anonymous_6)
FNDA:0,(anonymous_7)
FNDA:0,(anonymous_8)
DA:69,1
DA:70,1
DA:71,1
DA:72,1
DA:73,1
DA:74,1
DA:113,0
DA:124,2
DA:129,2
DA:136,0
DA:139,0
DA:145,0
DA:148,0
LF:13
LH:8
BRF:0
BRH:0
end_of_record
TN:
SF:/Users/gavinfilmer/Documents/projects/bbm-patterns/src/components/molecules/Card/Options/OptionsCard.stories.js
FN:99,(anonymous_0)
FN:102,(anonymous_1)
FNF:2
FNH:0
FNDA:0,(anonymous_0)
FNDA:0,(anonymous_1)
DA:4,0
DA:54,0
DA:78,0
DA:99,0
DA:100,0
DA:102,0
LF:6
LH:0
BRF:0
BRH:0
end_of_record
TN:
SF:/Users/gavinfilmer/Documents/projects/bbm-patterns/src/components/molecules/Card/Policy/MPolicyCard.vue
FN:76,(anonymous_2)
FN:82,(anonymous_3)
FN:85,(anonymous_4)
FN:86,(anonymous_5)
FNF:4
FNH:4
FNDA:1,(anonymous_2)
FNDA:1,(anonymous_3)
FNDA:8,(anonymous_4)
FNDA:7,(anonymous_5)
DA:45,1
DA:46,1
DA:47,1
DA:77,1
DA:83,1
DA:86,15
LF:6
LH:6
BRDA:86,0,0,15
BRDA:86,0,1,15
BRF:2
BRH:2
end_of_record
TN:
SF:/Users/gavinfilmer/Documents/projects/bbm-patterns/src/components/molecules/Card/Policy/PolicyCard.stories.js
FN:32,(anonymous_0)
FN:73,(anonymous_1)
FN:77,(anonymous_2)
FN:113,(anonymous_3)
FN:117,(anonymous_4)
FN:148,(anonymous_5)
FNF:6
FNH:0
FNDA:0,(anonymous_0)
FNDA:0,(anonymous_1)
FNDA:0,(anonymous_2)
FNDA:0,(anonymous_3)
FNDA:0,(anonymous_4)
FNDA:0,(anonymous_5)
DA:5,0
DA:32,0
DA:33,0
DA:73,0
DA:77,0
DA:78,0
DA:113,0
DA:117,0
DA:118,0
DA:148,0
LF:10
LH:0
BRF:0
BRH:0
end_of_record
TN:
SF:/Users/gavinfilmer/Documents/projects/bbm-patterns/src/components/molecules/Card/PolicyBase/MPolicyCardBase.vue
FN:79,(anonymous_2)
FN:88,(anonymous_3)
FNF:2
FNH:2
FNDA:8,(anonymous_2)
FNDA:8,(anonymous_3)
DA:51,1
DA:52,1
DA:54,1
DA:79,8
DA:89,8
LF:5
LH:5
BRDA:89,0,0,8
BRDA:89,0,1,7
BRF:2
BRH:2
end_of_record
TN:
SF:/Users/gavinfilmer/Documents/projects/bbm-patterns/src/components/molecules/Card/PolicyBase/PolicyCardBase.stories.js
FN:31,(anonymous_0)
FN:89,(anonymous_1)
FNF:2
FNH:0
FNDA:0,(anonymous_0)
FNDA:0,(anonymous_1)
DA:6,0
DA:16,0
DA:31,0
DA:32,0
DA:89,0
DA:90,0
LF:6
LH:0
BRF:0
BRH:0
end_of_record
TN:
SF:/Users/gavinfilmer/Documents/projects/bbm-patterns/src/components/molecules/Card/Settings/MSettingsCard.vue
FN:75,(anonymous_2)
FN:82,(anonymous_3)
FN:96,(anonymous_4)
FN:101,(anonymous_5)
FNF:4
FNH:4
FNDA:4,(anonymous_2)
FNDA:4,(anonymous_3)
FNDA:4,(anonymous_4)
FNDA:2,(anonymous_5)
DA:40,1
DA:41,1
DA:42,1
DA:43,1
DA:76,4
DA:83,4
DA:90,4
DA:97,5
DA:102,2
LF:9
LH:9
BRDA:97,0,0,1
BRDA:97,0,1,3
BRF:2
BRH:2
end_of_record
TN:
SF:/Users/gavinfilmer/Documents/projects/bbm-patterns/src/components/molecules/Card/Settings/SettingsCard.stories.js
FN:47,(anonymous_0)
FN:65,(anonymous_1)
FNF:2
FNH:0
FNDA:0,(anonymous_0)
FNDA:0,(anonymous_1)
DA:5,0
DA:13,0
DA:47,0
DA:48,0
DA:66,0
LF:5
LH:0
BRF:0
BRH:0
end_of_record
TN:
SF:/Users/gavinfilmer/Documents/projects/bbm-patterns/src/components/molecules/Card/Summary/CardSummary.stories.js
FN:10,(anonymous_0)
FN:52,(anonymous_1)
FN:80,(anonymous_2)
FN:108,(anonymous_3)
FNF:4
FNH:0
FNDA:0,(anonymous_0)
FNDA:0,(anonymous_1)
FNDA:0,(anonymous_2)
FNDA:0,(anonymous_3)
DA:10,0
DA:11,0
DA:35,0
DA:44,0
DA:52,0
DA:53,0
DA:80,0
DA:81,0
DA:108,0
DA:109,0
LF:10
LH:0
BRF:0
BRH:0
end_of_record
TN:
SF:/Users/gavinfilmer/Documents/projects/bbm-patterns/src/components/molecules/Card/Summary/MCardSummary.vue
FN:31,(anonymous_2)
FN:53,(anonymous_3)
FN:60,(anonymous_4)
FN:67,(anonymous_5)
FNF:4
FNH:3
FNDA:0,(anonymous_2)
FNDA:1,(anonymous_3)
FNDA:1,(anonymous_4)
FNDA:1,(anonymous_5)
DA:20,1
DA:31,0
DA:54,1
DA:61,1
DA:68,1
LF:5
LH:4
BRDA:54,0,0,0
BRDA:54,0,1,1
BRDA:61,1,0,0
BRDA:61,1,1,1
BRF:4
BRH:2
end_of_record
TN:
SF:/Users/gavinfilmer/Documents/projects/bbm-patterns/src/components/molecules/Card/TeamMember/MTeamMember.vue
FN:48,(anonymous_2)
FN:57,(anonymous_3)
FN:63,(anonymous_4)
FN:69,(anonymous_5)
FNF:4
FNH:4
FNDA:4,(anonymous_2)
FNDA:2,(anonymous_3)
FNDA:3,(anonymous_4)
FNDA:2,(anonymous_5)
DA:36,1
DA:37,1
DA:48,4
DA:58,2
DA:59,2
DA:61,0
DA:64,3
DA:65,3
DA:67,0
DA:70,2
DA:71,2
DA:73,0
LF:12
LH:9
BRDA:58,0,0,2
BRDA:58,0,1,0
BRDA:58,1,0,2
BRDA:58,1,1,0
BRDA:64,2,0,3
BRDA:64,2,1,0
BRDA:70,3,0,2
BRDA:70,3,1,0
BRDA:70,4,0,2
BRDA:70,4,1,2
BRF:10
BRH:6
end_of_record
TN:
SF:/Users/gavinfilmer/Documents/projects/bbm-patterns/src/components/molecules/Card/TeamMember/TeamMember.stories.js
FN:58,(anonymous_0)
FN:61,(anonymous_1)
FN:83,(anonymous_2)
FN:86,(anonymous_3)
FN:89,(anonymous_4)
FN:92,(anonymous_5)
FN:113,(anonymous_6)
FN:116,(anonymous_7)
FN:135,(anonymous_8)
FN:147,(anonymous_9)
FNF:10
FNH:0
FNDA:0,(anonymous_0)
FNDA:0,(anonymous_1)
FNDA:0,(anonymous_2)
FNDA:0,(anonymous_3)
FNDA:0,(anonymous_4)
FNDA:0,(anonymous_5)
FNDA:0,(anonymous_6)
FNDA:0,(anonymous_7)
FNDA:0,(anonymous_8)
FNDA:0,(anonymous_9)
DA:3,0
DA:58,0
DA:61,0
DA:64,0
DA:75,0
DA:83,0
DA:86,0
DA:89,0
DA:92,0
DA:95,0
DA:105,0
DA:113,0
DA:116,0
DA:119,0
DA:127,0
DA:135,0
DA:147,0
DA:150,0
DA:158,0
LF:19
LH:0
BRF:0
BRH:0
end_of_record
TN:
SF:/Users/gavinfilmer/Documents/projects/bbm-patterns/src/components/molecules/Card/Wrap/CardWrap.stories.js
FN:83,(anonymous_0)
FNF:1
FNH:0
FNDA:0,(anonymous_0)
DA:5,0
DA:15,0
DA:22,0
DA:28,0
DA:83,0
DA:84,0
LF:6
LH:0
BRF:0
BRH:0
end_of_record
TN:
SF:/Users/gavinfilmer/Documents/projects/bbm-patterns/src/components/molecules/Card/Wrap/MCardWrap.vue
FN:73,(anonymous_1)
FN:81,(anonymous_2)
FN:97,(anonymous_3)
FNF:3
FNH:3
FNDA:1,(anonymous_1)
FNDA:3,(anonymous_2)
FNDA:42,(anonymous_3)
DA:73,1
DA:81,3
DA:97,42
LF:3
LH:3
BRF:0
BRH:0
end_of_record
TN:
SF:/Users/gavinfilmer/Documents/projects/bbm-patterns/src/components/molecules/ChoiceImages/ChoiceImages.stories.js
FN:16,(anonymous_0)
FN:19,(anonymous_1)
FNF:2
FNH:0
FNDA:0,(anonymous_0)
FNDA:0,(anonymous_1)
DA:16,0
DA:17,0
DA:19,0
LF:3
LH:0
BRF:0
BRH:0
end_of_record
TN:
SF:/Users/gavinfilmer/Documents/projects/bbm-patterns/src/components/molecules/ChoiceImages/MChoiceImages.vue
FN:64,(anonymous_2)
FN:67,(anonymous_3)
FN:71,(anonymous_4)
FNF:3
FNH:3
FNDA:5,(anonymous_2)
FNDA:2,(anonymous_3)
FNDA:3,(anonymous_4)
DA:48,1
DA:65,5
DA:68,2
DA:72,3
LF:4
LH:4
BRDA:72,0,0,1
BRDA:72,0,1,2
BRF:2
BRH:2
end_of_record
TN:
SF:/Users/gavinfilmer/Documents/projects/bbm-patterns/src/components/molecules/Dropdown/Dropdown.stories.js
FN:12,(anonymous_0)
FN:32,(anonymous_1)
FN:55,(anonymous_2)
FNF:3
FNH:0
FNDA:0,(anonymous_0)
FNDA:0,(anonymous_1)
FNDA:0,(anonymous_2)
DA:12,0
DA:32,0
DA:55,0
LF:3
LH:0
BRF:0
BRH:0
end_of_record
TN:
SF:/Users/gavinfilmer/Documents/projects/bbm-patterns/src/components/molecules/Dropdown/MDropdown.vue
FN:25,(anonymous_2)
FN:31,(anonymous_3)
FN:34,(anonymous_4)
FNF:3
FNH:1
FNDA:2,(anonymous_2)
FNDA:0,(anonymous_3)
FNDA:0,(anonymous_4)
DA:17,2
DA:18,2
DA:26,2
DA:32,0
DA:35,0
LF:5
LH:3
BRF:0
BRH:0
end_of_record
TN:
SF:/Users/gavinfilmer/Documents/projects/bbm-patterns/src/components/molecules/FeatureLogo/FeatureLogo.stories.js
FN:53,(anonymous_0)
FN:63,(anonymous_1)
FNF:2
FNH:0
FNDA:0,(anonymous_0)
FNDA:0,(anonymous_1)
DA:3,0
DA:22,0
DA:53,0
DA:63,0
LF:4
LH:0
BRF:0
BRH:0
end_of_record
TN:
SF:/Users/gavinfilmer/Documents/projects/bbm-patterns/src/components/molecules/Modal/MModal.vue
FN:111,(anonymous_2)
FN:127,(anonymous_3)
FN:140,(anonymous_4)
FN:150,(anonymous_5)
FN:157,(anonymous_6)
FN:169,(anonymous_7)
FN:179,(anonymous_8)
FN:194,(anonymous_9)
FN:211,(anonymous_10)
FN:226,(anonymous_11)
FN:247,(anonymous_12)
FN:260,(anonymous_13)
FN:265,(anonymous_14)
FN:282,(anonymous_15)
FN:297,(anonymous_16)
FN:312,(anonymous_17)
FN:313,(anonymous_18)
FN:322,(anonymous_19)
FN:338,(anonymous_20)
FN:339,(anonymous_21)
FNF:20
FNH:8
FNDA:14,(anonymous_2)
FNDA:14,(anonymous_3)
FNDA:14,(anonymous_4)
FNDA:2,(anonymous_5)
FNDA:14,(anonymous_6)
FNDA:0,(anonymous_7)
FNDA:0,(anonymous_8)
FNDA:0,(anonymous_9)
FNDA:2,(anonymous_10)
FNDA:0,(anonymous_11)
FNDA:0,(anonymous_12)
FNDA:0,(anonymous_13)
FNDA:0,(anonymous_14)
FNDA:0,(anonymous_15)
FNDA:0,(anonymous_16)
FNDA:0,(anonymous_17)
FNDA:0,(anonymous_18)
FNDA:0,(anonymous_19)
FNDA:14,(anonymous_20)
FNDA:14,(anonymous_21)
DA:59,1
DA:60,1
DA:111,14
DA:127,14
DA:141,14
DA:151,2
DA:152,2
DA:158,14
DA:160,14
DA:162,14
DA:164,14
DA:165,12
DA:171,0
DA:172,0
DA:180,0
DA:184,0
DA:185,0
DA:187,0
DA:188,0
DA:195,0
DA:197,0
DA:198,0
DA:200,0
DA:201,0
DA:204,0
DA:205,0
DA:218,2
DA:227,0
DA:229,0
DA:232,0
DA:234,0
DA:237,0
DA:239,0
DA:248,0
DA:249,0
DA:261,0
DA:262,0
DA:265,0
DA:266,0
DA:267,0
DA:272,0
DA:283,0
DA:284,0
DA:288,0
DA:298,0
DA:302,0
DA:303,0
DA:306,0
DA:313,0
DA:314,0
DA:323,0
DA:325,0
DA:326,0
DA:328,0
DA:329,0
DA:339,14
DA:340,14
DA:341,14
DA:342,0
DA:343,0
DA:348,0
DA:349,0
DA:351,0
LF:63
LH:16
BRDA:151,0,0,2
BRDA:151,0,1,0
BRDA:162,1,0,14
BRDA:162,1,1,0
BRDA:164,2,0,12
BRDA:164,2,1,2
BRDA:184,3,0,0
BRDA:184,3,1,0
BRDA:197,4,0,0
BRDA:197,4,1,0
BRDA:197,5,0,0
BRDA:197,5,1,0
BRDA:261,6,0,0
BRDA:261,6,1,0
BRDA:266,7,0,0
BRDA:266,7,1,0
BRDA:325,8,0,0
BRDA:325,8,1,0
BRDA:341,9,0,0
BRDA:341,9,1,14
BRDA:342,10,0,0
BRDA:342,10,1,0
BRDA:348,11,0,0
BRDA:348,11,1,0
BRF:24
BRH:5
end_of_record
TN:
SF:/Users/gavinfilmer/Documents/projects/bbm-patterns/src/components/molecules/Modal/MModalContainer.vue
FN:32,(anonymous_2)
FN:44,(anonymous_3)
FN:47,(anonymous_4)
FN:50,(anonymous_5)
FN:55,(anonymous_6)
FN:58,(anonymous_7)
FN:70,(anonymous_8)
FNF:7
FNH:0
FNDA:0,(anonymous_2)
FNDA:0,(anonymous_3)
FNDA:0,(anonymous_4)
FNDA:0,(anonymous_5)
FNDA:0,(anonymous_6)
FNDA:0,(anonymous_7)
FNDA:0,(anonymous_8)
DA:24,0
DA:26,0
DA:33,0
DA:47,0
DA:48,0
DA:50,0
DA:51,0
DA:56,0
DA:60,0
DA:62,0
DA:63,0
DA:64,0
DA:65,0
DA:66,0
DA:67,0
DA:68,0
DA:74,0
LF:17
LH:0
BRDA:47,0,0,0
BRF:1
BRH:0
end_of_record
TN:
SF:/Users/gavinfilmer/Documents/projects/bbm-patterns/src/components/molecules/Modal/Modal.stories.js
FN:35,(anonymous_0)
FN:74,(anonymous_1)
FN:79,(anonymous_2)
FN:112,(anonymous_3)
FN:139,(anonymous_4)
FN:145,(anonymous_5)
FN:185,(anonymous_6)
FN:189,(anonymous_7)
FN:194,(anonymous_8)
FN:256,(anonymous_9)
FN:286,(anonymous_10)
FN:291,(anonymous_11)
FN:333,(anonymous_12)
FN:363,(anonymous_13)
FN:368,(anonymous_14)
FN:413,(anonymous_15)
FN:449,(anonymous_16)
FN:454,(anonymous_17)
FN:490,(anonymous_18)
FN:494,(anonymous_19)
FN:499,(anonymous_20)
FN:570,(anonymous_21)
FN:583,(anonymous_22)
FN:585,(anonymous_23)
FN:588,(anonymous_24)
FN:597,(anonymous_25)
FNF:26
FNH:0
FNDA:0,(anonymous_0)
FNDA:0,(anonymous_1)
FNDA:0,(anonymous_2)
FNDA:0,(anonymous_3)
FNDA:0,(anonymous_4)
FNDA:0,(anonymous_5)
FNDA:0,(anonymous_6)
FNDA:0,(anonymous_7)
FNDA:0,(anonymous_8)
FNDA:0,(anonymous_9)
FNDA:0,(anonymous_10)
FNDA:0,(anonymous_11)
FNDA:0,(anonymous_12)
FNDA:0,(anonymous_13)
FNDA:0,(anonymous_14)
FNDA:0,(anonymous_15)
FNDA:0,(anonymous_16)
FNDA:0,(anonymous_17)
FNDA:0,(anonymous_18)
FNDA:0,(anonymous_19)
FNDA:0,(anonymous_20)
FNDA:0,(anonymous_21)
FNDA:0,(anonymous_22)
FNDA:0,(anonymous_23)
FNDA:0,(anonymous_24)
FNDA:0,(anonymous_25)
DA:23,0
DA:29,0
DA:35,0
DA:36,0
DA:75,0
DA:76,0
DA:80,0
DA:112,0
DA:113,0
DA:140,0
DA:141,0
DA:142,0
DA:146,0
DA:185,0
DA:186,0
DA:190,0
DA:191,0
DA:195,0
DA:256,0
DA:257,0
DA:287,0
DA:288,0
DA:292,0
DA:333,0
DA:334,0
DA:364,0
DA:365,0
DA:369,0
DA:413,0
DA:414,0
DA:450,0
DA:451,0
DA:455,0
DA:488,0
DA:490,0
DA:491,0
DA:495,0
DA:496,0
DA:500,0
DA:536,0
DA:555,0
DA:570,0
DA:583,0
DA:586,0
DA:589,0
DA:591,0
DA:595,0
DA:598,0
DA:602,0
DA:603,0
DA:605,0
LF:51
LH:0
BRDA:602,0,0,0
BRDA:602,0,1,0
BRF:2
BRH:0
end_of_record
TN:
SF:/Users/gavinfilmer/Documents/projects/bbm-patterns/src/components/molecules/PaymentCard/MPaymentCard.vue
FN:129,(anonymous_2)
FN:132,(anonymous_3)
FN:135,(anonymous_4)
FN:139,(anonymous_5)
FN:143,(anonymous_6)
FNF:5
FNH:5
FNDA:11,(anonymous_2)
FNDA:11,(anonymous_3)
FNDA:11,(anonymous_4)
FNDA:11,(anonymous_5)
FNDA:11,(anonymous_6)
DA:89,1
DA:130,11
DA:133,11
DA:136,11
DA:137,11
DA:140,11
DA:141,11
DA:144,11
LF:8
LH:8
BRDA:137,0,0,2
BRDA:137,0,1,9
BRDA:141,1,0,2
BRDA:141,1,1,9
BRDA:144,2,0,9
BRDA:144,2,1,2
BRF:6
BRH:6
end_of_record
TN:
SF:/Users/gavinfilmer/Documents/projects/bbm-patterns/src/components/molecules/PaymentCard/PaymentCard.stories.js
FN:13,(anonymous_0)
FNF:1
FNH:0
FNDA:0,(anonymous_0)
DA:13,0
LF:1
LH:0
BRF:0
BRH:0
end_of_record
TN:
SF:/Users/gavinfilmer/Documents/projects/bbm-patterns/src/components/molecules/PriceFooter/MPriceFooter.vue
FN:117,(anonymous_2)
FNF:1
FNH:0
FNDA:0,(anonymous_2)
DA:72,1
DA:118,0
LF:2
LH:1
BRF:0
BRH:0
end_of_record
TN:
SF:/Users/gavinfilmer/Documents/projects/bbm-patterns/src/components/molecules/PriceFooter/PriceFooter.stories.js
FN:15,(anonymous_0)
FN:59,(anonymous_1)
FN:66,(anonymous_2)
FN:72,(anonymous_3)
FN:78,(anonymous_4)
FN:84,(anonymous_5)
FN:135,(anonymous_6)
FN:142,(anonymous_7)
FN:148,(anonymous_8)
FN:154,(anonymous_9)
FN:175,(anonymous_10)
FN:224,(anonymous_11)
FN:231,(anonymous_12)
FN:237,(anonymous_13)
FN:243,(anonymous_14)
FNF:15
FNH:0
FNDA:0,(anonymous_0)
FNDA:0,(anonymous_1)
FNDA:0,(anonymous_2)
FNDA:0,(anonymous_3)
FNDA:0,(anonymous_4)
FNDA:0,(anonymous_5)
FNDA:0,(anonymous_6)
FNDA:0,(anonymous_7)
FNDA:0,(anonymous_8)
FNDA:0,(anonymous_9)
FNDA:0,(anonymous_10)
FNDA:0,(anonymous_11)
FNDA:0,(anonymous_12)
FNDA:0,(anonymous_13)
FNDA:0,(anonymous_14)
DA:15,0
DA:61,0
DA:63,0
DA:67,0
DA:73,0
DA:79,0
DA:84,0
DA:137,0
DA:139,0
DA:143,0
DA:149,0
DA:155,0
DA:160,0
DA:167,0
DA:175,0
DA:226,0
DA:228,0
DA:232,0
DA:238,0
DA:244,0
DA:249,0
DA:256,0
LF:22
LH:0
BRDA:61,0,0,0
BRDA:61,0,1,0
BRDA:75,1,0,0
BRDA:75,1,1,0
BRDA:137,2,0,0
BRDA:137,2,1,0
BRDA:151,3,0,0
BRDA:151,3,1,0
BRDA:226,4,0,0
BRDA:226,4,1,0
BRDA:240,5,0,0
BRDA:240,5,1,0
BRF:12
BRH:0
end_of_record
TN:
SF:/Users/gavinfilmer/Documents/projects/bbm-patterns/src/components/molecules/ProgressRing/MProgressRing.vue
FN:48,(anonymous_1)
FN:58,(anonymous_2)
FN:62,(anonymous_3)
FN:65,(anonymous_4)
FNF:4
FNH:0
FNDA:0,(anonymous_1)
FNDA:0,(anonymous_2)
FNDA:0,(anonymous_3)
FNDA:0,(anonymous_4)
DA:49,0
DA:59,0
DA:63,0
DA:66,0
LF:4
LH:0
BRF:0
BRH:0
end_of_record
TN:
SF:/Users/gavinfilmer/Documents/projects/bbm-patterns/src/components/molecules/ProgressRing/ProgressRing.stories.js
FN:51,(anonymous_0)
FN:66,(anonymous_1)
FNF:2
FNH:0
FNDA:0,(anonymous_0)
FNDA:0,(anonymous_1)
DA:4,0
DA:14,0
DA:24,0
DA:35,0
DA:51,0
DA:52,0
DA:67,0
LF:7
LH:0
BRF:0
BRH:0
end_of_record
TN:
SF:/Users/gavinfilmer/Documents/projects/bbm-patterns/src/components/mutt-forms/MuttCurrencyInput/MuttCurrencyInput.stories.js
FN:5,(anonymous_0)
FNF:1
FNH:0
FNDA:0,(anonymous_0)
DA:5,0
LF:1
LH:0
BRF:0
BRH:0
end_of_record
TN:
SF:/Users/gavinfilmer/Documents/projects/bbm-patterns/src/components/mutt-forms/MuttDropdownAutocomplete/MuttDropdownAutocomplete.stories.js
FN:5,(anonymous_0)
FN:31,(anonymous_1)
FNF:2
FNH:0
FNDA:0,(anonymous_0)
FNDA:0,(anonymous_1)
DA:5,0
DA:31,0
LF:2
LH:0
BRF:0
BRH:0
end_of_record
TN:
SF:/Users/gavinfilmer/Documents/projects/bbm-patterns/src/components/mutt-forms/MuttError/MuttError.stories.js
FN:5,(anonymous_0)
FNF:1
FNH:0
FNDA:0,(anonymous_0)
DA:5,0
LF:1
LH:0
BRF:0
BRH:0
end_of_record
TN:
SF:/Users/gavinfilmer/Documents/projects/bbm-patterns/src/components/mutt-forms/MuttFieldWrapper/MuttFieldWrapper.stories.js
FN:5,(anonymous_0)
FN:30,(anonymous_1)
FN:39,(anonymous_2)
FNF:3
FNH:0
FNDA:0,(anonymous_0)
FNDA:0,(anonymous_1)
FNDA:0,(anonymous_2)
DA:5,0
DA:14,0
DA:22,0
DA:30,0
DA:39,0
LF:5
LH:0
BRF:0
BRH:0
end_of_record
TN:
SF:/Users/gavinfilmer/Documents/projects/bbm-patterns/src/components/mutt-forms/MuttForm/MuttForm.stories.js
FN:43,(anonymous_0)
FN:54,(anonymous_1)
FN:65,(anonymous_2)
FNF:3
FNH:0
FNDA:0,(anonymous_0)
FNDA:0,(anonymous_1)
FNDA:0,(anonymous_2)
DA:5,0
DA:43,0
DA:54,0
DA:65,0
LF:4
LH:0
BRF:0
BRH:0
end_of_record
TN:
SF:/Users/gavinfilmer/Documents/projects/bbm-patterns/src/components/mutt-forms/MuttHelp/MuttHelp.stories.js
FN:5,(anonymous_0)
FNF:1
FNH:0
FNDA:0,(anonymous_0)
DA:5,0
LF:1
LH:0
BRF:0
BRH:0
end_of_record
TN:
SF:/Users/gavinfilmer/Documents/projects/bbm-patterns/src/components/mutt-forms/MuttLabel/MuttLabel.stories.js
FN:5,(anonymous_0)
FNF:1
FNH:0
FNDA:0,(anonymous_0)
DA:5,0
LF:1
LH:0
BRF:0
BRH:0
end_of_record
TN:
SF:/Users/gavinfilmer/Documents/projects/bbm-patterns/src/components/mutt-forms/MuttReadonly/MuttReadonly.stories.js
FN:5,(anonymous_0)
FNF:1
FNH:0
FNDA:0,(anonymous_0)
DA:5,0
DA:11,0
LF:2
LH:0
BRF:0
BRH:0
end_of_record
TN:
SF:/Users/gavinfilmer/Documents/projects/bbm-patterns/src/components/mutt-forms/Telephone/Telephone.stories.js
FN:5,(anonymous_0)
FNF:1
FNH:0
FNDA:0,(anonymous_0)
DA:5,0
LF:1
LH:0
BRF:0
BRH:0
end_of_record
TN:
SF:/Users/gavinfilmer/Documents/projects/bbm-patterns/src/components/organisms/Banner/Banner.stories.js
FN:100,(anonymous_0)
FN:104,(anonymous_1)
FN:108,(anonymous_2)
FN:112,(anonymous_3)
FN:132,(anonymous_4)
FN:136,(anonymous_5)
FN:184,(anonymous_6)
FN:196,(anonymous_7)
FN:207,(anonymous_8)
FN:212,(anonymous_9)
FN:242,(anonymous_10)
FN:246,(anonymous_11)
FN:272,(anonymous_12)
FN:282,(anonymous_13)
FNF:14
FNH:0
FNDA:0,(anonymous_0)
FNDA:0,(anonymous_1)
FNDA:0,(anonymous_2)
FNDA:0,(anonymous_3)
FNDA:0,(anonymous_4)
FNDA:0,(anonymous_5)
FNDA:0,(anonymous_6)
FNDA:0,(anonymous_7)
FNDA:0,(anonymous_8)
FNDA:0,(anonymous_9)
FNDA:0,(anonymous_10)
FNDA:0,(anonymous_11)
FNDA:0,(anonymous_12)
FNDA:0,(anonymous_13)
DA:9,0
DA:18,0
DA:46,0
DA:54,0
DA:77,0
DA:100,0
DA:101,0
DA:104,0
DA:108,0
DA:109,0
DA:112,0
DA:116,0
DA:124,0
DA:132,0
DA:133,0
DA:136,0
DA:140,0
DA:158,0
DA:166,0
DA:184,0
DA:185,0
DA:196,0
DA:199,0
DA:207,0
DA:208,0
DA:212,0
DA:216,0
DA:234,0
DA:242,0
DA:243,0
DA:246,0
DA:250,0
DA:264,0
DA:272,0
DA:273,0
DA:282,0
DA:286,0
DA:301,0
LF:38
LH:0
BRF:0
BRH:0
end_of_record
TN:
SF:/Users/gavinfilmer/Documents/projects/bbm-patterns/src/components/organisms/Banner/MBanner.vue
FN:163,(anonymous_2)
FN:170,(anonymous_3)
FN:175,(anonymous_4)
FN:178,(anonymous_5)
FN:184,(anonymous_6)
FNF:5
FNH:4
FNDA:1,(anonymous_2)
FNDA:1,(anonymous_3)
FNDA:1,(anonymous_4)
FNDA:1,(anonymous_5)
FNDA:0,(anonymous_6)
DA:106,1
DA:107,1
DA:108,1
DA:109,1
DA:164,1
DA:171,1
DA:176,1
DA:179,1
DA:180,1
DA:185,0
DA:186,0
DA:187,0
DA:188,0
DA:190,0
LF:14
LH:9
BRDA:185,0,0,0
BRDA:185,0,1,0
BRDA:185,1,0,0
BRDA:185,1,1,0
BRDA:187,2,0,0
BRDA:187,2,1,0
BRDA:187,3,0,0
BRDA:187,3,1,0
BRF:8
BRH:0
end_of_record
TN:
SF:/Users/gavinfilmer/Documents/projects/bbm-patterns/src/components/organisms/ImageTextBlock/ImageTextBlock.stories.js
FN:114,(anonymous_0)
FN:130,(anonymous_1)
FN:134,(anonymous_2)
FN:152,(anonymous_3)
FN:156,(anonymous_4)
FN:171,(anonymous_5)
FN:175,(anonymous_6)
FN:185,(anonymous_7)
FN:189,(anonymous_8)
FN:199,(anonymous_9)
FN:203,(anonymous_10)
FN:207,(anonymous_11)
FN:211,(anonymous_12)
FN:243,(anonymous_13)
FNF:14
FNH:0
FNDA:0,(anonymous_0)
FNDA:0,(anonymous_1)
FNDA:0,(anonymous_2)
FNDA:0,(anonymous_3)
FNDA:0,(anonymous_4)
FNDA:0,(anonymous_5)
FNDA:0,(anonymous_6)
FNDA:0,(anonymous_7)
FNDA:0,(anonymous_8)
FNDA:0,(anonymous_9)
FNDA:0,(anonymous_10)
FNDA:0,(anonymous_11)
FNDA:0,(anonymous_12)
FNDA:0,(anonymous_13)
DA:9,0
DA:20,0
DA:32,0
DA:41,0
DA:56,0
DA:69,0
DA:87,0
DA:101,0
DA:114,0
DA:115,0
DA:130,0
DA:134,0
DA:135,0
DA:152,0
DA:156,0
DA:157,0
DA:171,0
DA:175,0
DA:176,0
DA:185,0
DA:189,0
DA:190,0
DA:199,0
DA:203,0
DA:204,0
DA:207,0
DA:211,0
DA:212,0
DA:243,0
DA:247,0
DA:260,0
LF:31
LH:0
BRF:0
BRH:0
end_of_record
TN:
SF:/Users/gavinfilmer/Documents/projects/bbm-patterns/src/components/organisms/ImageTextBlock/MImageTextBlock.vue
FN:122,(anonymous_2)
FN:125,(anonymous_3)
FN:132,(anonymous_4)
FNF:3
FNH:3
FNDA:1,(anonymous_2)
FNDA:1,(anonymous_3)
FNDA:1,(anonymous_4)
DA:66,1
DA:67,1
DA:68,1
DA:123,1
DA:126,1
DA:133,1
LF:6
LH:6
BRF:0
BRH:0
end_of_record
TN:
SF:/Users/gavinfilmer/Documents/projects/bbm-patterns/src/components/organisms/LoadingQuote/LoadingQuote.stories.js
FN:11,(anonymous_0)
FN:13,(anonymous_1)
FN:27,(anonymous_2)
FN:29,(anonymous_3)
FNF:4
FNH:0
FNDA:0,(anonymous_0)
FNDA:0,(anonymous_1)
FNDA:0,(anonymous_2)
FNDA:0,(anonymous_3)
DA:11,0
DA:14,0
DA:27,0
DA:30,0
LF:4
LH:0
BRF:0
BRH:0
end_of_record
TN:
SF:/Users/gavinfilmer/Documents/projects/bbm-patterns/src/components/organisms/LoadingQuote/MLoadingQuote.vue
FN:44,(anonymous_2)
FN:50,(anonymous_3)
FN:53,(anonymous_4)
FN:57,(anonymous_5)
FN:58,(anonymous_6)
FNF:5
FNH:3
FNDA:2,(anonymous_2)
FNDA:0,(anonymous_3)
FNDA:2,(anonymous_4)
FNDA:2,(anonymous_5)
FNDA:0,(anonymous_6)
DA:23,1
DA:24,1
DA:26,1
DA:45,2
DA:51,0
DA:54,2
DA:58,2
DA:59,0
DA:60,0
DA:61,0
LF:10
LH:6
BRF:0
BRH:0
end_of_record
TN:
SF:/Users/gavinfilmer/Documents/projects/bbm-patterns/src/components/organisms/NewsArticle/MNewsArticle.vue
FN:42,(anonymous_2)
FNF:1
FNH:0
FNDA:0,(anonymous_2)
DA:26,0
DA:43,0
LF:2
LH:0
BRF:0
BRH:0
end_of_record
TN:
SF:/Users/gavinfilmer/Documents/projects/bbm-patterns/src/components/organisms/NewsArticle/NewsArticle.stories.js
FN:46,(anonymous_0)
FN:88,(anonymous_1)
FN:112,(anonymous_2)
FN:129,(anonymous_3)
FNF:4
FNH:0
FNDA:0,(anonymous_0)
FNDA:0,(anonymous_1)
FNDA:0,(anonymous_2)
FNDA:0,(anonymous_3)
DA:9,0
DA:16,0
DA:24,0
DA:32,0
DA:46,0
DA:47,0
DA:88,0
DA:92,0
DA:104,0
DA:112,0
DA:113,0
DA:129,0
DA:138,0
LF:13
LH:0
BRF:0
BRH:0
end_of_record
TN:
SF:/Users/gavinfilmer/Documents/projects/bbm-patterns/src/components/organisms/Paws/Paws.stories.js
FN:8,(anonymous_0)
FNF:1
FNH:0
FNDA:0,(anonymous_0)
DA:8,0
LF:1
LH:0
BRF:0
BRH:0
end_of_record
TN:
SF:/Users/gavinfilmer/Documents/projects/bbm-patterns/src/components/organisms/PetSummary/MPetSummary.vue
FN:102,(anonymous_2)
FN:106,(anonymous_3)
FNF:2
FNH:2
FNDA:3,(anonymous_2)
FNDA:3,(anonymous_3)
DA:60,1
DA:61,1
DA:62,1
DA:63,1
DA:65,1
DA:66,1
DA:103,3
DA:104,3
DA:107,3
LF:9
LH:9
BRDA:103,0,0,0
BRDA:103,0,1,3
BRDA:107,1,0,3
BRDA:107,1,1,3
BRDA:107,1,2,3
BRF:5
BRH:4
end_of_record
TN:
SF:/Users/gavinfilmer/Documents/projects/bbm-patterns/src/components/organisms/PetSummary/PetSummary.stories.js
FN:8,(anonymous_0)
FN:27,(anonymous_1)
FN:33,(anonymous_2)
FN:51,(anonymous_3)
FN:56,(anonymous_4)
FN:72,(anonymous_5)
FNF:6
FNH:0
FNDA:0,(anonymous_0)
FNDA:0,(anonymous_1)
FNDA:0,(anonymous_2)
FNDA:0,(anonymous_3)
FNDA:0,(anonymous_4)
FNDA:0,(anonymous_5)
DA:8,0
DA:28,0
DA:33,0
DA:52,0
DA:56,0
DA:73,0
LF:6
LH:0
BRF:0
BRH:0
end_of_record
TN:
SF:/Users/gavinfilmer/Documents/projects/bbm-patterns/src/components/organisms/PolicyTable/MPolicyTable.vue
FN:86,(anonymous_2)
FN:87,(anonymous_3)
FN:94,(anonymous_4)
FN:103,(anonymous_5)
FN:106,(anonymous_6)
FN:112,(anonymous_7)
FNF:6
FNH:2
FNDA:0,(anonymous_2)
FNDA:1,(anonymous_3)
FNDA:0,(anonymous_4)
FNDA:0,(anonymous_5)
FNDA:0,(anonymous_6)
FNDA:12,(anonymous_7)
DA:74,1
DA:75,1
DA:86,0
DA:89,1
DA:94,0
DA:104,0
DA:107,0
DA:114,12
LF:8
LH:4
BRDA:89,0,0,1
BRDA:89,0,1,1
BRF:2
BRH:2
end_of_record
TN:
SF:/Users/gavinfilmer/Documents/projects/bbm-patterns/src/components/organisms/PolicyTable/MPolicyTableFooter.vue
FNF:0
FNH:0
DA:35,0
LF:1
LH:0
BRF:0
BRH:0
end_of_record
TN:
SF:/Users/gavinfilmer/Documents/projects/bbm-patterns/src/components/organisms/PolicyTable/MPolicyTableHeader.vue
FNF:0
FNH:0
DA:26,0
LF:1
LH:0
BRF:0
BRH:0
end_of_record
TN:
SF:/Users/gavinfilmer/Documents/projects/bbm-patterns/src/components/organisms/PolicyTable/PolicyTable.stories.js
FN:72,(anonymous_0)
FN:115,(anonymous_1)
FNF:2
FNH:0
FNDA:0,(anonymous_0)
FNDA:0,(anonymous_1)
DA:17,0
DA:23,0
DA:72,0
DA:73,0
DA:115,0
LF:5
LH:0
BRF:0
BRH:0
end_of_record
TN:
SF:/Users/gavinfilmer/Documents/projects/bbm-patterns/src/components/organisms/SearchForm/MSearchForm.vue
FN:52,(anonymous_2)
FN:57,(anonymous_3)
FNF:2
FNH:0
FNDA:0,(anonymous_2)
FNDA:0,(anonymous_3)
DA:33,0
DA:54,0
DA:58,0
DA:59,0
DA:60,0
DA:61,0
LF:6
LH:0
BRDA:59,0,0,0
BRDA:59,0,1,0
BRF:2
BRH:0
end_of_record
TN:
SF:/Users/gavinfilmer/Documents/projects/bbm-patterns/src/components/organisms/SearchForm/SearchForm.stories.js
FN:8,(anonymous_0)
FN:19,(anonymous_1)
FNF:2
FNH:0
FNDA:0,(anonymous_0)
FNDA:0,(anonymous_1)
DA:8,0
DA:9,0
DA:19,0
DA:20,0
LF:4
LH:0
BRF:0
BRH:0
end_of_record
TN:
SF:/Users/gavinfilmer/Documents/projects/bbm-patterns/src/components/organisms/SiteFooter/MSeSiteFooter.vue
FN:50,(anonymous_2)
FNF:1
FNH:1
FNDA:4,(anonymous_2)
DA:24,1
DA:25,1
DA:51,4
LF:3
LH:3
BRF:0
BRH:0
end_of_record
TN:
SF:/Users/gavinfilmer/Documents/projects/bbm-patterns/src/components/organisms/SiteFooter/MSiteFooter.vue
FN:26,(anonymous_2)
FNF:1
FNH:1
FNDA:1,(anonymous_2)
DA:20,1
DA:27,1
LF:2
LH:2
BRF:0
BRH:0
end_of_record
TN:
SF:/Users/gavinfilmer/Documents/projects/bbm-patterns/src/components/organisms/SiteFooter/MSiteFooterBase.vue
FN:33,(anonymous_1)
FNF:1
FNH:0
FNDA:0,(anonymous_1)
DA:33,0
LF:1
LH:0
BRF:0
BRH:0
end_of_record
TN:
SF:/Users/gavinfilmer/Documents/projects/bbm-patterns/src/components/organisms/SiteFooter/SiteFooter.stories.js
FN:12,(anonymous_0)
FN:23,(anonymous_1)
FNF:2
FNH:0
FNDA:0,(anonymous_0)
FNDA:0,(anonymous_1)
DA:12,0
DA:13,0
DA:19,0
DA:23,0
DA:24,0
DA:39,0
LF:6
LH:0
BRF:0
BRH:0
end_of_record
TN:
SF:/Users/gavinfilmer/Documents/projects/bbm-patterns/src/components/organisms/SiteHeader/MSeSiteHeader.vue
FN:343,(anonymous_2)
FNF:1
FNH:1
FNDA:2,(anonymous_2)
DA:317,1
DA:318,1
DA:319,1
DA:320,1
DA:321,1
DA:344,2
DA:345,1
DA:346,1
DA:348,1
LF:9
LH:9
BRDA:344,0,0,1
BRDA:344,0,1,1
BRF:2
BRH:2
end_of_record
TN:
SF:/Users/gavinfilmer/Documents/projects/bbm-patterns/src/components/organisms/SiteHeader/MSiteHeader.vue
FN:290,(anonymous_2)
FNF:1
FNH:1
FNDA:2,(anonymous_2)
DA:273,1
DA:274,1
DA:275,1
DA:276,1
DA:277,1
DA:291,2
DA:292,1
DA:293,1
DA:295,1
LF:9
LH:9
BRDA:291,0,0,1
BRDA:291,0,1,1
BRF:2
BRH:2
end_of_record
TN:
SF:/Users/gavinfilmer/Documents/projects/bbm-patterns/src/components/organisms/SiteHeader/SiteHeader.stories.js
FN:29,(anonymous_0)
FN:99,(anonymous_1)
FNF:2
FNH:0
FNDA:0,(anonymous_0)
FNDA:0,(anonymous_1)
DA:5,0
DA:29,0
DA:99,0
LF:3
LH:0
BRF:0
BRH:0
end_of_record
TN:
SF:/Users/gavinfilmer/Documents/projects/bbm-patterns/src/components/organisms/SocialLinks/MSocialLinks.vue
FN:38,(anonymous_2)
FN:65,(anonymous_3)
FNF:2
FNH:0
FNDA:0,(anonymous_2)
FNDA:0,(anonymous_3)
DA:21,0
DA:22,0
DA:23,0
DA:24,0
DA:25,0
DA:38,0
DA:65,0
LF:7
LH:0
BRDA:65,0,0,0
BRDA:65,0,1,0
BRDA:65,0,2,0
BRF:3
BRH:0
end_of_record
TN:
SF:/Users/gavinfilmer/Documents/projects/bbm-patterns/src/components/organisms/SocialLinks/SocialLinks.stories.js
FN:23,(anonymous_0)
FNF:1
FNH:0
FNDA:0,(anonymous_0)
DA:3,0
DA:23,0
DA:24,0
LF:3
LH:0
BRF:0
BRH:0
end_of_record
TN:
SF:/Users/gavinfilmer/Documents/projects/bbm-patterns/src/components/organisms/TabbedContent/MTabbedContent.vue
FN:50,(anonymous_2)
FN:58,(anonymous_3)
FN:65,(anonymous_4)
FN:71,(anonymous_5)
FN:72,(anonymous_6)
FNF:5
FNH:0
FNDA:0,(anonymous_2)
FNDA:0,(anonymous_3)
FNDA:0,(anonymous_4)
FNDA:0,(anonymous_5)
FNDA:0,(anonymous_6)
DA:37,0
DA:51,0
DA:60,0
DA:66,0
DA:72,0
LF:5
LH:0
BRDA:67,0,0,0
BRDA:67,0,1,0
BRF:2
BRH:0
end_of_record
TN:
SF:/Users/gavinfilmer/Documents/projects/bbm-patterns/src/components/organisms/TabbedContent/TabbedContent.stories.js
FN:81,(anonymous_0)
FN:97,(anonymous_1)
FN:118,(anonymous_2)
FN:126,(anonymous_3)
FNF:4
FNH:0
FNDA:0,(anonymous_0)
FNDA:0,(anonymous_1)
FNDA:0,(anonymous_2)
FNDA:0,(anonymous_3)
DA:4,0
DA:43,0
DA:81,0
DA:82,0
DA:97,0
DA:101,0
DA:110,0
DA:118,0
DA:119,0
DA:126,0
DA:130,0
DA:139,0
LF:12
LH:0
BRF:0
BRH:0
end_of_record
TN:
SF:/Users/gavinfilmer/Documents/projects/bbm-patterns/src/components/organisms/Testimonial/MTestimonial.vue
FN:70,(anonymous_2)
FN:73,(anonymous_3)
FN:142,(anonymous_4)
FN:145,(anonymous_5)
FNF:4
FNH:0
FNDA:0,(anonymous_2)
FNDA:0,(anonymous_3)
FNDA:0,(anonymous_4)
FNDA:0,(anonymous_5)
DA:53,0
DA:54,0
DA:71,0
DA:74,0
DA:143,0
DA:146,0
DA:147,0
DA:148,0
DA:149,0
DA:150,0
DA:153,0
LF:11
LH:0
BRDA:147,0,0,0
BRDA:147,0,1,0
BRDA:149,1,0,0
BRDA:149,1,1,0
BRF:4
BRH:0
end_of_record
TN:
SF:/Users/gavinfilmer/Documents/projects/bbm-patterns/src/components/organisms/Testimonial/Testimonial.stories.js
FN:82,(anonymous_0)
FN:90,(anonymous_1)
FN:94,(anonymous_2)
FN:102,(anonymous_3)
FN:106,(anonymous_4)
FN:114,(anonymous_5)
FNF:6
FNH:0
FNDA:0,(anonymous_0)
FNDA:0,(anonymous_1)
FNDA:0,(anonymous_2)
FNDA:0,(anonymous_3)
FNDA:0,(anonymous_4)
FNDA:0,(anonymous_5)
DA:7,0
DA:19,0
DA:30,0
DA:41,0
DA:82,0
DA:83,0
DA:90,0
DA:94,0
DA:95,0
DA:102,0
DA:106,0
DA:107,0
DA:114,0
LF:13
LH:0
BRF:0
BRH:0
end_of_record
